
   Number of threads specified in $smp_cpus =   8

 rirpa (c-9-374) : TURBOMOLE rev. V7-4-initial-tag-1259-gd9f9913 compiled 4 Feb 2020 at 15:02:22
 Copyright (C) 2020 TURBOMOLE GmbH, Karlsruhe


    2020-04-23 11:57:46.314 

 
 
    *************************************************************************
    *************************** PROGRAM RIRPA *******************************
    ******                                                             ******
    ******              H. Eshuis, J. E. Bates and F. Furche           ******
    ******                                                             ******
    ****** Nov 2011                                                    ******
    ****** Copyright TURBOMOLE GmbH                                    ******
    *************************************************************************
    
    
                                References:                                  
    
                   RIRPA:                                                    
                     H. Eshuis, J. Yarkony, and F. Furche                    
                     Fast Computation of Molecular Random Phase              
                     Approximation Correlation Energies Using Resolution     
                     of the Identity and Imaginary Frequency Integration     
                     J. Chem. Phys. 132: 234114 (2010)                       
    
                     H. Eshuis, J. E. Bates, and F. Furche                   
                     Electron Correlation Methods Based on                   
                     the Random Phase Approximation                          
                     Theor. Chem. Acc.  131: 1084 (2012)                     
    
                     G. P. Chen, V. K. Voora, M. M. Agee,                    
                     S. G. Balasubramani, and F. Furche                      
                     Random-Phase Approximation Methods                      
                     Annu. Rev. Phys. Chem. 68: 421 (2017)                   
    
                   TWO-COMPONENT RIRPA:                                      
                     M. Kuehn                                                
                     Correlation Energies from the                           
                     Two-Component Random-Phase Approximation                
                     J. Chem. Theory Comput. 10: 623 (2014)                  
    
                   RIRPA GRADIENTS:                                          
                     A. M. Burow, J. E. Bates, F. Furche*, and H. Eshuis     
                     Analytical First-Order Molecular Properties and Forces  
                     within the Adiabatic Connection Random Phase            
                     Approximation                                           
                     J. Chem. Theory Comput. 10: 180 (2014)                  
    
                   RI-AXK/RI-ACSOSEX/RI-ACSOX:                               
                     G. P. Chen, M. M. Agee, and F. Furche                   
                     Performance and Scope of Perturbative Corrections to    
                     Random-Phase Approximation Energies                     
                     J. Chem. Theory Comput. 14: 5701 (2018)                 
    
                   GKS-RPA:                                                  
                     V. K. Voora, S. G. Balasubramani, and F. Furche         
                     Variational Generalized Kohn-Sham Approach Combining    
                     the Random-Phase-Approximation and Green’s-Function     
                     Methods                                                 
                     Phys. Rev. A (accepted)                                 
    
    
    
      ... OpenMP parallelization enabled, threads:    8

   *-----------------------------------------------------------------------*
   |                     program will use  8 thread(s)                     |
   *-----------------------------------------------------------------------*

 MAXIMUM CORE MEMORY WHICH CAN BE ALLOCATED DYNAMICALLY = 20000 MiB
              ( or 2621440000 double words per process)

 
                FOUND RI-J FLAG
 
  HF exact exchange energy will be computed using RI-J.
  ****************************************
  **  Orbital Optimized RPA Calculation **
  ****************************************


              +--------------------------------------------------+
              | Atomic coordinate, charge and isotop information |
              +--------------------------------------------------+

                    atomic coordinates            atom    charge  isotop
          6.19523026    1.76411488    0.00000000    c      6.000     0
          3.45579894    1.02070718    0.00000000    c      6.000     0
          7.12365163    0.96968289   -1.66166115    h      1.000     0
          7.12365163    0.96968289    1.66166115    h      1.000     0
          6.36946141    3.80953431    0.00000000    h      1.000     0
          3.09891562   -1.44447825    0.00000000    o      8.000     0
          1.73413625    2.58030095    0.00000000    o      8.000     0
          1.23165949   -1.84598387    0.00000000    h      1.000     0
         -7.12365163   -0.96968289   -1.66166115    h      1.000     0
         -3.09891562    1.44447825    0.00000000    o      8.000     0
         -3.45579894   -1.02070718    0.00000000    c      6.000     0
         -6.19523026   -1.76411488    0.00000000    c      6.000     0
         -7.12365163   -0.96968289    1.66166115    h      1.000     0
         -1.23165949    1.84598387    0.00000000    h      1.000     0
         -6.36946141   -3.80953431    0.00000000    h      1.000     0
         -1.73413625   -2.58030095    0.00000000    o      8.000     0
 
       center of nuclear mass  :    0.00000000    0.00000000    0.00000000
       center of nuclear charge:   -0.00000000    0.00000000    0.00000000
              +-------------------------------------------------+
              |        Rotational Constants Section             |
              +-------------------------------------------------+
                                   Center of Mass [a.u]:
               0.00000000000000         0.00000000000000         0.00000000000000
                     Principal Moments of Inertia [a.u.]
             320.21249044583215      2023.42337638155095      2321.37087560705095
                       Rotational constants A,B,C [a.u.]
               0.00156146313751         0.00024710597191         0.00021538996860
                     Rotational constants A,B,C [cm**-1]
               0.18799918270719         0.02975140408040         0.02593281716809
                        Rotational constants A,B,C [MHz]
            5636.07370857806654       891.92465582138504       777.44630016869246

   * BASIS SET information:

              +--------------------------------------------------+
              |               basis set information              |
              +--------------------------------------------------+

              we will work with the 1s 3p 5d 7f 9g ... basis set
              ...i.e. with spherical basis functions...

   type   atoms  prim   cont   basis
   ---------------------------------------------------------------------------
    c        4     46     31   def2-TZVPP   [5s3p2d1f|11s6p2d1f]
    h        8     16     14   def2-TZVPP   [3s2p1d|5s2p1d]
    o        4     46     31   def2-TZVPP   [5s3p2d1f|11s6p2d1f]
   ---------------------------------------------------------------------------
   total:   16    496    360
   ---------------------------------------------------------------------------

   total number of primitive shells          :   48
   total number of contracted shells         :  136
   total number of cartesian basis functions :  408
   total number of SCF-basis functions       :  360


   * AUXILIARY BASIS SET information:

              +--------------------------------------------------+
              |               basis set information              |
              +--------------------------------------------------+

              we will work with the 1s 3p 5d 7f 9g ... basis set
              ...i.e. with spherical basis functions...

   type   atoms  prim   cont   basis
   ---------------------------------------------------------------------------
    c        4     81     76   def2-TZVPP   [8s6p4d3f1g|8s6p5d3f1g]
    h        8     30     30   def2-TZVPP   [4s3p2d1f|4s3p2d1f]
    o        4     81     76   def2-TZVPP   [8s6p4d3f1g|8s6p5d3f1g]
   ---------------------------------------------------------------------------
   total:   16    888    848
   ---------------------------------------------------------------------------

   total number of primitive shells          :   56
   total number of contracted shells         :  256
   total number of cartesian basis functions : 1040
   total number of SCF-basis functions       :  848


   * RIJ AUXILIARY BASIS SET information:

              +--------------------------------------------------+
              |               basis set information              |
              +--------------------------------------------------+

              we will work with the 1s 3p 5d 7f 9g ... basis set
              ...i.e. with spherical basis functions...

   type   atoms  prim   cont   basis
   ---------------------------------------------------------------------------
    c        4     70     49   def2-TZVPP   [6s4p3d1f1g|12s5p4d2f1g]
    h        8     16     11   def2-TZVPP   [3s1p1d|5s2p1d]
    o        4     70     49   def2-TZVPP   [6s4p3d1f1g|12s5p4d2f1g]
   ---------------------------------------------------------------------------
   total:   16    688    480
   ---------------------------------------------------------------------------

   total number of primitive shells          :   56
   total number of contracted shells         :  160
   total number of cartesian basis functions :  584
   total number of SCF-basis functions       :  480


 reading orbital data $scfmo  from file mos
 orbital characterization : scfconv=8

    mo occupation :
   irrep   mo's   occupied
    a      360       32
 
 number of basis functions   :   360
 number of occupied orbitals :    32
 

 integral neglect threshold       :  0.46E+02

 scfconv                     8

 there are 1 real representations :   a   

 maximum number of shells which are related by symmetry :  1

 time elapsed for calculating density matrices :   0.006 sec
 all orbitals will be active in the correlation treatment

     total memory allocated for calculation of (Q|P)**(-1/2) : 9 MiB


     calculation of (P|Q) ...
     time in lp2sym        cpu:  0.17 sec    wall:  0.26 sec    ratio:  0.7


     calculation of the Cholesky decomposition of (P|Q)**(-1) ...
     time in invmetri      cpu:  0.49 sec    wall:  0.06 sec    ratio:  7.8

   threshold for RMS(d[D]) in SCF was     :  0.10E-08
   integral neglect threshold             :  0.10E-19
   derivative integral neglect threshold  :  0.10E-06


 setting up bound for integral derivative estimation

 increment for numerical differentiation : 0.00050000
 Allocatable memory for RI due to $ricore (MB):                  1000

 there are 1 real representations :   a   

 maximum number of shells which are related by symmetry :  1

  
           ------------------------
               RI-J - INFORMATION
           ------------------------
 Contributions to RI integral batches: 
  neglected integral batches:                   884
  direct contribution:                            0
  memory contribution:                  8432

          ------------------------
          nuclear repulsion energy  :   382.674810393    
          ------------------------


         -----------------
         -S,T+V- integrals
         -----------------

 1e-integrals will be neglected if expon. factor < 0.100000E-19

 residuum convergence criterium   :  0.10E-04


 integral neglect threshold       :  0.10E-19
 integral storage threshold THIZE :  0.10E-04
 integral storage threshold THIME :         5


 WARNING : cannot change filename for statistics 
  
           ------------------
           density functional
           ------------------
 PBE functional
 exchange:    LDA + PBE
 correlation: LDA (PW) + PBE

 spherical integration : Lebedev's spherical grid
 spherical gridsize    :                     4
    i.e. gridpoints    :                   434
 value for diffuse not defined
 radial integration    : Chebyshev 2nd kind (scaling 3)
 radial gridsize       :                     6
 integration cells     :                    16
 partition function    : becke
 partition sharpness   :                     3
  
 preparing numerical integration ....
          Overall gridpoints after grid construction =        156344

          IRREP   tensor space dimension   number of roots

           a             10496                   1
 Orbital optimization will be carried out

 Calculating ground state density on molecular grid

 Integral of ground state density: N =   64.00000795017523    


          Overall gridpoints after grid construction =        156344
 number of passes for ispin    1
 =    1
 
            -----------------------------
            Complex frequency integration
            -----------------------------
 
 Number of Clenshaw-Curtis nodes:                   1600
 Optimized scaling parameter    :    1.00000000000000     
 Sensitivity measure            :  -2.537053900297792E-012
 
 Contributions to RI integral batches: 
  neglected integral batches:                   930
  direct contribution:                         8386
  memory contribution:                     0

                  --------------------------------------------------- 
                 |  HXX+RIRPA total energy     =   -458.52750089322  |
                  ---------------------------------------------------- 
                 :  RIRPA correlation energy   =     -2.78649480851  :
                 :  HXX total energy           =   -455.74100608471  :
                 :  Hartree energy             =    603.02577313605  :
                 :  Exact Exchange energy      =    -56.42377243928  :
                  .................................................... 

          max. resid. norm for Fia-block=  9.044D-02 for orbital      2a         
          max. resid. fock norm         =  2.065D-01 for orbital    359a         
          Overall gridpoints after grid construction =        156344

 orbitals $scfmo  will be written to file mos
          Overall gridpoints after grid construction =        156344
                            current damping = 0.650
 time elapsed for calculating density matrices :   0.074 sec
 all orbitals will be active in the correlation treatment

 Calculating ground state density on molecular grid

 Integral of ground state density: N =   64.00000705673101    


 Contributions to RI integral batches: 
  neglected integral batches:                   930
  direct contribution:                         8386
  memory contribution:                     0

                  --------------------------------------------------- 
                 |  HXX+RIRPA total energy     =   -458.55553548553  |
                  ---------------------------------------------------- 
                 :  RIRPA correlation energy   =     -2.76160459668  :
                 :  HXX total energy           =   -455.79393088885  :
                 :  Hartree energy             =    602.75493639565  :
                 :  Exact Exchange energy      =    -56.50791800094  :
                  .................................................... 

          Norm of current diis error: 0.36963    
          max. resid. norm for Fia-block=  3.991D-02 for orbital      2a         
          max. resid. fock norm         =  1.963D-01 for orbital    359a         
          Overall gridpoints after grid construction =        156344

 orbitals $scfmo  will be written to file mos
          Overall gridpoints after grid construction =        156344
                            current damping = 0.550
 time elapsed for calculating density matrices :   0.047 sec
 all orbitals will be active in the correlation treatment

 Calculating ground state density on molecular grid

 Integral of ground state density: N =   64.00000652580678    


 Contributions to RI integral batches: 
  neglected integral batches:                   930
  direct contribution:                         8386
  memory contribution:                     0

                  --------------------------------------------------- 
                 |  HXX+RIRPA total energy     =   -458.56196996089  |
                  ---------------------------------------------------- 
                 :  RIRPA correlation energy   =     -2.75062808206  :
                 :  HXX total energy           =   -455.81134187883  :
                 :  Hartree energy             =    602.76398419367  :
                 :  Exact Exchange energy      =    -56.53894973608  :
                  .................................................... 

          Norm of current diis error: 0.16014    
          max. resid. norm for Fia-block=  1.700D-02 for orbital      4a         
          max. resid. fock norm         =  1.938D-01 for orbital    359a         
          Overall gridpoints after grid construction =        156344

 orbitals $scfmo  will be written to file mos
          Overall gridpoints after grid construction =        156344
                            current damping = 0.450
 time elapsed for calculating density matrices :   0.062 sec
 all orbitals will be active in the correlation treatment

 Calculating ground state density on molecular grid

 Integral of ground state density: N =   64.00000621125099    


 Contributions to RI integral batches: 
  neglected integral batches:                   930
  direct contribution:                         8386
  memory contribution:                     0

                  --------------------------------------------------- 
                 |  HXX+RIRPA total energy     =   -458.56337747058  |
                  ---------------------------------------------------- 
                 :  RIRPA correlation energy   =     -2.74453228475  :
                 :  HXX total energy           =   -455.81884518583  :
                 :  Hartree energy             =    602.82580338924  :
                 :  Exact Exchange energy      =    -56.57307852761  :
                  .................................................... 

          Norm of current diis error: 0.55941E-01
          max. resid. norm for Fia-block=  5.579D-03 for orbital      2a         
          max. resid. fock norm         =  1.936D-01 for orbital    359a         
          Overall gridpoints after grid construction =        156344

 orbitals $scfmo  will be written to file mos
          Overall gridpoints after grid construction =        156344
                            current damping = 0.350
 time elapsed for calculating density matrices :   0.074 sec
 all orbitals will be active in the correlation treatment

 Calculating ground state density on molecular grid

 Integral of ground state density: N =   64.00000612990348    


 Contributions to RI integral batches: 
  neglected integral batches:                   930
  direct contribution:                         8386
  memory contribution:                     0

                  --------------------------------------------------- 
                 |  HXX+RIRPA total energy     =   -458.56355990124  |
                  ---------------------------------------------------- 
                 :  RIRPA correlation energy   =     -2.74246413471  :
                 :  HXX total energy           =   -455.82109576653  :
                 :  Hartree energy             =    602.80413933586  :
                 :  Exact Exchange energy      =    -56.57777908844  :
                  .................................................... 

          Norm of current diis error: 0.18072E-01
          max. resid. norm for Fia-block=  1.714D-03 for orbital      3a         
          max. resid. fock norm         =  1.937D-01 for orbital    359a         
          Overall gridpoints after grid construction =        156344

 orbitals $scfmo  will be written to file mos
          Overall gridpoints after grid construction =        156344
                            current damping = 0.250
 time elapsed for calculating density matrices :   0.047 sec
 all orbitals will be active in the correlation treatment

 Calculating ground state density on molecular grid

 Integral of ground state density: N =   64.00000609502258    


 Contributions to RI integral batches: 
  neglected integral batches:                   930
  direct contribution:                         8386
  memory contribution:                     0

                  --------------------------------------------------- 
                 |  HXX+RIRPA total energy     =   -458.56358035458  |
                  ---------------------------------------------------- 
                 :  RIRPA correlation energy   =     -2.74177363430  :
                 :  HXX total energy           =   -455.82180672027  :
                 :  Hartree energy             =    602.81178056004  :
                 :  Exact Exchange energy      =    -56.58152316064  :
                  .................................................... 

          Norm of current diis error: 0.50926E-02
          max. resid. norm for Fia-block=  4.856D-04 for orbital     30a         
          max. resid. fock norm         =  1.937D-01 for orbital    359a         
          Overall gridpoints after grid construction =        156344

 orbitals $scfmo  will be written to file mos
          Overall gridpoints after grid construction =        156344
                            current damping = 0.150
 time elapsed for calculating density matrices :   0.070 sec
 all orbitals will be active in the correlation treatment

 Calculating ground state density on molecular grid

 Integral of ground state density: N =   64.00000608920365    


 Contributions to RI integral batches: 
  neglected integral batches:                   930
  direct contribution:                         8386
  memory contribution:                     0

                  --------------------------------------------------- 
                 |  HXX+RIRPA total energy     =   -458.56358255251  |
                  ---------------------------------------------------- 
                 :  RIRPA correlation energy   =     -2.74159880319  :
                 :  HXX total energy           =   -455.82198374933  :
                 :  Hartree energy             =    602.81144455860  :
                 :  Exact Exchange energy      =    -56.58223006962  :
                  .................................................... 

          Norm of current diis error: 0.19353E-02
          max. resid. norm for Fia-block=  1.583D-04 for orbital     31a         
          max. resid. fock norm         =  1.937D-01 for orbital    359a         
          Overall gridpoints after grid construction =        156344

 orbitals $scfmo  will be written to file mos
          Overall gridpoints after grid construction =        156344
                            current damping = 0.050
 time elapsed for calculating density matrices :   0.039 sec
 all orbitals will be active in the correlation treatment

 Calculating ground state density on molecular grid

 Integral of ground state density: N =   64.00000608821249    


 Contributions to RI integral batches: 
  neglected integral batches:                   930
  direct contribution:                         8386
  memory contribution:                     0

                  --------------------------------------------------- 
                 |  HXX+RIRPA total energy     =   -458.56358290283  |
                  ---------------------------------------------------- 
                 :  RIRPA correlation energy   =     -2.74156016992  :
                 :  HXX total energy           =   -455.82202273291  :
                 :  Hartree energy             =    602.81090696803  :
                 :  Exact Exchange energy      =    -56.58231088439  :
                  .................................................... 

          Norm of current diis error: 0.62964E-03
          max. resid. norm for Fia-block=  1.050D-04 for orbital     30a         
          max. resid. fock norm         =  1.937D-01 for orbital    359a         
          Overall gridpoints after grid construction =        156344

 orbitals $scfmo  will be written to file mos
          Overall gridpoints after grid construction =        156344
                            current damping = 0.050
 time elapsed for calculating density matrices :   0.070 sec
 all orbitals will be active in the correlation treatment

 Calculating ground state density on molecular grid

 Integral of ground state density: N =   64.00000608785875    


 Contributions to RI integral batches: 
  neglected integral batches:                   930
  direct contribution:                         8386
  memory contribution:                     0

                  --------------------------------------------------- 
                 |  HXX+RIRPA total energy     =   -458.56358298227  |
                  ---------------------------------------------------- 
                 :  RIRPA correlation energy   =     -2.74155068177  :
                 :  HXX total energy           =   -455.82203230050  :
                 :  Hartree energy             =    602.81140527083  :
                 :  Exact Exchange energy      =    -56.58243492839  :
                  .................................................... 

          Norm of current diis error: 0.31411E-03
          max. resid. norm for Fia-block=  4.804D-05 for orbital     30a         
          max. resid. fock norm         =  1.937D-01 for orbital    359a         
          Overall gridpoints after grid construction =        156344

 orbitals $scfmo  will be written to file mos
          Overall gridpoints after grid construction =        156344
                            current damping = 0.050
 time elapsed for calculating density matrices :   0.078 sec
 all orbitals will be active in the correlation treatment

 Calculating ground state density on molecular grid

 Integral of ground state density: N =   64.00000608790120    


 Contributions to RI integral batches: 
  neglected integral batches:                   930
  direct contribution:                         8386
  memory contribution:                     0

                  --------------------------------------------------- 
                 |  HXX+RIRPA total energy     =   -458.56358299949  |
                  ---------------------------------------------------- 
                 :  RIRPA correlation energy   =     -2.74154835641  :
                 :  HXX total energy           =   -455.82203464309  :
                 :  Hartree energy             =    602.81114150529  :
                 :  Exact Exchange energy      =    -56.58240505552  :
                  .................................................... 

          Norm of current diis error: 0.10930E-03
          max. resid. norm for Fia-block=  2.101D-05 for orbital     30a         
          max. resid. fock norm         =  1.937D-01 for orbital    359a         
          Overall gridpoints after grid construction =        156344

 orbitals $scfmo  will be written to file mos
          Overall gridpoints after grid construction =        156344
                            current damping = 0.050
 time elapsed for calculating density matrices :   0.039 sec
 all orbitals will be active in the correlation treatment

 Calculating ground state density on molecular grid

 Integral of ground state density: N =   64.00000608775545    


 Contributions to RI integral batches: 
  neglected integral batches:                   930
  direct contribution:                         8386
  memory contribution:                     0

                  --------------------------------------------------- 
                 |  HXX+RIRPA total energy     =   -458.56358300192  |
                  ---------------------------------------------------- 
                 :  RIRPA correlation energy   =     -2.74154728685  :
                 :  HXX total energy           =   -455.82203571507  :
                 :  Hartree energy             =    602.81127548565  :
                 :  Exact Exchange energy      =    -56.58243039601  :
                  .................................................... 

          Norm of current diis error: 0.34406E-04
          max. resid. norm for Fia-block=  6.017D-06 for orbital     30a         
          max. resid. fock norm         =  1.937D-01 for orbital    359a         
          Overall gridpoints after grid construction =        156344

 orbitals $scfmo  will be written to file mos
          Overall gridpoints after grid construction =        156344
                            current damping = 0.050
 time elapsed for calculating density matrices :   0.078 sec
 all orbitals will be active in the correlation treatment

 Calculating ground state density on molecular grid

 Integral of ground state density: N =   64.00000608774494    


 Contributions to RI integral batches: 
  neglected integral batches:                   930
  direct contribution:                         8386
  memory contribution:                     0

                  --------------------------------------------------- 
                 |  HXX+RIRPA total energy     =   -458.56358300211  |
                  ---------------------------------------------------- 
                 :  RIRPA correlation energy   =     -2.74154720877  :
                 :  HXX total energy           =   -455.82203579334  :
                 :  Hartree energy             =    602.81123605543  :
                 :  Exact Exchange energy      =    -56.58242325741  :
                  .................................................... 

          Norm of current diis error: 0.14356E-04
          max. resid. norm for Fia-block=  1.893D-06 for orbital     30a         
          max. resid. fock norm         =  1.937D-01 for orbital    359a         
          Overall gridpoints after grid construction =        156344

 orbitals $scfmo  will be written to file mos
          Overall gridpoints after grid construction =        156344
 Orbital optimization done

 maximum number of Davidson iterations set to   35


 logfile dipl_a    will be constructed

                    ------------------

                     CPKS equations   

                    ------------------
 CPKS equations will be skipped since either
       i)orbitals are optimized (oorpa>0)
      ii)ips/eas are requested     

                    -------------------

                     relaxed densities 

                    -------------------
 Cartesian gradients will be skipped
 Wavefn analysis  will be skipped

    ------------------------------------------------------------------------
    Rirpa profiling                cpu                    wall         ratio
    ------------------------------------------------------------------------
    module                         sec     %               sec     %
    ------------------------------------------------------------------------
    RIRPA                    118348.6  100.00        14830.9  100.00   8.0
    RIRPA_grad               118282.6   99.94        14821.7   99.94   8.0
    rirhs                    117099.2   98.94        14671.0   98.92   8.0
    Qmatrix                   23822.2   20.13         2978.4   20.08   8.0
    tqbuild                   17654.9   14.92         2207.3   14.88   8.0
    trpaln                      442.9    0.37           55.3    0.37   8.0
    qtbuild                    3715.7    3.14          464.6    3.13   8.0
    Q*Qt                       3049.7    2.58          381.4    2.57   8.0
    T and GBQt                85719.1   72.43        10720.7   72.29   8.0
    rpatab                   101715.3   85.95        12715.5   85.74   8.0
    rpatab,pre                 1103.1    0.93          137.9    0.93   8.0
    rpatab,s*qt               15409.6   13.02         1926.4   12.99   8.0
    rpatab,g*sqt              17230.4   14.56         2154.1   14.52   8.0
    rpatab,g*sqt,g*(s*         1216.2    1.03          152.2    1.03   8.0
    rpatab,g*sqt,(g*s*        16001.9   13.52         2000.6   13.49   8.0
    rpatab,m                   8610.8    7.28         1076.5    7.26   8.0
    rpatab,dinv*gsl            1234.5    1.04          154.4    1.04   8.0
    rpatab,mprime              6599.8    5.58          825.2    5.56   8.0
    rpatij                    15291.2   12.92         1911.5   12.89   8.0
    rpatij,pre                  916.6    0.77          114.8    0.77   8.0
    rpatij,g*s                 1201.3    1.02          150.2    1.01   8.0
    rpatij,m                   4947.7    4.18          618.6    4.17   8.0
    rpatij,dinv*gsqt           3241.4    2.74          405.3    2.73   8.0
    rpatij,mprime              4951.8    4.18          619.1    4.17   8.0
    gamma                       516.5    0.44           88.9    0.60   5.8
    H[ P ]                      120.9    0.10           15.6    0.11   7.7
    oorpa                       274.4    0.23           35.8    0.24   7.7
    ------------------------------------------------------------------------
    sum                      688870.5  582.07        86254.0  581.58   8.0
    ------------------------------------------------------------------------


    ------------------------------------------------------------------------
         total  cpu-time :   1 days  8 hours 52 minutes and 29 seconds
         total wall-time :  4 hours  7 minutes and 12 seconds
    ------------------------------------------------------------------------

   ****  rirpa : all done  ****


    2020-04-23 16:04:57.296 

