
   Number of threads specified in $smp_cpus =   8
 operating system is UNIX !

 ridft (c-9-333) : TURBOMOLE rev. V7-4-initial-tag-1259-gd9f9913 compiled 4 Feb 2020 at 11:55:58
 Copyright (C) 2020 TURBOMOLE GmbH, Karlsruhe


    2020-04-13 22:36:14.838 



                                  r i d f t

                        DFT program with RI approximation 
                                for coulomb part 




                                                 
                                 References:     
                                                 
          TURBOMOLE:                             
              R. Ahlrichs, M. Baer, M. Haeser, H. Horn, and
              C. Koelmel
              Electronic structure calculations on workstation
              computers: the program system TURBOMOLE
              Chem. Phys. Lett. 162: 165 (1989)
          Density Functional:                              
              O. Treutler and R. Ahlrichs                      
              Efficient Molecular Numerical Integration Schemes
              J. Chem. Phys. 102: 346 (1995)                   
          Parallel Version:                                
              Performance of parallel TURBOMOLE for Density    
              Functional Calculations                          
              M. v. Arnim and R. Ahlrichs                      
              J. Comp. Chem. 19: 1746 (1998)                   
          RI-J Method:                                     
              Auxiliary Basis Sets to approximate Coulomb      
              Potentials                                       
              Chem. Phys. Lett. 240: 283 (1995)                
              K. Eichkorn, O. Treutler, H. Oehm, M. Haeser     
              and R. Ahlrichs                                  
              Chem. Phys. Lett. 242: 652 (1995)                
                                                           
              Auxiliary Basis Sets for Main Row Atoms and their
              Use to approximate Coulomb Potentials            
              K. Eichkorn, F. Weigend, O. Treutler and         
              R. Ahlrichs                                      
              Theo. Chem. Acc. 97: 119 (1997)                   
                                                           
              Accurate Coulomb-fitting basis sets for H to Rn 
              F. Weigend                                        
              Phys. Chem. Chem. Phys. 8: 1057 (2006)            
                                                           
          Multipole accelerated RI-J (MARI-J):             
              Fast evaluation of the Coulomb potential for     
              electron densities using multipole accelerated   
              resolution of identity approximation             
              M. Sierka, A. Hogekamp and R. Ahlrichs           
              J. Chem. Phys. 118: 9136 (2003)                  
          RI-JK Method:                                     
              A fully direct RI-HF algorithm: Implementation,
              optimised auxiliary basis sets, demonstration of
              accuracy and efficiency                         
              F. Weigend                                      
              Phys. Chem. Chem. Phys. 4: 4285 (2002)           
          Two-component HF and DFT with spin-orbit coupling:  
              Self-consistent treatment of spin-orbit         
              interactions with efficient Hartree-Fock and    
              density functional methods                      
              M. K. Armbruster, F. Weigend, C. van Wüllen and 
              W. Klopper                                      
              Phys. Chem. Chem. Phys. 10: 1748 (2008)         
          Two-component difference density and DIIS algorithm 
              Efficient two-component self-consistent field   
              procedures and gradients: implementation in     
              TURBOMOLE and application to Au20-              
              A. Baldes, F. Weigend                           
              Mol. Phys. 111: 2617 (2013)                     
          Relativistic all-electron 2c calculations           
              An efficient implementation of two-component    
              relativistic exact-decoupling methods for large 
              molecules                                       
              D. Peng, N. Middendorf, F. Weigend, M. Reiher   
              J. Chem. Phys. 138: 184105 (2013)               
          Finite nucleus model and SNSO approximation         
              Efficient implementation of one- and two-       
              component analytical energy gradients in exact  
              two-component theory                            
              Y. J. Franzke, N. Middendorf, F. Weigend        
              J. Chem. Phys. 148: 104110 (2018)               
          Grids for all-electron relativistic methods         
              Error-consistent segmented contracted all-      
              electron relativistic basis sets of double-     
              and triple-zeta quality for NMR shielding       
              constants                                       
              Y. J. Franzke, R. Tress, T. M. Pazdera,         
              F. Weigend                                      
              Phys. Chem. Chem. Phys. 21: 166658 (2019)       
          Improved seminumerical algorithms                   
              C. Holzer, in preparation (2020)                
                                         





          OpenMP Shared-Memory Parallelization:  8 CPUs.

            By: Christof Holzer and Yannick J. Franzke


              +--------------------------------------------------+
              |      general information about current run       |
              +--------------------------------------------------+

 

 DENSITY CONVERGENCE CHECK SWITCHED ON !
 SCF CONVERGENCE IF RMS(delta[D]) <     0.1000000000E-08

 PBE functional
 exchange:    LDA + PBE
 correlation: LDA (PW) + PBE
 A DFT calculation using the RI-J approximation will be carried out.
 Allocatable memory for RI due to $ricore (MB):                  1000


              +--------------------------------------------------+
              | Atomic coordinate, charge and isotop information |
              +--------------------------------------------------+

                    atomic coordinates            atom    charge  isotop
         -7.54042827    2.38638313   -4.72463954    c      6.000     0
        -10.26685497    1.79267194   -5.24608010    c      6.000     0
         -6.45115942    2.20122092   -6.46598738    h      1.000     0
         -6.78721335    1.01573099   -3.37980532    h      1.000     0
         -7.36661820    4.28868947   -3.97261616    h      1.000     0
        -10.61572723   -0.48277601   -6.19659931    o      8.000     0
        -11.98136612    3.30012295   -4.81602153    o      8.000     0
        -12.47236323   -0.79813120   -6.51279672    h      1.000     0
        -20.62070735    0.91140676   -8.47126080    h      1.000     0
        -16.78712025    2.40366537   -5.66540157    o      8.000     0
        -17.13582414    0.12835756   -6.61633793    c      6.000     0
        -19.86230433   -0.46614231   -7.13653846    c      6.000     0
        -20.94807173   -0.29340144   -5.39164281    h      1.000     0
        -14.93047515    2.71926615   -5.34950450    h      1.000     0
        -20.03473039   -2.36443533   -7.89895313    h      1.000     0
        -15.42115662   -1.37875867   -7.04701404    o      8.000     0
 
       center of nuclear mass  :  -13.70135173    0.96043015   -5.93105207
       center of nuclear charge:  -13.70135579    0.96040621   -5.93100679

              +--------------------------------------------------+
              |               basis set information              |
              +--------------------------------------------------+

              we will work with the 1s 3p 5d 7f 9g ... basis set
              ...i.e. with spherical basis functions...

   type   atoms  prim   cont   basis
   ---------------------------------------------------------------------------
    c        4     46     31   def2-TZVPP   [5s3p2d1f|11s6p2d1f]
    h        8     16     14   def2-TZVPP   [3s2p1d|5s2p1d]
    o        4     46     31   def2-TZVPP   [5s3p2d1f|11s6p2d1f]
   ---------------------------------------------------------------------------
   total:   16    496    360
   ---------------------------------------------------------------------------

   total number of primitive shells          :   48
   total number of contracted shells         :  136
   total number of cartesian basis functions :  408
   total number of SCF-basis functions       :  360


 integral neglect threshold       :  0.82E-12
 integral storage threshold THIZE :  0.10E-04
 integral storage threshold THIME :         5

 RI-J AUXILIARY BASIS SET information:

              we will work with the 1s 3p 5d 7f 9g ... basis set
              ...i.e. with spherical basis functions...

   type   atoms  prim   cont   basis
   ---------------------------------------------------------------------------
    c        4     70     49   def2-TZVPP   [6s4p3d1f1g|12s5p4d2f1g]
    h        8     16     11   def2-TZVPP   [3s1p1d|5s2p1d]
    o        4     70     49   def2-TZVPP   [6s4p3d1f1g|12s5p4d2f1g]
   ---------------------------------------------------------------------------
   total:   16    688    480
   ---------------------------------------------------------------------------

   total number of primitive shells          :   56
   total number of contracted shells         :  160
   total number of cartesian basis functions :  584
   total number of SCF-basis functions       :  480


 symmetry group of the molecule :   c1 

 the group has the following generators :
   c1(z)

    1 symmetry operations found

 there are 1 real representations :   a   

 maximum number of shells which are related by symmetry :  1

  
           ------------------
           density functional
           ------------------
 PBE functional
 exchange:    LDA + PBE
 correlation: LDA (PW) + PBE

 spherical integration : Lebedev's spherical grid
 spherical gridsize    :                     4
    i.e. gridpoints    :                   434
 value for diffuse not defined
 radial integration    : Chebyshev 2nd kind (scaling 3)
 radial gridsize       :                     6
 integration cells     :                    16
 partition function    : becke
 partition sharpness   :                     3
  

 biggest AO integral is expected to be     7.998976882

          ------------------------
          nuclear repulsion energy  :   382.759291894    
          ------------------------


         -----------------
         -S,T+V- integrals
         -----------------

 1e-integrals will be neglected if expon. factor < 0.819108E-13
 
   Difference densities algorithm switched on.
   The maximal number of linear combinations of
   difference densities is                    20 .

 DIIS switched on: error vector is FDS-SDF
 Max. Iterations for DIIS is     :   4
 DIIS matrix (see manual) 
    Scaling factor of diagonals  :  1.200
    threshold for scaling factor :  0.000

 scf convergence criterion : increment of total energy < .1000000D-07
                  and increment of one-electron energy < .1000000D-04

 MOs are in ASCII format !


    mo occupation :
   irrep   mo's   occupied
    a      360       32
 
 number of basis functions   :   360
 number of occupied orbitals :    32
 

 reading orbital data $scfmo  from file mos
 orbital characterization : scfconv=8
 mo-orthogonalization by Cholesky decomposition

 automatic virtual orbital shift switched on 
      shift if e(lumo)-e(homo) < 0.10000000    

  
           ------------------------
               RI-J - INFORMATION
           ------------------------
 Contributions to RI integral batches: 
  neglected integral batches:                  2021
  direct contribution:                            0
  memory contribution:                  7295
 Memory core needed for (P|Q) and Cholesky      2 MByte
 Memory core minimum needed except of (P|Q)     1 MByte
 Total minimum memory core needed (sum)         3 MByte
  
 ****************************************
 Memory allocated for RI-J   290 MByte
 ****************************************
                                            

 DSCF restart information will be dumped onto file mos


 Starting SCF iterations

          Overall gridpoints after grid construction =        156536

 ITERATION  ENERGY          1e-ENERGY        2e-ENERGY     RMS[dD(SAO)]   TOL
   1  -457.88853394407    -1385.1847795     544.53695361    0.000D+00 0.817D-12
                            Exc = -58.5718209102     Coul =  603.108774522    
                              N = 63.999984061    
                            current damping = 0.700
 
          max. resid. norm for Fia-block=  1.333D-08 for orbital     19a         
          max. resid. fock norm         =  1.969D-08 for orbital     60a         

 ITERATION  ENERGY          1e-ENERGY        2e-ENERGY     RMS[dD(SAO)]   TOL
   2  -457.88853394407    -1385.1847785     544.53695265    0.348D-09 0.518D-12
                            Exc = -58.5718208455     Coul =  603.108773495    
                              N = 63.999984061    
                            current damping = 0.700
 
          Norm of current diis error: 0.14004E-06
          max. resid. norm for Fia-block=  3.614D-09 for orbital     16a         
          max. resid. fock norm         =  7.131D-09 for orbital    357a         

 ENERGY & DENSITY CONVERGED !


 ITERATION  ENERGY          1e-ENERGY        2e-ENERGY     RMS[dD(SAO)]   TOL
   3  -457.88853394406    -1385.1847785     544.53695267    0.106D-09 0.462D-12
                            Exc = -58.5718208384     Coul =  603.108773513    
                              N = 63.999984061    
                            current damping = 0.750
 
          Norm of current diis error: 0.58297E-07
          max. resid. norm for Fia-block=  1.308D-09 for orbital     16a         
          max. resid. fock norm         =  2.915D-09 for orbital     80a         

 End of SCF iterations

   convergence criteria satisfied after     3 iterations


                  ------------------------------------------ 
                 |  total energy      =   -457.88853394406  |
                  ------------------------------------------ 
                 :  kinetic energy    =    456.19068064610  :
                 :  potential energy  =   -914.07921459016  :
                 :  virial theorem    =      1.99629199429  :
                 :  wavefunction norm =      1.00000000000  :
                  .......................................... 


 orbitals $scfmo  will be written to file mos

    irrep                 28a         29a         30a         31a         32a   
 eigenvalues H         -0.32175    -0.29210    -0.28102    -0.25218    -0.24496
            eV          -8.7554     -7.9486     -7.6470     -6.8622     -6.6658
 occupation              2.0000      2.0000      2.0000      2.0000      2.0000

    irrep                 33a         34a         35a         36a         37a   
 eigenvalues H         -0.04631    -0.03748     0.01952     0.02902     0.08187
            eV          -1.2602     -1.0200      0.5311      0.7898      2.2279
 
 
 
 
 ==============================================================================
                           electrostatic moments
 ==============================================================================

 reference point for electrostatic moments:    0.00000   0.00000   0.00000

 
              nuc           elec       ->  total
 ------------------------------------------------------------------------------
                          charge      
 ------------------------------------------------------------------------------
          64.000000     -64.000000      -0.000000
 
 ------------------------------------------------------------------------------
                       dipole moment  
 ------------------------------------------------------------------------------
   x    -876.886771     876.886544      -0.000227
   y      61.465997     -61.466336      -0.000339
   z    -379.584435     379.585118       0.000684
 
   | dipole moment | =     0.0008 a.u. =     0.0020 debye 
 
 ------------------------------------------------------------------------------
                     quadrupole moment
 ------------------------------------------------------------------------------
  xx   13095.269465  -13121.265581     -25.996115
  yy     244.081966    -283.126211     -39.044244
  zz    2317.363817   -2352.212324     -34.848507
  xy    -652.679802     655.752749       3.072947
  xz    5386.668024   -5384.560420       2.107604
  yz    -275.153725     273.625355      -1.528370
 
     1/3  trace=     -33.296289
     anisotropy=      13.482363
 
 ==============================================================================
 
HOMO-LUMO Separation
 HOMO         :   -0.24496250 H =     -6.66577 eV
 LUMO         :   -0.04631022 H =     -1.26017 eV
 HOMO-LUMO gap:    0.19865229 H =     +5.40561 eV
 
 ==============================================================================


    ------------------------------------------------------------------------
         total  cpu-time :  17.07 seconds
         total wall-time :   2.54 seconds
    ------------------------------------------------------------------------

   ****  ridft : all done  ****


    2020-04-13 22:36:17.312 

