
   Number of threads specified in $smp_cpus =   8

 rirpa (c-9-333) : TURBOMOLE rev. V7-4-initial-tag-1259-gd9f9913 compiled 4 Feb 2020 at 15:02:22
 Copyright (C) 2020 TURBOMOLE GmbH, Karlsruhe


    2020-04-13 22:36:17.521 

 
 
    *************************************************************************
    *************************** PROGRAM RIRPA *******************************
    ******                                                             ******
    ******              H. Eshuis, J. E. Bates and F. Furche           ******
    ******                                                             ******
    ****** Nov 2011                                                    ******
    ****** Copyright TURBOMOLE GmbH                                    ******
    *************************************************************************
    
    
                                References:                                  
    
                   RIRPA:                                                    
                     H. Eshuis, J. Yarkony, and F. Furche                    
                     Fast Computation of Molecular Random Phase              
                     Approximation Correlation Energies Using Resolution     
                     of the Identity and Imaginary Frequency Integration     
                     J. Chem. Phys. 132: 234114 (2010)                       
    
                     H. Eshuis, J. E. Bates, and F. Furche                   
                     Electron Correlation Methods Based on                   
                     the Random Phase Approximation                          
                     Theor. Chem. Acc.  131: 1084 (2012)                     
    
                     G. P. Chen, V. K. Voora, M. M. Agee,                    
                     S. G. Balasubramani, and F. Furche                      
                     Random-Phase Approximation Methods                      
                     Annu. Rev. Phys. Chem. 68: 421 (2017)                   
    
                   TWO-COMPONENT RIRPA:                                      
                     M. Kuehn                                                
                     Correlation Energies from the                           
                     Two-Component Random-Phase Approximation                
                     J. Chem. Theory Comput. 10: 623 (2014)                  
    
                   RIRPA GRADIENTS:                                          
                     A. M. Burow, J. E. Bates, F. Furche*, and H. Eshuis     
                     Analytical First-Order Molecular Properties and Forces  
                     within the Adiabatic Connection Random Phase            
                     Approximation                                           
                     J. Chem. Theory Comput. 10: 180 (2014)                  
    
                   RI-AXK/RI-ACSOSEX/RI-ACSOX:                               
                     G. P. Chen, M. M. Agee, and F. Furche                   
                     Performance and Scope of Perturbative Corrections to    
                     Random-Phase Approximation Energies                     
                     J. Chem. Theory Comput. 14: 5701 (2018)                 
    
                   GKS-RPA:                                                  
                     V. K. Voora, S. G. Balasubramani, and F. Furche         
                     Variational Generalized Kohn-Sham Approach Combining    
                     the Random-Phase-Approximation and Green’s-Function     
                     Methods                                                 
                     Phys. Rev. A (accepted)                                 
    
    
    
      ... OpenMP parallelization enabled, threads:    8

   *-----------------------------------------------------------------------*
   |                     program will use  8 thread(s)                     |
   *-----------------------------------------------------------------------*

 MAXIMUM CORE MEMORY WHICH CAN BE ALLOCATED DYNAMICALLY = 20000 MiB
              ( or 2621440000 double words per process)

 
                FOUND RI-J FLAG
 
  HF exact exchange energy will be computed using RI-J.
  ****************************************
  **  Orbital Optimized RPA Calculation **
  ****************************************


              +--------------------------------------------------+
              | Atomic coordinate, charge and isotop information |
              +--------------------------------------------------+

                    atomic coordinates            atom    charge  isotop
         -7.54042827    2.38638313   -4.72463954    c      6.000     0
        -10.26685497    1.79267194   -5.24608010    c      6.000     0
         -6.45115942    2.20122092   -6.46598738    h      1.000     0
         -6.78721335    1.01573099   -3.37980532    h      1.000     0
         -7.36661820    4.28868947   -3.97261616    h      1.000     0
        -10.61572723   -0.48277601   -6.19659931    o      8.000     0
        -11.98136612    3.30012295   -4.81602153    o      8.000     0
        -12.47236323   -0.79813120   -6.51279672    h      1.000     0
        -20.62070735    0.91140676   -8.47126080    h      1.000     0
        -16.78712025    2.40366537   -5.66540157    o      8.000     0
        -17.13582414    0.12835756   -6.61633793    c      6.000     0
        -19.86230433   -0.46614231   -7.13653846    c      6.000     0
        -20.94807173   -0.29340144   -5.39164281    h      1.000     0
        -14.93047515    2.71926615   -5.34950450    h      1.000     0
        -20.03473039   -2.36443533   -7.89895313    h      1.000     0
        -15.42115662   -1.37875867   -7.04701404    o      8.000     0
 
       center of nuclear mass  :  -13.70135173    0.96043015   -5.93105207
       center of nuclear charge:  -13.70135579    0.96040621   -5.93100679
              +-------------------------------------------------+
              |        Rotational Constants Section             |
              +-------------------------------------------------+
                                   Center of Mass [a.u]:
             -13.70135172661767         0.96043015363511        -5.93105206966476
                     Principal Moments of Inertia [a.u.]
             320.56945285831466      2020.70959781381157      2319.01710320366146
                       Rotational constants A,B,C [a.u.]
               0.00155972440774         0.00024743783102         0.00021560858663
                     Rotational constants A,B,C [cm**-1]
               0.18778984073401         0.02979135970927         0.02595913864253
                        Rotational constants A,B,C [MHz]
            5629.79779410772335       893.12249544050951       778.23539812054730

   * BASIS SET information:

              +--------------------------------------------------+
              |               basis set information              |
              +--------------------------------------------------+

              we will work with the 1s 3p 5d 7f 9g ... basis set
              ...i.e. with spherical basis functions...

   type   atoms  prim   cont   basis
   ---------------------------------------------------------------------------
    c        4     46     31   def2-TZVPP   [5s3p2d1f|11s6p2d1f]
    h        8     16     14   def2-TZVPP   [3s2p1d|5s2p1d]
    o        4     46     31   def2-TZVPP   [5s3p2d1f|11s6p2d1f]
   ---------------------------------------------------------------------------
   total:   16    496    360
   ---------------------------------------------------------------------------

   total number of primitive shells          :   48
   total number of contracted shells         :  136
   total number of cartesian basis functions :  408
   total number of SCF-basis functions       :  360


   * AUXILIARY BASIS SET information:

              +--------------------------------------------------+
              |               basis set information              |
              +--------------------------------------------------+

              we will work with the 1s 3p 5d 7f 9g ... basis set
              ...i.e. with spherical basis functions...

   type   atoms  prim   cont   basis
   ---------------------------------------------------------------------------
    c        4     81     76   def2-TZVPP   [8s6p4d3f1g|8s6p5d3f1g]
    h        8     30     30   def2-TZVPP   [4s3p2d1f|4s3p2d1f]
    o        4     81     76   def2-TZVPP   [8s6p4d3f1g|8s6p5d3f1g]
   ---------------------------------------------------------------------------
   total:   16    888    848
   ---------------------------------------------------------------------------

   total number of primitive shells          :   56
   total number of contracted shells         :  256
   total number of cartesian basis functions : 1040
   total number of SCF-basis functions       :  848


   * RIJ AUXILIARY BASIS SET information:

              +--------------------------------------------------+
              |               basis set information              |
              +--------------------------------------------------+

              we will work with the 1s 3p 5d 7f 9g ... basis set
              ...i.e. with spherical basis functions...

   type   atoms  prim   cont   basis
   ---------------------------------------------------------------------------
    c        4     70     49   def2-TZVPP   [6s4p3d1f1g|12s5p4d2f1g]
    h        8     16     11   def2-TZVPP   [3s1p1d|5s2p1d]
    o        4     70     49   def2-TZVPP   [6s4p3d1f1g|12s5p4d2f1g]
   ---------------------------------------------------------------------------
   total:   16    688    480
   ---------------------------------------------------------------------------

   total number of primitive shells          :   56
   total number of contracted shells         :  160
   total number of cartesian basis functions :  584
   total number of SCF-basis functions       :  480


 reading orbital data $scfmo  from file mos
 orbital characterization : scfconv=8

    mo occupation :
   irrep   mo's   occupied
    a      360       32
 
 number of basis functions   :   360
 number of occupied orbitals :    32
 

 integral neglect threshold       :  0.29E+02

 scfconv                     8

 there are 1 real representations :   a   

 maximum number of shells which are related by symmetry :  1

 time elapsed for calculating density matrices :   0.126 sec
 all orbitals will be active in the correlation treatment

     total memory allocated for calculation of (Q|P)**(-1/2) : 9 MiB


     calculation of (P|Q) ...
     time in lp2sym        cpu:  0.17 sec    wall:  0.14 sec    ratio:  1.2


     calculation of the Cholesky decomposition of (P|Q)**(-1) ...
     time in invmetri      cpu:  0.40 sec    wall:  0.05 sec    ratio:  7.7

   threshold for RMS(d[D]) in SCF was     :  0.10E-08
   integral neglect threshold             :  0.32E-12
   derivative integral neglect threshold  :  0.10E-06


 setting up bound for integral derivative estimation

 increment for numerical differentiation : 0.00050000
 Allocatable memory for RI due to $ricore (MB):                  1000

 there are 1 real representations :   a   

 maximum number of shells which are related by symmetry :  1

  
           ------------------------
               RI-J - INFORMATION
           ------------------------
 Contributions to RI integral batches: 
  neglected integral batches:                  1528
  direct contribution:                            0
  memory contribution:                  7788

          ------------------------
          nuclear repulsion energy  :   382.759291894    
          ------------------------


         -----------------
         -S,T+V- integrals
         -----------------

 1e-integrals will be neglected if expon. factor < 0.320513E-12

 residuum convergence criterium   :  0.10E-04


 integral neglect threshold       :  0.82E-11
 integral storage threshold THIZE :  0.10E-04
 integral storage threshold THIME :         5


 WARNING : cannot change filename for statistics 
  
           ------------------
           density functional
           ------------------
 PBE functional
 exchange:    LDA + PBE
 correlation: LDA (PW) + PBE

 spherical integration : Lebedev's spherical grid
 spherical gridsize    :                     4
    i.e. gridpoints    :                   434
 value for diffuse not defined
 radial integration    : Chebyshev 2nd kind (scaling 3)
 radial gridsize       :                     6
 integration cells     :                    16
 partition function    : becke
 partition sharpness   :                     3
  
 preparing numerical integration ....
          Overall gridpoints after grid construction =        156536

          IRREP   tensor space dimension   number of roots

           a             10496                   1
 Orbital optimization will be carried out

 Calculating ground state density on molecular grid

 Integral of ground state density: N =   63.99998406142249    


          Overall gridpoints after grid construction =        156536
 number of passes for ispin    1
 =    1
 
            -----------------------------
            Complex frequency integration
            -----------------------------
 
 Number of Clenshaw-Curtis nodes:                    100
 Optimized scaling parameter    :    3.88397059806373     
 Sensitivity measure            :  -1.708018587676108E-010
 
 Contributions to RI integral batches: 
  neglected integral batches:                  1626
  direct contribution:                         7690
  memory contribution:                     0

                  --------------------------------------------------- 
                 |  HXX+RIRPA total energy     =   -458.52750033398  |
                  ---------------------------------------------------- 
                 :  RIRPA correlation energy   =     -2.78649544858  :
                 :  HXX total energy           =   -455.74100488540  :
                 :  Hartree energy             =    603.10877351290  :
                 :  Exact Exchange energy      =    -56.42429177953  :
                  .................................................... 

          max. resid. norm for Fia-block=  9.036D-02 for orbital      2a         
          max. resid. fock norm         =  2.065D-01 for orbital    359a         
          Overall gridpoints after grid construction =        156536

 orbitals $scfmo  will be written to file mos
          Overall gridpoints after grid construction =        156536
                            current damping = 0.650
 time elapsed for calculating density matrices :   0.045 sec
 all orbitals will be active in the correlation treatment

 Calculating ground state density on molecular grid

 Integral of ground state density: N =   63.99998464975973    


 Contributions to RI integral batches: 
  neglected integral batches:                  1626
  direct contribution:                         7690
  memory contribution:                     0

                  --------------------------------------------------- 
                 |  HXX+RIRPA total energy     =   -458.55553494868  |
                  ---------------------------------------------------- 
                 :  RIRPA correlation energy   =     -2.76160343599  :
                 :  HXX total energy           =   -455.79393151270  :
                 :  Hartree energy             =    602.83767870195  :
                 :  Exact Exchange energy      =    -56.50842734714  :
                  .................................................... 

          Norm of current diis error: 0.36966    
          max. resid. norm for Fia-block=  3.989D-02 for orbital      2a         
          max. resid. fock norm         =  1.963D-01 for orbital    359a         
          Overall gridpoints after grid construction =        156536

 orbitals $scfmo  will be written to file mos
          Overall gridpoints after grid construction =        156536
                            current damping = 0.550
 time elapsed for calculating density matrices :   0.046 sec
 all orbitals will be active in the correlation treatment

 Calculating ground state density on molecular grid

 Integral of ground state density: N =   63.99998492595363    


 Contributions to RI integral batches: 
  neglected integral batches:                  1626
  direct contribution:                         7690
  memory contribution:                     0

                  --------------------------------------------------- 
                 |  HXX+RIRPA total energy     =   -458.56196936748  |
                  ---------------------------------------------------- 
                 :  RIRPA correlation energy   =     -2.75062583577  :
                 :  HXX total energy           =   -455.81134353171  :
                 :  Hartree energy             =    602.84699489453  :
                 :  Exact Exchange energy      =    -56.53946829465  :
                  .................................................... 

          Norm of current diis error: 0.16015    
          max. resid. norm for Fia-block=  1.700D-02 for orbital      4a         
          max. resid. fock norm         =  1.939D-01 for orbital    359a         
          Overall gridpoints after grid construction =        156536

 orbitals $scfmo  will be written to file mos
          Overall gridpoints after grid construction =        156536
                            current damping = 0.450
 time elapsed for calculating density matrices :   0.045 sec
 all orbitals will be active in the correlation treatment

 Calculating ground state density on molecular grid

 Integral of ground state density: N =   63.99998518527033    


 Contributions to RI integral batches: 
  neglected integral batches:                  1626
  direct contribution:                         7690
  memory contribution:                     0

                  --------------------------------------------------- 
                 |  HXX+RIRPA total energy     =   -458.56337654454  |
                  ---------------------------------------------------- 
                 :  RIRPA correlation energy   =     -2.74452985399  :
                 :  HXX total energy           =   -455.81884669055  :
                 :  Hartree energy             =    602.90868810390  :
                 :  Exact Exchange energy      =    -56.57358938696  :
                  .................................................... 

          Norm of current diis error: 0.55942E-01
          max. resid. norm for Fia-block=  5.578D-03 for orbital      2a         
          max. resid. fock norm         =  1.936D-01 for orbital    359a         
          Overall gridpoints after grid construction =        156536

 orbitals $scfmo  will be written to file mos
          Overall gridpoints after grid construction =        156536
                            current damping = 0.350
 time elapsed for calculating density matrices :   0.045 sec
 all orbitals will be active in the correlation treatment

 Calculating ground state density on molecular grid

 Integral of ground state density: N =   63.99998524265441    


 Contributions to RI integral batches: 
  neglected integral batches:                  1626
  direct contribution:                         7690
  memory contribution:                     0

                  --------------------------------------------------- 
                 |  HXX+RIRPA total energy     =   -458.56355888944  |
                  ---------------------------------------------------- 
                 :  RIRPA correlation energy   =     -2.74246189313  :
                 :  HXX total energy           =   -455.82109699630  :
                 :  Hartree energy             =    602.88708152602  :
                 :  Exact Exchange energy      =    -56.57829051351  :
                  .................................................... 

          Norm of current diis error: 0.18069E-01
          max. resid. norm for Fia-block=  1.713D-03 for orbital      3a         
          max. resid. fock norm         =  1.937D-01 for orbital    359a         
          Overall gridpoints after grid construction =        156536

 orbitals $scfmo  will be written to file mos
          Overall gridpoints after grid construction =        156536
                            current damping = 0.250
 time elapsed for calculating density matrices :   0.045 sec
 all orbitals will be active in the correlation treatment

 Calculating ground state density on molecular grid

 Integral of ground state density: N =   63.99998528834729    


 Contributions to RI integral batches: 
  neglected integral batches:                  1626
  direct contribution:                         7690
  memory contribution:                     0

                  --------------------------------------------------- 
                 |  HXX+RIRPA total energy     =   -458.56357932206  |
                  ---------------------------------------------------- 
                 :  RIRPA correlation energy   =     -2.74177151791  :
                 :  HXX total energy           =   -455.82180780415  :
                 :  Hartree energy             =    602.89470931809  :
                 :  Exact Exchange energy      =    -56.58203361972  :
                  .................................................... 

          Norm of current diis error: 0.50918E-02
          max. resid. norm for Fia-block=  4.848D-04 for orbital     30a         
          max. resid. fock norm         =  1.937D-01 for orbital    359a         
          Overall gridpoints after grid construction =        156536

 orbitals $scfmo  will be written to file mos
          Overall gridpoints after grid construction =        156536
                            current damping = 0.150
 time elapsed for calculating density matrices :   0.045 sec
 all orbitals will be active in the correlation treatment

 Calculating ground state density on molecular grid

 Integral of ground state density: N =   63.99998529603749    


 Contributions to RI integral batches: 
  neglected integral batches:                  1626
  direct contribution:                         7690
  memory contribution:                     0

                  --------------------------------------------------- 
                 |  HXX+RIRPA total energy     =   -458.56358151553  |
                  ---------------------------------------------------- 
                 :  RIRPA correlation energy   =     -2.74159678570  :
                 :  HXX total energy           =   -455.82198472984  :
                 :  Hartree energy             =    602.89437700745  :
                 :  Exact Exchange energy      =    -56.58273985093  :
                  .................................................... 

          Norm of current diis error: 0.19332E-02
          max. resid. norm for Fia-block=  1.580D-04 for orbital     31a         
          max. resid. fock norm         =  1.937D-01 for orbital    359a         
          Overall gridpoints after grid construction =        156536

 orbitals $scfmo  will be written to file mos
          Overall gridpoints after grid construction =        156536
                            current damping = 0.050
 time elapsed for calculating density matrices :   0.046 sec
 all orbitals will be active in the correlation treatment

 Calculating ground state density on molecular grid

 Integral of ground state density: N =   63.99998530203113    


 Contributions to RI integral batches: 
  neglected integral batches:                  1626
  direct contribution:                         7690
  memory contribution:                     0

                  --------------------------------------------------- 
                 |  HXX+RIRPA total energy     =   -458.56358186461  |
                  ---------------------------------------------------- 
                 :  RIRPA correlation energy   =     -2.74155820339  :
                 :  HXX total energy           =   -455.82202366121  :
                 :  Hartree energy             =    602.89383925179  :
                 :  Exact Exchange energy      =    -56.58282056516  :
                  .................................................... 

          Norm of current diis error: 0.62860E-03
          max. resid. norm for Fia-block=  1.047D-04 for orbital     30a         
          max. resid. fock norm         =  1.937D-01 for orbital    359a         
          Overall gridpoints after grid construction =        156536

 orbitals $scfmo  will be written to file mos
          Overall gridpoints after grid construction =        156536
                            current damping = 0.050
 time elapsed for calculating density matrices :   0.046 sec
 all orbitals will be active in the correlation treatment

 Calculating ground state density on molecular grid

 Integral of ground state density: N =   63.99998530411630    


 Contributions to RI integral batches: 
  neglected integral batches:                  1626
  direct contribution:                         7690
  memory contribution:                     0

                  --------------------------------------------------- 
                 |  HXX+RIRPA total energy     =   -458.56358194368  |
                  ---------------------------------------------------- 
                 :  RIRPA correlation energy   =     -2.74154874542  :
                 :  HXX total energy           =   -455.82203319826  :
                 :  Hartree energy             =    602.89433700299  :
                 :  Exact Exchange energy      =    -56.58294436689  :
                  .................................................... 

          Norm of current diis error: 0.31354E-03
          max. resid. norm for Fia-block=  4.792D-05 for orbital     30a         
          max. resid. fock norm         =  1.937D-01 for orbital    359a         
          Overall gridpoints after grid construction =        156536

 orbitals $scfmo  will be written to file mos
          Overall gridpoints after grid construction =        156536
                            current damping = 0.050
 time elapsed for calculating density matrices :   0.046 sec
 all orbitals will be active in the correlation treatment

 Calculating ground state density on molecular grid

 Integral of ground state density: N =   63.99998530522839    


 Contributions to RI integral batches: 
  neglected integral batches:                  1626
  direct contribution:                         7690
  memory contribution:                     0

                  --------------------------------------------------- 
                 |  HXX+RIRPA total energy     =   -458.56358196083  |
                  ---------------------------------------------------- 
                 :  RIRPA correlation energy   =     -2.74154643446  :
                 :  HXX total energy           =   -455.82203552637  :
                 :  Hartree energy             =    602.89407376422  :
                 :  Exact Exchange energy      =    -56.58291450848  :
                  .................................................... 

          Norm of current diis error: 0.10917E-03
          max. resid. norm for Fia-block=  2.097D-05 for orbital     30a         
          max. resid. fock norm         =  1.937D-01 for orbital    359a         
          Overall gridpoints after grid construction =        156536

 orbitals $scfmo  will be written to file mos
          Overall gridpoints after grid construction =        156536
                            current damping = 0.050
 time elapsed for calculating density matrices :   0.045 sec
 all orbitals will be active in the correlation treatment

 Calculating ground state density on molecular grid

 Integral of ground state density: N =   63.99998530568590    


 Contributions to RI integral batches: 
  neglected integral batches:                  1626
  direct contribution:                         7690
  memory contribution:                     0

                  --------------------------------------------------- 
                 |  HXX+RIRPA total energy     =   -458.56358196324  |
                  ---------------------------------------------------- 
                 :  RIRPA correlation energy   =     -2.74154536905  :
                 :  HXX total energy           =   -455.82203659419  :
                 :  Hartree energy             =    602.89420739464  :
                 :  Exact Exchange energy      =    -56.58293979022  :
                  .................................................... 

          Norm of current diis error: 0.34384E-04
          max. resid. norm for Fia-block=  6.017D-06 for orbital     30a         
          max. resid. fock norm         =  1.937D-01 for orbital    359a         
          Overall gridpoints after grid construction =        156536

 orbitals $scfmo  will be written to file mos
          Overall gridpoints after grid construction =        156536
                            current damping = 0.050
 time elapsed for calculating density matrices :   0.044 sec
 all orbitals will be active in the correlation treatment

 Calculating ground state density on molecular grid

 Integral of ground state density: N =   63.99998530574737    


 Contributions to RI integral batches: 
  neglected integral batches:                  1626
  direct contribution:                         7690
  memory contribution:                     0

                  --------------------------------------------------- 
                 |  HXX+RIRPA total energy     =   -458.56358196343  |
                  ---------------------------------------------------- 
                 :  RIRPA correlation energy   =     -2.74154529126  :
                 :  HXX total energy           =   -455.82203667217  :
                 :  Hartree energy             =    602.89416810646  :
                 :  Exact Exchange energy      =    -56.58293266642  :
                  .................................................... 

          Norm of current diis error: 0.14348E-04
          max. resid. norm for Fia-block=  1.894D-06 for orbital     30a         
          max. resid. fock norm         =  1.937D-01 for orbital    359a         
          Overall gridpoints after grid construction =        156536

 orbitals $scfmo  will be written to file mos
          Overall gridpoints after grid construction =        156536
 Orbital optimization done

 maximum number of Davidson iterations set to   35


 logfile dipl_a    will be constructed

                    ------------------

                     CPKS equations   

                    ------------------
 CPKS equations will be skipped since either
       i)orbitals are optimized (oorpa>0)
      ii)ips/eas are requested     

                    -------------------

                     relaxed densities 

                    -------------------
 Cartesian gradients will be skipped
 Wavefn analysis  will be skipped

    ------------------------------------------------------------------------
    Rirpa profiling                cpu                    wall         ratio
    ------------------------------------------------------------------------
    module                         sec     %               sec     %
    ------------------------------------------------------------------------
    RIRPA                      6170.1  100.00          797.7  100.00   7.7
    riccmos                      10.5    0.17            1.3    0.17   8.0
    ccmkbaoi                     43.2    0.70            5.5    0.68   7.9
    ehxx                         30.2    0.49            3.8    0.48   8.0
    RIRPA_grad                 6131.2   99.37          792.4   99.33   7.7
    rirhs                      5455.2   88.41          706.0   88.51   7.7
    Qmatrix                     957.6   15.52          120.0   15.05   8.0
    tqbuild                     608.4    9.86           76.0    9.53   8.0
    trpaln                       21.0    0.34            2.6    0.33   8.0
    qtbuild                     152.9    2.48           19.1    2.40   8.0
    Q*Qt                        112.4    1.82           14.0    1.76   8.0
    T and GBQt                 3731.4   60.48          467.1   58.55   8.0
    rpatab                     3729.7   60.45          466.2   58.44   8.0
    rpatab,pre                   45.4    0.74            5.7    0.72   7.9
    rpatab,s*qt                 521.6    8.45           65.2    8.18   8.0
    rpatab,g*sqt                627.9   10.18           78.5    9.84   8.0
    rpatab,g*sqt,g*(s*           71.3    1.16            8.9    1.12   8.0
    rpatab,g*sqt,(g*s*          555.9    9.01           69.5    8.71   8.0
    rpatab,m                    341.9    5.54           42.7    5.36   8.0
    rpatab,dinv*gsl              69.2    1.12            8.6    1.08   8.0
    rpatab,mprime               223.5    3.62           27.9    3.50   8.0
    rpatij                      797.9   12.93           99.7   12.50   8.0
    rpatij,pre                   49.3    0.80            6.2    0.77   8.0
    rpatij,g*s                   70.0    1.13            8.8    1.10   8.0
    rpatij,m                    246.9    4.00           30.9    3.87   8.0
    rpatij,dinv*gsqt            182.4    2.96           22.8    2.86   8.0
    rpatij,mprime               247.4    4.01           30.9    3.88   8.0
    gamma                       390.6    6.33           69.9    8.76   5.6
    H[ P ]                       68.6    1.11            8.7    1.09   7.9
    oorpa                       173.1    2.81           22.7    2.84   7.6
    ------------------------------------------------------------------------
    sum                       31850.8  516.21         4081.6  511.67   7.8
    ------------------------------------------------------------------------


    ------------------------------------------------------------------------
         total  cpu-time :  1 hours 42 minutes and 50 seconds
         total wall-time : 13 minutes and 18 seconds
    ------------------------------------------------------------------------

   ****  rirpa : all done  ****


    2020-04-13 22:49:35.249 

