
   Number of threads specified in $smp_cpus =   8

 rirpa (c-14-144) : TURBOMOLE rev. V7-4-initial-tag-1259-gd9f9913 compiled 4 Feb 2020 at 15:02:22
 Copyright (C) 2020 TURBOMOLE GmbH, Karlsruhe


    2020-04-22 06:38:33.006 

 
 
    *************************************************************************
    *************************** PROGRAM RIRPA *******************************
    ******                                                             ******
    ******              H. Eshuis, J. E. Bates and F. Furche           ******
    ******                                                             ******
    ****** Nov 2011                                                    ******
    ****** Copyright TURBOMOLE GmbH                                    ******
    *************************************************************************
    
    
                                References:                                  
    
                   RIRPA:                                                    
                     H. Eshuis, J. Yarkony, and F. Furche                    
                     Fast Computation of Molecular Random Phase              
                     Approximation Correlation Energies Using Resolution     
                     of the Identity and Imaginary Frequency Integration     
                     J. Chem. Phys. 132: 234114 (2010)                       
    
                     H. Eshuis, J. E. Bates, and F. Furche                   
                     Electron Correlation Methods Based on                   
                     the Random Phase Approximation                          
                     Theor. Chem. Acc.  131: 1084 (2012)                     
    
                     G. P. Chen, V. K. Voora, M. M. Agee,                    
                     S. G. Balasubramani, and F. Furche                      
                     Random-Phase Approximation Methods                      
                     Annu. Rev. Phys. Chem. 68: 421 (2017)                   
    
                   TWO-COMPONENT RIRPA:                                      
                     M. Kuehn                                                
                     Correlation Energies from the                           
                     Two-Component Random-Phase Approximation                
                     J. Chem. Theory Comput. 10: 623 (2014)                  
    
                   RIRPA GRADIENTS:                                          
                     A. M. Burow, J. E. Bates, F. Furche*, and H. Eshuis     
                     Analytical First-Order Molecular Properties and Forces  
                     within the Adiabatic Connection Random Phase            
                     Approximation                                           
                     J. Chem. Theory Comput. 10: 180 (2014)                  
    
                   RI-AXK/RI-ACSOSEX/RI-ACSOX:                               
                     G. P. Chen, M. M. Agee, and F. Furche                   
                     Performance and Scope of Perturbative Corrections to    
                     Random-Phase Approximation Energies                     
                     J. Chem. Theory Comput. 14: 5701 (2018)                 
    
                   GKS-RPA:                                                  
                     V. K. Voora, S. G. Balasubramani, and F. Furche         
                     Variational Generalized Kohn-Sham Approach Combining    
                     the Random-Phase-Approximation and Green’s-Function     
                     Methods                                                 
                     Phys. Rev. A (accepted)                                 
    
    
    
      ... OpenMP parallelization enabled, threads:    8

   *-----------------------------------------------------------------------*
   |                     program will use  8 thread(s)                     |
   *-----------------------------------------------------------------------*

 MAXIMUM CORE MEMORY WHICH CAN BE ALLOCATED DYNAMICALLY = 20000 MiB
              ( or 2621440000 double words per process)

 
                FOUND RI-J FLAG
 
  HF exact exchange energy will be computed using RI-J.


              +--------------------------------------------------+
              | Atomic coordinate, charge and isotop information |
              +--------------------------------------------------+

                    atomic coordinates            atom    charge  isotop
          6.19523026    1.76411488    0.00000000    c      6.000     0
          3.45579894    1.02070718    0.00000000    c      6.000     0
          7.12365163    0.96968289   -1.66166115    h      1.000     0
          7.12365163    0.96968289    1.66166115    h      1.000     0
          6.36946141    3.80953431    0.00000000    h      1.000     0
          3.09891562   -1.44447825    0.00000000    o      8.000     0
          1.73413625    2.58030095    0.00000000    o      8.000     0
          1.23165949   -1.84598387    0.00000000    h      1.000     0
         -7.12365163   -0.96968289   -1.66166115    h      1.000     0
         -3.09891562    1.44447825    0.00000000    o      8.000     0
         -3.45579894   -1.02070718    0.00000000    c      6.000     0
         -6.19523026   -1.76411488    0.00000000    c      6.000     0
         -7.12365163   -0.96968289    1.66166115    h      1.000     0
         -1.23165949    1.84598387    0.00000000    h      1.000     0
         -6.36946141   -3.80953431    0.00000000    h      1.000     0
         -1.73413625   -2.58030095    0.00000000    o      8.000     0
 
       center of nuclear mass  :    0.00000000    0.00000000    0.00000000
       center of nuclear charge:   -0.00000000    0.00000000    0.00000000
              +-------------------------------------------------+
              |        Rotational Constants Section             |
              +-------------------------------------------------+
                                   Center of Mass [a.u]:
               0.00000000000000         0.00000000000000         0.00000000000000
                     Principal Moments of Inertia [a.u.]
             320.21249044583215      2023.42337638155095      2321.37087560705095
                       Rotational constants A,B,C [a.u.]
               0.00156146313751         0.00024710597191         0.00021538996860
                     Rotational constants A,B,C [cm**-1]
               0.18799918270719         0.02975140408040         0.02593281716809
                        Rotational constants A,B,C [MHz]
            5636.07370857806654       891.92465582138504       777.44630016869246

   * BASIS SET information:

              +--------------------------------------------------+
              |               basis set information              |
              +--------------------------------------------------+

              we will work with the 1s 3p 5d 7f 9g ... basis set
              ...i.e. with spherical basis functions...

   type   atoms  prim   cont   basis
   ---------------------------------------------------------------------------
    c        4     46     31   def2-TZVPP   [5s3p2d1f|11s6p2d1f]
    h        8     16     14   def2-TZVPP   [3s2p1d|5s2p1d]
    o        4     46     31   def2-TZVPP   [5s3p2d1f|11s6p2d1f]
   ---------------------------------------------------------------------------
   total:   16    496    360
   ---------------------------------------------------------------------------

   total number of primitive shells          :   48
   total number of contracted shells         :  136
   total number of cartesian basis functions :  408
   total number of SCF-basis functions       :  360


   * AUXILIARY BASIS SET information:

              +--------------------------------------------------+
              |               basis set information              |
              +--------------------------------------------------+

              we will work with the 1s 3p 5d 7f 9g ... basis set
              ...i.e. with spherical basis functions...

   type   atoms  prim   cont   basis
   ---------------------------------------------------------------------------
    c        4     81     76   def2-TZVPP   [8s6p4d3f1g|8s6p5d3f1g]
    h        8     30     30   def2-TZVPP   [4s3p2d1f|4s3p2d1f]
    o        4     81     76   def2-TZVPP   [8s6p4d3f1g|8s6p5d3f1g]
   ---------------------------------------------------------------------------
   total:   16    888    848
   ---------------------------------------------------------------------------

   total number of primitive shells          :   56
   total number of contracted shells         :  256
   total number of cartesian basis functions : 1040
   total number of SCF-basis functions       :  848


   * RIJ AUXILIARY BASIS SET information:

              +--------------------------------------------------+
              |               basis set information              |
              +--------------------------------------------------+

              we will work with the 1s 3p 5d 7f 9g ... basis set
              ...i.e. with spherical basis functions...

   type   atoms  prim   cont   basis
   ---------------------------------------------------------------------------
    c        4     70     49   def2-TZVPP   [6s4p3d1f1g|12s5p4d2f1g]
    h        8     16     11   def2-TZVPP   [3s1p1d|5s2p1d]
    o        4     70     49   def2-TZVPP   [6s4p3d1f1g|12s5p4d2f1g]
   ---------------------------------------------------------------------------
   total:   16    688    480
   ---------------------------------------------------------------------------

   total number of primitive shells          :   56
   total number of contracted shells         :  160
   total number of cartesian basis functions :  584
   total number of SCF-basis functions       :  480


 reading orbital data $scfmo  from file mos
 orbital characterization : scfconv=8

 integral neglect threshold       :  0.46E+02

 scfconv                     8

 there are 1 real representations :   a   

 maximum number of shells which are related by symmetry :  1

 entered riccmos at 2020-04-22 06:38:33.212
VM size:       813 MB
  MOs are in ASCII format !


 reading orbital data $scfmo  from file mos
 orbital characterization : scfconv=8
after riccmoinp VM size:       813 MB
registered memory usage:         2 MB
 time elapsed for calculating density matrices :   0.079 sec
 all orbitals will be active in the correlation treatment


   Molecular Orbital Statistic:
   ============================

   -----------------------------
   orbitals in total:
   -----------------------------
    frozen occupied :      0
    active occupied :     32
    active virtual  :    328
    frozen virtual  :      0
    all together    :    360
   -----------------------------


     time in riccmoinp     cpu:  1.27 sec    wall:  0.16 sec    ratio:  8.0
     time in scfdens       cpu:  0.08 sec    wall:  0.01 sec    ratio:  8.0
     time in mkiao         cpu:  0.00 sec    wall:  0.00 sec    ratio:  0.0
     time in mkiho         cpu:  0.00 sec    wall:  0.00 sec    ratio:  0.0
     time in sao2ao        cpu:  0.02 sec    wall:  0.00 sec    ratio:  6.3
     time in ricclmos      cpu:  0.00 sec    wall:  0.00 sec    ratio:  0.0
     time in riccmos       cpu:  2.74 sec    wall:  0.36 sec    ratio:  7.5
 leave riccmos at 2020-04-22 06:38:33.576

     total memory allocated for calculation of (Q|P)**(-1/2) : 9 MiB


     calculation of (P|Q) ...
     time in lp2sym        cpu:  0.18 sec    wall:  0.02 sec    ratio:  7.7


     calculation of the Cholesky decomposition of (P|Q)**(-1) ...
     time in invmetri      cpu:  0.60 sec    wall:  0.08 sec    ratio:  7.8

   threshold for RMS(d[D]) in SCF was     :  0.10E-08
   integral neglect threshold             :  0.10E-19
   derivative integral neglect threshold  :  0.10E-06


 setting up bound for integral derivative estimation

 increment for numerical differentiation : 0.00050000
 Allocatable memory for RI due to $ricore (MB):                  1000

 there are 1 real representations :   a   

 maximum number of shells which are related by symmetry :  1

  
           ------------------------
               RI-J - INFORMATION
           ------------------------
 Contributions to RI integral batches: 
  neglected integral batches:                   884
  direct contribution:                            0
  memory contribution:                  8432

          ------------------------
          nuclear repulsion energy  :   382.674810393    
          ------------------------


         -----------------
         -S,T+V- integrals
         -----------------

 1e-integrals will be neglected if expon. factor < 0.100000E-19

 residuum convergence criterium   :  0.10E-04


 integral neglect threshold       :  0.10E-19
 integral storage threshold THIZE :  0.10E-04
 integral storage threshold THIME :         5


 WARNING : cannot change filename for statistics 
  
           ------------------
           density functional
           ------------------
 PBE functional
 exchange:    LDA + PBE
 correlation: LDA (PW) + PBE

 spherical integration : Lebedev's spherical grid
 spherical gridsize    :                     4
    i.e. gridpoints    :                   434
 value for diffuse not defined
 radial integration    : Chebyshev 2nd kind (scaling 3)
 radial gridsize       :                     6
 integration cells     :                    16
 partition function    : becke
 partition sharpness   :                     3
  
 preparing numerical integration ....
          Overall gridpoints after grid construction =        156344

          IRREP   tensor space dimension   number of roots

           a             10496                   1

 Calculating ground state density on molecular grid

 Integral of ground state density: N =   64.00000608772207    


 eta value (in Hartrees) =  1.000000000000000E-002
 number of passes for ispin    1
 =    1
 
 Number of eigenvalues < 6e-3:                      0
 
 
            -----------------------------
            Complex frequency integration
            -----------------------------
 
 Number of Clenshaw-Curtis nodes:                    800
 Optimized scaling parameter    :    1.00000000000000     
 Sensitivity measure            :   8.607281554162682E-013
 
 Initializing scratch files
 Done with initializing scratch files
 --------------------------------------------------------
   Done with freq. integration, now evaluating residues  
 --------------------------------------------------------
 For ispin =                     1 Residue will be computed from orbitals
                     1 to                    32
 CAUTION: Replacing file wdensov_a      
 CAUTION: Replacing file wdensoo_a      
 CAUTION: Replacing file wdensvv_a      
 CAUTION: Replacing file edensoo_a      
 CAUTION: Replacing file edensvv_a      
 Contributions to RI integral batches: 
  neglected integral batches:                   930
  direct contribution:                         8386
  memory contribution:                     0
 =========================
    RPA eigenvalues (IPs)  
 =========================
 MO#                     1  -539.198456070205       -539.337945397254       eV
 MO#                     2  -539.337116615979       -539.199308682394       eV
 MO#                     3  -538.011336739595       -538.156872912287       eV
 MO#                     4  -538.155820183400       -538.012369377214       eV
 MO#                     5  -295.217649642535       -295.311097753520       eV
 MO#                     6  -295.310271209946       -295.218484959829       eV
 MO#                     7  -291.514629060587       -291.612706384225       eV
 MO#                     8  -291.611967197333       -291.515381478824       eV
 MO#                     9  -33.8937597140169       -33.9072947331665       eV
 MO#                    10  -33.6144442406856       -33.6277960183436       eV
 MO#                    11  -31.4588035706671       -31.4618351562549       eV
 MO#                    12  -31.2329584789500       -31.2448306129431       eV
 MO#                    13  -23.9998560454627       -24.0269878622947       eV
 MO#                    14  -23.7915670985250       -23.8170444786190       eV
 MO#                    15  -20.4978767433990       -20.4882824386728       eV
 MO#                    16  -20.1543286035085       -20.1462564267122       eV
 MO#                    17  -17.7056838729200       -17.7223966378179       eV
 MO#                    18  -16.5524017452673       -16.6059219198944       eV
 MO#                    19  -16.0813831246935       -16.3546279901399       eV
 MO#                    20  -16.0056584697414       -16.1713933353758       eV
 MO#                    21  -16.2092028055841       -16.1307261638879       eV
 MO#                    22  -16.4029938819257       -16.0597745179894       eV
 MO#                    23  -15.0919639295112       -15.0884644556064       eV
 MO#                    24  -14.9122965474194       -14.9090814022519       eV
 MO#                    25  -14.5330609819835       -14.5069054537989       eV
 MO#                    26  -14.2253805904573       -14.1794498171193       eV
 MO#                    27  -14.0609278827388       -14.0110535389961       eV
 MO#                    28  -13.4703402469977       -13.4706305349947       eV
 MO#                    29  -12.2379041611741       -12.2336553066978       eV
 MO#                    30  -11.9147901174977       -11.9113707905630       eV
 MO#                    31  -11.2914274570984       -11.2752847249983       eV
 MO#                    32  -10.9828728217708       -10.9638985888908       eV
 CAUTION: Replacing file evect_a        

                  --------------------------------------------------- 
                 |  HXX+RIRPA total energy     =   -458.56358300214  |
                  ---------------------------------------------------- 
                 :  RIRPA correlation energy   =     -2.74154709464  :
                 :  HXX total energy           =   -455.82203590750  :
                 :  Hartree energy             =    602.81124527403  :
                 :  Exact Exchange energy      =    -56.58242527297  :
                  .................................................... 


 maximum number of Davidson iterations set to   35


 logfile dipl_a    exists already

                    ------------------

                     CPKS equations   

                    ------------------
 CPKS equations will be skipped since either
       i)orbitals are optimized (oorpa>0)
      ii)ips/eas are requested     

                    -------------------

                     relaxed densities 

                    -------------------
 CAUTION: Replacing file edensov_a      
 Cartesian gradients will be skipped
 Wavefn analysis  will be skipped

    ------------------------------------------------------------------------
    Rirpa profiling                cpu                    wall         ratio
    ------------------------------------------------------------------------
    module                         sec     %               sec     %
    ------------------------------------------------------------------------
    RIRPA                      8572.3  100.00         1079.5  100.00   7.9
    ehxx                         54.4    0.63            6.8    0.63   8.0
    RIRPA_grad                 8505.5   99.22         1070.9   99.20   7.9
    numder                     8478.8   98.91         1066.7   98.81   7.9
    Qmatrix                     948.0   11.06          118.5   10.98   8.0
    tqbuild                     703.2    8.20           87.9    8.14   8.0
    trpaln                       17.7    0.21            2.2    0.21   7.9
    qtbuild                     153.9    1.80           19.2    1.78   8.0
    Q*Qt                        117.3    1.37           14.7    1.36   8.0
    T and GBQt                 5579.4   65.09          698.7   64.72   8.0
    rpatab                     1937.2   22.60          242.2   22.43   8.0
    rpatab,pre                   86.0    1.00           10.8    1.00   8.0
    rpatab,s*qt                1199.3   13.99          149.9   13.89   8.0
    rpatab,g*sqt                640.3    7.47           80.0    7.42   8.0
    rpatab,g*sqt,g*(s*          116.5    1.36           14.6    1.35   8.0
    rpatab,g*sqt,(g*s*         1248.5   14.56          156.1   14.46   8.0
    rpatab,m                    341.0    3.98           42.6    3.95   8.0
    rpatab,dinv*gsl              59.7    0.70            7.5    0.69   8.0
    rpatab,mprime               249.4    2.91           31.2    2.89   8.0
    rpagsqtipp                 1524.6   17.79          190.6   17.65   8.0
    rpatij                      571.4    6.67           71.4    6.62   8.0
    rpatij,pre                   33.2    0.39            4.2    0.39   8.0
    rpatij,g*s                   54.6    0.64            6.8    0.63   8.0
    rpatij,m                    172.2    2.01           21.6    2.00   8.0
    rpatij,dinv*gsqt            137.3    1.60           17.2    1.59   8.0
    rpatij,mprime               172.8    2.02           21.6    2.00   8.0
    W:rpawmat                  1638.1   19.11          204.8   18.97   8.0
    W:B*Qt1                    1638.0   19.11          204.8   18.97   8.0
    gamma                        23.6    0.28            7.7    0.71   3.1
    rpagip                       11.2    0.13            3.9    0.37   2.9
    H[ P ]                       15.6    0.18            2.0    0.18   8.0
    ------------------------------------------------------------------------
    sum                       45022.4  525.21         5659.4  524.24   8.0
    ------------------------------------------------------------------------


    ------------------------------------------------------------------------
         total  cpu-time :  2 hours 22 minutes and 52 seconds
         total wall-time : 18 minutes and  0 seconds
    ------------------------------------------------------------------------

   ****  rirpa : all done  ****


    2020-04-22 06:56:32.573 

