
   Number of threads specified in $smp_cpus =   8
 operating system is UNIX !

 ridft (c-14-144) : TURBOMOLE rev. V7-4-initial-tag-1259-gd9f9913 compiled 4 Feb 2020 at 11:55:58
 Copyright (C) 2020 TURBOMOLE GmbH, Karlsruhe


    2020-04-22 04:42:33.254 



                                  r i d f t

                        DFT program with RI approximation 
                                for coulomb part 




                                                 
                                 References:     
                                                 
          TURBOMOLE:                             
              R. Ahlrichs, M. Baer, M. Haeser, H. Horn, and
              C. Koelmel
              Electronic structure calculations on workstation
              computers: the program system TURBOMOLE
              Chem. Phys. Lett. 162: 165 (1989)
          Density Functional:                              
              O. Treutler and R. Ahlrichs                      
              Efficient Molecular Numerical Integration Schemes
              J. Chem. Phys. 102: 346 (1995)                   
          Parallel Version:                                
              Performance of parallel TURBOMOLE for Density    
              Functional Calculations                          
              M. v. Arnim and R. Ahlrichs                      
              J. Comp. Chem. 19: 1746 (1998)                   
          RI-J Method:                                     
              Auxiliary Basis Sets to approximate Coulomb      
              Potentials                                       
              Chem. Phys. Lett. 240: 283 (1995)                
              K. Eichkorn, O. Treutler, H. Oehm, M. Haeser     
              and R. Ahlrichs                                  
              Chem. Phys. Lett. 242: 652 (1995)                
                                                           
              Auxiliary Basis Sets for Main Row Atoms and their
              Use to approximate Coulomb Potentials            
              K. Eichkorn, F. Weigend, O. Treutler and         
              R. Ahlrichs                                      
              Theo. Chem. Acc. 97: 119 (1997)                   
                                                           
              Accurate Coulomb-fitting basis sets for H to Rn 
              F. Weigend                                        
              Phys. Chem. Chem. Phys. 8: 1057 (2006)            
                                                           
          Multipole accelerated RI-J (MARI-J):             
              Fast evaluation of the Coulomb potential for     
              electron densities using multipole accelerated   
              resolution of identity approximation             
              M. Sierka, A. Hogekamp and R. Ahlrichs           
              J. Chem. Phys. 118: 9136 (2003)                  
          RI-JK Method:                                     
              A fully direct RI-HF algorithm: Implementation,
              optimised auxiliary basis sets, demonstration of
              accuracy and efficiency                         
              F. Weigend                                      
              Phys. Chem. Chem. Phys. 4: 4285 (2002)           
          Two-component HF and DFT with spin-orbit coupling:  
              Self-consistent treatment of spin-orbit         
              interactions with efficient Hartree-Fock and    
              density functional methods                      
              M. K. Armbruster, F. Weigend, C. van Wüllen and 
              W. Klopper                                      
              Phys. Chem. Chem. Phys. 10: 1748 (2008)         
          Two-component difference density and DIIS algorithm 
              Efficient two-component self-consistent field   
              procedures and gradients: implementation in     
              TURBOMOLE and application to Au20-              
              A. Baldes, F. Weigend                           
              Mol. Phys. 111: 2617 (2013)                     
          Relativistic all-electron 2c calculations           
              An efficient implementation of two-component    
              relativistic exact-decoupling methods for large 
              molecules                                       
              D. Peng, N. Middendorf, F. Weigend, M. Reiher   
              J. Chem. Phys. 138: 184105 (2013)               
          Finite nucleus model and SNSO approximation         
              Efficient implementation of one- and two-       
              component analytical energy gradients in exact  
              two-component theory                            
              Y. J. Franzke, N. Middendorf, F. Weigend        
              J. Chem. Phys. 148: 104110 (2018)               
          Grids for all-electron relativistic methods         
              Error-consistent segmented contracted all-      
              electron relativistic basis sets of double-     
              and triple-zeta quality for NMR shielding       
              constants                                       
              Y. J. Franzke, R. Tress, T. M. Pazdera,         
              F. Weigend                                      
              Phys. Chem. Chem. Phys. 21: 166658 (2019)       
          Improved seminumerical algorithms                   
              C. Holzer, in preparation (2020)                
                                         





          OpenMP Shared-Memory Parallelization:  8 CPUs.

            By: Christof Holzer and Yannick J. Franzke


              +--------------------------------------------------+
              |      general information about current run       |
              +--------------------------------------------------+

 

 DENSITY CONVERGENCE CHECK SWITCHED ON !
 SCF CONVERGENCE IF RMS(delta[D]) <     0.1000000000E-08

 PBE functional
 exchange:    LDA + PBE
 correlation: LDA (PW) + PBE
 A DFT calculation using the RI-J approximation will be carried out.
 Allocatable memory for RI due to $ricore (MB):                  1000


              +--------------------------------------------------+
              | Atomic coordinate, charge and isotop information |
              +--------------------------------------------------+

                    atomic coordinates            atom    charge  isotop
          6.19523026    1.76411488    0.00000000    c      6.000     0
          3.45579894    1.02070718    0.00000000    c      6.000     0
          7.12365163    0.96968289   -1.66166115    h      1.000     0
          7.12365163    0.96968289    1.66166115    h      1.000     0
          6.36946141    3.80953431    0.00000000    h      1.000     0
          3.09891562   -1.44447825    0.00000000    o      8.000     0
          1.73413625    2.58030095    0.00000000    o      8.000     0
          1.23165949   -1.84598387    0.00000000    h      1.000     0
         -7.12365163   -0.96968289   -1.66166115    h      1.000     0
         -3.09891562    1.44447825    0.00000000    o      8.000     0
         -3.45579894   -1.02070718    0.00000000    c      6.000     0
         -6.19523026   -1.76411488    0.00000000    c      6.000     0
         -7.12365163   -0.96968289    1.66166115    h      1.000     0
         -1.23165949    1.84598387    0.00000000    h      1.000     0
         -6.36946141   -3.80953431    0.00000000    h      1.000     0
         -1.73413625   -2.58030095    0.00000000    o      8.000     0
 
       center of nuclear mass  :    0.00000000    0.00000000    0.00000000
       center of nuclear charge:   -0.00000000    0.00000000    0.00000000

              +--------------------------------------------------+
              |               basis set information              |
              +--------------------------------------------------+

              we will work with the 1s 3p 5d 7f 9g ... basis set
              ...i.e. with spherical basis functions...

   type   atoms  prim   cont   basis
   ---------------------------------------------------------------------------
    c        4     46     31   def2-TZVPP   [5s3p2d1f|11s6p2d1f]
    h        8     16     14   def2-TZVPP   [3s2p1d|5s2p1d]
    o        4     46     31   def2-TZVPP   [5s3p2d1f|11s6p2d1f]
   ---------------------------------------------------------------------------
   total:   16    496    360
   ---------------------------------------------------------------------------

   total number of primitive shells          :   48
   total number of contracted shells         :  136
   total number of cartesian basis functions :  408
   total number of SCF-basis functions       :  360


 integral neglect threshold       :  0.10E-19
 integral storage threshold THIZE :  0.10E-04
 integral storage threshold THIME :         5

 RI-J AUXILIARY BASIS SET information:

              we will work with the 1s 3p 5d 7f 9g ... basis set
              ...i.e. with spherical basis functions...

   type   atoms  prim   cont   basis
   ---------------------------------------------------------------------------
    c        4     70     49   def2-TZVPP   [6s4p3d1f1g|12s5p4d2f1g]
    h        8     16     11   def2-TZVPP   [3s1p1d|5s2p1d]
    o        4     70     49   def2-TZVPP   [6s4p3d1f1g|12s5p4d2f1g]
   ---------------------------------------------------------------------------
   total:   16    688    480
   ---------------------------------------------------------------------------

   total number of primitive shells          :   56
   total number of contracted shells         :  160
   total number of cartesian basis functions :  584
   total number of SCF-basis functions       :  480


 symmetry group of the molecule :   c1 

 the group has the following generators :
   c1(z)

    1 symmetry operations found

 there are 1 real representations :   a   

 maximum number of shells which are related by symmetry :  1

  
           ------------------
           density functional
           ------------------
 PBE functional
 exchange:    LDA + PBE
 correlation: LDA (PW) + PBE

 spherical integration : Lebedev's spherical grid
 spherical gridsize    :                     4
    i.e. gridpoints    :                   434
 value for diffuse not defined
 radial integration    : Chebyshev 2nd kind (scaling 3)
 radial gridsize       :                     6
 integration cells     :                    16
 partition function    : becke
 partition sharpness   :                     3
  

 biggest AO integral is expected to be     7.998976882

          ------------------------
          nuclear repulsion energy  :   382.674810393    
          ------------------------


         -----------------
         -S,T+V- integrals
         -----------------

 1e-integrals will be neglected if expon. factor < 0.100259E-20
 
   Difference densities algorithm switched on.
   The maximal number of linear combinations of
   difference densities is                    20 .

 DIIS switched on: error vector is FDS-SDF
 Max. Iterations for DIIS is     :   4
 DIIS matrix (see manual) 
    Scaling factor of diagonals  :  1.200
    threshold for scaling factor :  0.000

 scf convergence criterion : increment of total energy < .1000000D-07
                  and increment of one-electron energy < .1000000D-04

 MOs are in ASCII format !


    mo occupation :
   irrep   mo's   occupied
    a      360       32
 
 number of basis functions   :   360
 number of occupied orbitals :    32
 

 reading orbital data $scfmo  from file mos
 orbital characterization : scfconv=8
 mo-orthogonalization by Cholesky decomposition

 automatic virtual orbital shift switched on 
      shift if e(lumo)-e(homo) < 0.10000000    

  
           ------------------------
               RI-J - INFORMATION
           ------------------------
 Contributions to RI integral batches: 
  neglected integral batches:                  2023
  direct contribution:                            0
  memory contribution:                  7293
 Memory core needed for (P|Q) and Cholesky      2 MByte
 Memory core minimum needed except of (P|Q)     1 MByte
 Total minimum memory core needed (sum)         3 MByte
  
 ****************************************
 Memory allocated for RI-J   290 MByte
 ****************************************
                                            

 DSCF restart information will be dumped onto file mos


 Starting SCF iterations

          Overall gridpoints after grid construction =        156344

 ITERATION  ENERGY          1e-ENERGY        2e-ENERGY     RMS[dD(SAO)]   TOL
   1  -457.85359168362    -1384.7256663     544.19726423    0.000D+00 0.100D-19
                            Exc = -58.6139810497     Coul =  602.811245278    
                              N = 64.000006088    
                            current damping = 0.700
 
          max. resid. norm for Fia-block=  8.700D-02 for orbital      2a         
          max. resid. fock norm         =  8.700D-02 for orbital      2a         

 ITERATION  ENERGY          1e-ENERGY        2e-ENERGY     RMS[dD(SAO)]   TOL
   2  -457.88156325283    -1385.0847898     544.52841614    0.896D-03 0.633D-20
                            Exc = -58.5704288565     Coul =  603.098845000    
                              N = 64.000007151    
                            current damping = 0.650
 
          Norm of current diis error: 0.38561    
          max. resid. norm for Fia-block=  3.591D-02 for orbital      2a         
          max. resid. fock norm         =  3.592D-02 for orbital      2a         

 ITERATION  ENERGY          1e-ENERGY        2e-ENERGY     RMS[dD(SAO)]   TOL
   3  -457.88473847536    -1385.1345315     544.57498267    0.416D-03 0.522D-20
                            Exc = -58.6149460935     Coul =  603.189928767    
                              N = 64.000007535    
                            current damping = 0.500
 
          Norm of current diis error: 0.27952    
          max. resid. norm for Fia-block=  1.617D-02 for orbital      4a         
          max. resid. fock norm         =  1.715D-02 for orbital    360a         

 ITERATION  ENERGY          1e-ENERGY        2e-ENERGY     RMS[dD(SAO)]   TOL
   4  -457.88805220349    -1384.8693594     544.30649676    0.318D-03 0.469D-20
                            Exc = -58.5615281000     Coul =  602.868024865    
                              N = 64.000007971    
                            current damping = 0.550
 
          Norm of current diis error: 0.96763E-01
          max. resid. norm for Fia-block=  5.604D-03 for orbital     30a         
          max. resid. fock norm         =  1.388D-02 for orbital    357a         

 ITERATION  ENERGY          1e-ENERGY        2e-ENERGY     RMS[dD(SAO)]   TOL
   5  -457.88832729661    -1385.0160581     544.45292044    0.132D-03 0.462D-20
                            Exc = -58.5696087265     Coul =  603.022529168    
                              N = 64.000007893    
                            current damping = 0.600
 
          Norm of current diis error: 0.66155E-01
          max. resid. norm for Fia-block=  2.408D-03 for orbital     30a         
          max. resid. fock norm         =  5.160D-03 for orbital    360a         
          mo-orthogonalization: Cholesky decomposition

 ITERATION  ENERGY          1e-ENERGY        2e-ENERGY     RMS[dD(SAO)]   TOL
   6  -457.88853290696    -1385.0719815     544.50863824    0.467D-04 0.450D-20
                            Exc = -58.5762716527     Coul =  603.084909896    
                              N = 64.000007902    
                            current damping = 0.450
 
          Norm of current diis error: 0.15097E-01
          max. resid. norm for Fia-block=  7.479D-04 for orbital      4a         
          max. resid. fock norm         =  9.719D-04 for orbital     73a         

 ITERATION  ENERGY          1e-ENERGY        2e-ENERGY     RMS[dD(SAO)]   TOL
   7  -457.88854353725    -1385.0007433     544.43738933    0.248D-04 0.442D-20
                            Exc = -58.5698932490     Coul =  603.007282579    
                              N = 64.000007956    
                            current damping = 0.500
 
          Norm of current diis error: 0.51487E-02
          max. resid. norm for Fia-block=  2.184D-04 for orbital      4a         
          max. resid. fock norm         =  2.952D-04 for orbital    360a         

 ITERATION  ENERGY          1e-ENERGY        2e-ENERGY     RMS[dD(SAO)]   TOL
   8  -457.88854449459    -1385.0136498     544.45029487    0.447D-05 0.430D-20
                            Exc = -58.5707995818     Coul =  603.021094451    
                              N = 64.000007952    
                            current damping = 0.550
 
          Norm of current diis error: 0.21110E-02
          max. resid. norm for Fia-block=  1.160D-04 for orbital     32a         
          max. resid. fock norm         =  1.494D-04 for orbital     17a         

 ITERATION  ENERGY          1e-ENERGY        2e-ENERGY     RMS[dD(SAO)]   TOL
   9  -457.88854466886    -1385.0189389     544.45558385    0.260D-05 0.417D-20
                            Exc = -58.5715252842     Coul =  603.027109138    
                              N = 64.000007949    
                            current damping = 0.400
 
          Norm of current diis error: 0.10156E-02
          max. resid. norm for Fia-block=  3.034D-05 for orbital      2a         
          max. resid. fock norm         =  3.613D-05 for orbital     34a         

 ITERATION  ENERGY          1e-ENERGY        2e-ENERGY     RMS[dD(SAO)]   TOL
  10  -457.88854471448    -1385.0179757     544.45462056    0.824D-06 0.399D-20
                            Exc = -58.5713166765     Coul =  603.025937236    
                              N = 64.000007950    
                            current damping = 0.450
 
          Norm of current diis error: 0.29420E-03
          max. resid. norm for Fia-block=  1.603D-05 for orbital     30a         
          max. resid. fock norm         =  3.878D-05 for orbital    360a         
          mo-orthogonalization: Cholesky decomposition

 ITERATION  ENERGY          1e-ENERGY        2e-ENERGY     RMS[dD(SAO)]   TOL
  11  -457.88854471675    -1385.0176545     544.45429940    0.427D-06 0.392D-20
                            Exc = -58.5713031251     Coul =  603.025602525    
                              N = 64.000007950    
                            current damping = 0.300
 
          Norm of current diis error: 0.20071E-03
          max. resid. norm for Fia-block=  5.766D-06 for orbital     30a         
          max. resid. fock norm         =  1.393D-05 for orbital    357a         

 ITERATION  ENERGY          1e-ENERGY        2e-ENERGY     RMS[dD(SAO)]   TOL
  12  -457.88854471875    -1385.0178127     544.45445759    0.166D-06 0.385D-20
                            Exc = -58.5713108650     Coul =  603.025768453    
                              N = 64.000007950    
                            current damping = 0.350
 
          Norm of current diis error: 0.24709E-04
          max. resid. norm for Fia-block=  1.146D-06 for orbital     25a         
          max. resid. fock norm         =  1.885D-06 for orbital    356a         

 ITERATION  ENERGY          1e-ENERGY        2e-ENERGY     RMS[dD(SAO)]   TOL
  13  -457.88854471878    -1385.0178077     544.45445262    0.283D-07 0.377D-20
                            Exc = -58.5713107067     Coul =  603.025763327    
                              N = 64.000007950    
                            current damping = 0.400
 
          Norm of current diis error: 0.90908E-05
          max. resid. norm for Fia-block=  3.178D-07 for orbital     25a         
          max. resid. fock norm         =  7.784D-07 for orbital    354a         

 ITERATION  ENERGY          1e-ENERGY        2e-ENERGY     RMS[dD(SAO)]   TOL
  14  -457.88854471878    -1385.0178197     544.45446454    0.749D-08 0.377D-20
                            Exc = -58.5713113867     Coul =  603.025775928    
                              N = 64.000007950    
                            current damping = 0.450
 
          Norm of current diis error: 0.27565E-05
          max. resid. norm for Fia-block=  1.123D-07 for orbital     32a         
          max. resid. fock norm         =  1.749D-07 for orbital     17a         

 ENERGY & DENSITY CONVERGED !


 ITERATION  ENERGY          1e-ENERGY        2e-ENERGY     RMS[dD(SAO)]   TOL
  15  -457.88854471878    -1385.0178164     544.45446132    0.339D-08 0.371D-20
                            Exc = -58.5713110120     Coul =  603.025772327    
                              N = 64.000007950    
                            current damping = 0.500
 
          Norm of current diis error: 0.10739E-05
          max. resid. norm for Fia-block=  3.538D-08 for orbital     32a         
          max. resid. fock norm         =  4.403D-08 for orbital     20a         

 End of SCF iterations

   convergence criteria satisfied after    15 iterations


                  ------------------------------------------ 
                 |  total energy      =   -457.88854471878  |
                  ------------------------------------------ 
                 :  kinetic energy    =    456.18905604881  :
                 :  potential energy  =   -914.07760076759  :
                 :  virial theorem    =      1.99628842283  :
                 :  wavefunction norm =      1.00000000000  :
                  .......................................... 


 orbitals $scfmo  will be written to file mos

    irrep                 28a         29a         30a         31a         32a   
 eigenvalues H         -0.32181    -0.29195    -0.28091    -0.25209    -0.24495
            eV          -8.7569     -7.9444     -7.6441     -6.8597     -6.6654
 occupation              2.0000      2.0000      2.0000      2.0000      2.0000

    irrep                 33a         34a         35a         36a         37a   
 eigenvalues H         -0.04634    -0.03753     0.01951     0.02898     0.08176
            eV          -1.2611     -1.0212      0.5308      0.7886      2.2249
 
 
 
 
 ==============================================================================
                           electrostatic moments
 ==============================================================================

 reference point for electrostatic moments:    0.00000   0.00000   0.00000

 
              nuc           elec       ->  total
 ------------------------------------------------------------------------------
                          charge      
 ------------------------------------------------------------------------------
          64.000000     -64.000000      -0.000000
 
 ------------------------------------------------------------------------------
                       dipole moment  
 ------------------------------------------------------------------------------
   x      -0.000000      -0.000000      -0.000000
   y       0.000000       0.000000       0.000000
   z       0.000000       0.000000       0.000000
 
   | dipole moment | =     0.0000 a.u. =     0.0000 debye 
 
 ------------------------------------------------------------------------------
                     quadrupole moment
 ------------------------------------------------------------------------------
  xx    1092.808895   -1118.661064     -25.852169
  yy     229.360416    -268.894286     -39.533870
  zz      11.044471     -45.489277     -34.444805
  xy     245.062764    -241.402753       3.660012
  xz       0.000000       0.000000       0.000000
  yz       0.000000       0.000000       0.000000
 
     1/3  trace=     -33.276948
     anisotropy=      13.551661
 
 ==============================================================================
 
HOMO-LUMO Separation
 HOMO         :   -0.24494548 H =     -6.66531 eV
 LUMO         :   -0.04634382 H =     -1.26108 eV
 HOMO-LUMO gap:    0.19860166 H =     +5.40423 eV
 
 ==============================================================================


    ------------------------------------------------------------------------
         total  cpu-time :  2 minutes and  1 seconds
         total wall-time :  17.14 seconds
    ------------------------------------------------------------------------

   ****  ridft : all done  ****


    2020-04-22 04:42:50.123 

