
   Number of threads specified in $smp_cpus =   8

 rirpa (c-14-144) : TURBOMOLE rev. V7-4-initial-tag-1259-gd9f9913 compiled 4 Feb 2020 at 15:02:22
 Copyright (C) 2020 TURBOMOLE GmbH, Karlsruhe


    2020-04-22 04:42:51.114 

 
 
    *************************************************************************
    *************************** PROGRAM RIRPA *******************************
    ******                                                             ******
    ******              H. Eshuis, J. E. Bates and F. Furche           ******
    ******                                                             ******
    ****** Nov 2011                                                    ******
    ****** Copyright TURBOMOLE GmbH                                    ******
    *************************************************************************
    
    
                                References:                                  
    
                   RIRPA:                                                    
                     H. Eshuis, J. Yarkony, and F. Furche                    
                     Fast Computation of Molecular Random Phase              
                     Approximation Correlation Energies Using Resolution     
                     of the Identity and Imaginary Frequency Integration     
                     J. Chem. Phys. 132: 234114 (2010)                       
    
                     H. Eshuis, J. E. Bates, and F. Furche                   
                     Electron Correlation Methods Based on                   
                     the Random Phase Approximation                          
                     Theor. Chem. Acc.  131: 1084 (2012)                     
    
                     G. P. Chen, V. K. Voora, M. M. Agee,                    
                     S. G. Balasubramani, and F. Furche                      
                     Random-Phase Approximation Methods                      
                     Annu. Rev. Phys. Chem. 68: 421 (2017)                   
    
                   TWO-COMPONENT RIRPA:                                      
                     M. Kuehn                                                
                     Correlation Energies from the                           
                     Two-Component Random-Phase Approximation                
                     J. Chem. Theory Comput. 10: 623 (2014)                  
    
                   RIRPA GRADIENTS:                                          
                     A. M. Burow, J. E. Bates, F. Furche*, and H. Eshuis     
                     Analytical First-Order Molecular Properties and Forces  
                     within the Adiabatic Connection Random Phase            
                     Approximation                                           
                     J. Chem. Theory Comput. 10: 180 (2014)                  
    
                   RI-AXK/RI-ACSOSEX/RI-ACSOX:                               
                     G. P. Chen, M. M. Agee, and F. Furche                   
                     Performance and Scope of Perturbative Corrections to    
                     Random-Phase Approximation Energies                     
                     J. Chem. Theory Comput. 14: 5701 (2018)                 
    
                   GKS-RPA:                                                  
                     V. K. Voora, S. G. Balasubramani, and F. Furche         
                     Variational Generalized Kohn-Sham Approach Combining    
                     the Random-Phase-Approximation and Green’s-Function     
                     Methods                                                 
                     Phys. Rev. A (accepted)                                 
    
    
    
      ... OpenMP parallelization enabled, threads:    8

   *-----------------------------------------------------------------------*
   |                     program will use  8 thread(s)                     |
   *-----------------------------------------------------------------------*

 MAXIMUM CORE MEMORY WHICH CAN BE ALLOCATED DYNAMICALLY = 20000 MiB
              ( or 2621440000 double words per process)

 
                FOUND RI-J FLAG
 
  HF exact exchange energy will be computed using RI-J.
  ****************************************
  **  Orbital Optimized RPA Calculation **
  ****************************************


              +--------------------------------------------------+
              | Atomic coordinate, charge and isotop information |
              +--------------------------------------------------+

                    atomic coordinates            atom    charge  isotop
          6.19523026    1.76411488    0.00000000    c      6.000     0
          3.45579894    1.02070718    0.00000000    c      6.000     0
          7.12365163    0.96968289   -1.66166115    h      1.000     0
          7.12365163    0.96968289    1.66166115    h      1.000     0
          6.36946141    3.80953431    0.00000000    h      1.000     0
          3.09891562   -1.44447825    0.00000000    o      8.000     0
          1.73413625    2.58030095    0.00000000    o      8.000     0
          1.23165949   -1.84598387    0.00000000    h      1.000     0
         -7.12365163   -0.96968289   -1.66166115    h      1.000     0
         -3.09891562    1.44447825    0.00000000    o      8.000     0
         -3.45579894   -1.02070718    0.00000000    c      6.000     0
         -6.19523026   -1.76411488    0.00000000    c      6.000     0
         -7.12365163   -0.96968289    1.66166115    h      1.000     0
         -1.23165949    1.84598387    0.00000000    h      1.000     0
         -6.36946141   -3.80953431    0.00000000    h      1.000     0
         -1.73413625   -2.58030095    0.00000000    o      8.000     0
 
       center of nuclear mass  :    0.00000000    0.00000000    0.00000000
       center of nuclear charge:   -0.00000000    0.00000000    0.00000000
              +-------------------------------------------------+
              |        Rotational Constants Section             |
              +-------------------------------------------------+
                                   Center of Mass [a.u]:
               0.00000000000000         0.00000000000000         0.00000000000000
                     Principal Moments of Inertia [a.u.]
             320.21249044583215      2023.42337638155095      2321.37087560705095
                       Rotational constants A,B,C [a.u.]
               0.00156146313751         0.00024710597191         0.00021538996860
                     Rotational constants A,B,C [cm**-1]
               0.18799918270719         0.02975140408040         0.02593281716809
                        Rotational constants A,B,C [MHz]
            5636.07370857806654       891.92465582138504       777.44630016869246

   * BASIS SET information:

              +--------------------------------------------------+
              |               basis set information              |
              +--------------------------------------------------+

              we will work with the 1s 3p 5d 7f 9g ... basis set
              ...i.e. with spherical basis functions...

   type   atoms  prim   cont   basis
   ---------------------------------------------------------------------------
    c        4     46     31   def2-TZVPP   [5s3p2d1f|11s6p2d1f]
    h        8     16     14   def2-TZVPP   [3s2p1d|5s2p1d]
    o        4     46     31   def2-TZVPP   [5s3p2d1f|11s6p2d1f]
   ---------------------------------------------------------------------------
   total:   16    496    360
   ---------------------------------------------------------------------------

   total number of primitive shells          :   48
   total number of contracted shells         :  136
   total number of cartesian basis functions :  408
   total number of SCF-basis functions       :  360


   * AUXILIARY BASIS SET information:

              +--------------------------------------------------+
              |               basis set information              |
              +--------------------------------------------------+

              we will work with the 1s 3p 5d 7f 9g ... basis set
              ...i.e. with spherical basis functions...

   type   atoms  prim   cont   basis
   ---------------------------------------------------------------------------
    c        4     81     76   def2-TZVPP   [8s6p4d3f1g|8s6p5d3f1g]
    h        8     30     30   def2-TZVPP   [4s3p2d1f|4s3p2d1f]
    o        4     81     76   def2-TZVPP   [8s6p4d3f1g|8s6p5d3f1g]
   ---------------------------------------------------------------------------
   total:   16    888    848
   ---------------------------------------------------------------------------

   total number of primitive shells          :   56
   total number of contracted shells         :  256
   total number of cartesian basis functions : 1040
   total number of SCF-basis functions       :  848


   * RIJ AUXILIARY BASIS SET information:

              +--------------------------------------------------+
              |               basis set information              |
              +--------------------------------------------------+

              we will work with the 1s 3p 5d 7f 9g ... basis set
              ...i.e. with spherical basis functions...

   type   atoms  prim   cont   basis
   ---------------------------------------------------------------------------
    c        4     70     49   def2-TZVPP   [6s4p3d1f1g|12s5p4d2f1g]
    h        8     16     11   def2-TZVPP   [3s1p1d|5s2p1d]
    o        4     70     49   def2-TZVPP   [6s4p3d1f1g|12s5p4d2f1g]
   ---------------------------------------------------------------------------
   total:   16    688    480
   ---------------------------------------------------------------------------

   total number of primitive shells          :   56
   total number of contracted shells         :  160
   total number of cartesian basis functions :  584
   total number of SCF-basis functions       :  480


 reading orbital data $scfmo  from file mos
 orbital characterization : scfconv=8

    mo occupation :
   irrep   mo's   occupied
    a      360       32
 
 number of basis functions   :   360
 number of occupied orbitals :    32
 

 integral neglect threshold       :  0.46E+02

 scfconv                     8

 there are 1 real representations :   a   

 maximum number of shells which are related by symmetry :  1

 time elapsed for calculating density matrices :   0.073 sec
 all orbitals will be active in the correlation treatment

     total memory allocated for calculation of (Q|P)**(-1/2) : 9 MiB


     calculation of (P|Q) ...
     time in lp2sym        cpu:  0.19 sec    wall:  0.10 sec    ratio:  1.9


     calculation of the Cholesky decomposition of (P|Q)**(-1) ...
     time in invmetri      cpu:  0.43 sec    wall:  0.05 sec    ratio:  7.9

   threshold for RMS(d[D]) in SCF was     :  0.10E-08
   integral neglect threshold             :  0.10E-19
   derivative integral neglect threshold  :  0.10E-06


 setting up bound for integral derivative estimation

 increment for numerical differentiation : 0.00050000
 Allocatable memory for RI due to $ricore (MB):                  1000

 there are 1 real representations :   a   

 maximum number of shells which are related by symmetry :  1

  
           ------------------------
               RI-J - INFORMATION
           ------------------------
 Contributions to RI integral batches: 
  neglected integral batches:                   884
  direct contribution:                            0
  memory contribution:                  8432

          ------------------------
          nuclear repulsion energy  :   382.674810393    
          ------------------------


         -----------------
         -S,T+V- integrals
         -----------------

 1e-integrals will be neglected if expon. factor < 0.100000E-19

 residuum convergence criterium   :  0.10E-04


 integral neglect threshold       :  0.10E-19
 integral storage threshold THIZE :  0.10E-04
 integral storage threshold THIME :         5


 WARNING : cannot change filename for statistics 
  
           ------------------
           density functional
           ------------------
 PBE functional
 exchange:    LDA + PBE
 correlation: LDA (PW) + PBE

 spherical integration : Lebedev's spherical grid
 spherical gridsize    :                     4
    i.e. gridpoints    :                   434
 value for diffuse not defined
 radial integration    : Chebyshev 2nd kind (scaling 3)
 radial gridsize       :                     6
 integration cells     :                    16
 partition function    : becke
 partition sharpness   :                     3
  
 preparing numerical integration ....
          Overall gridpoints after grid construction =        156344

          IRREP   tensor space dimension   number of roots

           a             10496                   1
 Orbital optimization will be carried out

 Calculating ground state density on molecular grid

 Integral of ground state density: N =   64.00000795017681    


          Overall gridpoints after grid construction =        156344
 number of passes for ispin    1
 =    1
 
            -----------------------------
            Complex frequency integration
            -----------------------------
 
 Number of Clenshaw-Curtis nodes:                    800
 Optimized scaling parameter    :    1.00000000000000     
 Sensitivity measure            :   1.698363671920333E-013
 
 Contributions to RI integral batches: 
  neglected integral batches:                   930
  direct contribution:                         8386
  memory contribution:                     0

                  --------------------------------------------------- 
                 |  HXX+RIRPA total energy     =   -458.52750088998  |
                  ---------------------------------------------------- 
                 :  RIRPA correlation energy   =     -2.78649480989  :
                 :  HXX total energy           =   -455.74100608009  :
                 :  Hartree energy             =    603.02577232733  :
                 :  Exact Exchange energy      =    -56.42377237333  :
                  .................................................... 

          max. resid. norm for Fia-block=  9.044D-02 for orbital      2a         
          max. resid. fock norm         =  2.065D-01 for orbital    359a         
          Overall gridpoints after grid construction =        156344

 orbitals $scfmo  will be written to file mos
          Overall gridpoints after grid construction =        156344
                            current damping = 0.650
 time elapsed for calculating density matrices :   0.066 sec
 all orbitals will be active in the correlation treatment

 Calculating ground state density on molecular grid

 Integral of ground state density: N =   64.00000705673355    


 Contributions to RI integral batches: 
  neglected integral batches:                   930
  direct contribution:                         8386
  memory contribution:                     0

                  --------------------------------------------------- 
                 |  HXX+RIRPA total energy     =   -458.55553548518  |
                  ---------------------------------------------------- 
                 :  RIRPA correlation energy   =     -2.76160459690  :
                 :  HXX total energy           =   -455.79393088828  :
                 :  Hartree energy             =    602.75493641024  :
                 :  Exact Exchange energy      =    -56.50791801288  :
                  .................................................... 

          Norm of current diis error: 0.36963    
          max. resid. norm for Fia-block=  3.991D-02 for orbital      2a         
          max. resid. fock norm         =  1.963D-01 for orbital    359a         
          Overall gridpoints after grid construction =        156344

 orbitals $scfmo  will be written to file mos
          Overall gridpoints after grid construction =        156344
                            current damping = 0.550
 time elapsed for calculating density matrices :   0.075 sec
 all orbitals will be active in the correlation treatment

 Calculating ground state density on molecular grid

 Integral of ground state density: N =   64.00000652580549    


 Contributions to RI integral batches: 
  neglected integral batches:                   930
  direct contribution:                         8386
  memory contribution:                     0

                  --------------------------------------------------- 
                 |  HXX+RIRPA total energy     =   -458.56196996039  |
                  ---------------------------------------------------- 
                 :  RIRPA correlation energy   =     -2.75062808315  :
                 :  HXX total energy           =   -455.81134187724  :
                 :  Hartree energy             =    602.76398404150  :
                 :  Exact Exchange energy      =    -56.53894971677  :
                  .................................................... 

          Norm of current diis error: 0.16014    
          max. resid. norm for Fia-block=  1.700D-02 for orbital      4a         
          max. resid. fock norm         =  1.938D-01 for orbital    359a         
          Overall gridpoints after grid construction =        156344

 orbitals $scfmo  will be written to file mos
          Overall gridpoints after grid construction =        156344
                            current damping = 0.450
 time elapsed for calculating density matrices :   0.046 sec
 all orbitals will be active in the correlation treatment

 Calculating ground state density on molecular grid

 Integral of ground state density: N =   64.00000621124910    


 Contributions to RI integral batches: 
  neglected integral batches:                   930
  direct contribution:                         8386
  memory contribution:                     0

                  --------------------------------------------------- 
                 |  HXX+RIRPA total energy     =   -458.56337747052  |
                  ---------------------------------------------------- 
                 :  RIRPA correlation energy   =     -2.74453228524  :
                 :  HXX total energy           =   -455.81884518528  :
                 :  Hartree energy             =    602.82580337968  :
                 :  Exact Exchange energy      =    -56.57307852495  :
                  .................................................... 

          Norm of current diis error: 0.55941E-01
          max. resid. norm for Fia-block=  5.579D-03 for orbital      2a         
          max. resid. fock norm         =  1.936D-01 for orbital    359a         
          Overall gridpoints after grid construction =        156344

 orbitals $scfmo  will be written to file mos
          Overall gridpoints after grid construction =        156344
                            current damping = 0.350
 time elapsed for calculating density matrices :   0.045 sec
 all orbitals will be active in the correlation treatment

 Calculating ground state density on molecular grid

 Integral of ground state density: N =   64.00000612990378    


 Contributions to RI integral batches: 
  neglected integral batches:                   930
  direct contribution:                         8386
  memory contribution:                     0

                  --------------------------------------------------- 
                 |  HXX+RIRPA total energy     =   -458.56355990124  |
                  ---------------------------------------------------- 
                 :  RIRPA correlation energy   =     -2.74246413487  :
                 :  HXX total energy           =   -455.82109576636  :
                 :  Hartree energy             =    602.80413933755  :
                 :  Exact Exchange energy      =    -56.57777908865  :
                  .................................................... 

          Norm of current diis error: 0.18072E-01
          max. resid. norm for Fia-block=  1.714D-03 for orbital      3a         
          max. resid. fock norm         =  1.937D-01 for orbital    359a         
          Overall gridpoints after grid construction =        156344

 orbitals $scfmo  will be written to file mos
          Overall gridpoints after grid construction =        156344
                            current damping = 0.250
 time elapsed for calculating density matrices :   0.047 sec
 all orbitals will be active in the correlation treatment

 Calculating ground state density on molecular grid

 Integral of ground state density: N =   64.00000609502160    


 Contributions to RI integral batches: 
  neglected integral batches:                   930
  direct contribution:                         8386
  memory contribution:                     0

                  --------------------------------------------------- 
                 |  HXX+RIRPA total energy     =   -458.56358035459  |
                  ---------------------------------------------------- 
                 :  RIRPA correlation energy   =     -2.74177363440  :
                 :  HXX total energy           =   -455.82180672019  :
                 :  Hartree energy             =    602.81178055274  :
                 :  Exact Exchange energy      =    -56.58152315920  :
                  .................................................... 

          Norm of current diis error: 0.50926E-02
          max. resid. norm for Fia-block=  4.856D-04 for orbital     30a         
          max. resid. fock norm         =  1.937D-01 for orbital    359a         
          Overall gridpoints after grid construction =        156344

 orbitals $scfmo  will be written to file mos
          Overall gridpoints after grid construction =        156344
                            current damping = 0.150
 time elapsed for calculating density matrices :   0.072 sec
 all orbitals will be active in the correlation treatment

 Calculating ground state density on molecular grid

 Integral of ground state density: N =   64.00000608920466    


 Contributions to RI integral batches: 
  neglected integral batches:                   930
  direct contribution:                         8386
  memory contribution:                     0

                  --------------------------------------------------- 
                 |  HXX+RIRPA total energy     =   -458.56358255252  |
                  ---------------------------------------------------- 
                 :  RIRPA correlation energy   =     -2.74159880321  :
                 :  HXX total energy           =   -455.82198374931  :
                 :  Hartree energy             =    602.81144456074  :
                 :  Exact Exchange energy      =    -56.58223006986  :
                  .................................................... 

          Norm of current diis error: 0.19353E-02
          max. resid. norm for Fia-block=  1.583D-04 for orbital     31a         
          max. resid. fock norm         =  1.937D-01 for orbital    359a         
          Overall gridpoints after grid construction =        156344

 orbitals $scfmo  will be written to file mos
          Overall gridpoints after grid construction =        156344
                            current damping = 0.050
 time elapsed for calculating density matrices :   0.047 sec
 all orbitals will be active in the correlation treatment

 Calculating ground state density on molecular grid

 Integral of ground state density: N =   64.00000608821222    


 Contributions to RI integral batches: 
  neglected integral batches:                   930
  direct contribution:                         8386
  memory contribution:                     0

                  --------------------------------------------------- 
                 |  HXX+RIRPA total energy     =   -458.56358290284  |
                  ---------------------------------------------------- 
                 :  RIRPA correlation energy   =     -2.74156016993  :
                 :  HXX total energy           =   -455.82202273290  :
                 :  Hartree energy             =    602.81090696766  :
                 :  Exact Exchange energy      =    -56.58231088431  :
                  .................................................... 

          Norm of current diis error: 0.62964E-03
          max. resid. norm for Fia-block=  1.050D-04 for orbital     30a         
          max. resid. fock norm         =  1.937D-01 for orbital    359a         
          Overall gridpoints after grid construction =        156344

 orbitals $scfmo  will be written to file mos
          Overall gridpoints after grid construction =        156344
                            current damping = 0.050
 time elapsed for calculating density matrices :   0.074 sec
 all orbitals will be active in the correlation treatment

 Calculating ground state density on molecular grid

 Integral of ground state density: N =   64.00000608786043    


 Contributions to RI integral batches: 
  neglected integral batches:                   930
  direct contribution:                         8386
  memory contribution:                     0

                  --------------------------------------------------- 
                 |  HXX+RIRPA total energy     =   -458.56358298228  |
                  ---------------------------------------------------- 
                 :  RIRPA correlation energy   =     -2.74155068178  :
                 :  HXX total energy           =   -455.82203230050  :
                 :  Hartree energy             =    602.81140527088  :
                 :  Exact Exchange energy      =    -56.58243492840  :
                  .................................................... 

          Norm of current diis error: 0.31411E-03
          max. resid. norm for Fia-block=  4.804D-05 for orbital     30a         
          max. resid. fock norm         =  1.937D-01 for orbital    359a         
          Overall gridpoints after grid construction =        156344

 orbitals $scfmo  will be written to file mos
          Overall gridpoints after grid construction =        156344
                            current damping = 0.050
 time elapsed for calculating density matrices :   0.074 sec
 all orbitals will be active in the correlation treatment

 Calculating ground state density on molecular grid

 Integral of ground state density: N =   64.00000608790211    


 Contributions to RI integral batches: 
  neglected integral batches:                   930
  direct contribution:                         8386
  memory contribution:                     0

                  --------------------------------------------------- 
                 |  HXX+RIRPA total energy     =   -458.56358299950  |
                  ---------------------------------------------------- 
                 :  RIRPA correlation energy   =     -2.74154835642  :
                 :  HXX total energy           =   -455.82203464309  :
                 :  Hartree energy             =    602.81114150531  :
                 :  Exact Exchange energy      =    -56.58240505552  :
                  .................................................... 

          Norm of current diis error: 0.10930E-03
          max. resid. norm for Fia-block=  2.101D-05 for orbital     30a         
          max. resid. fock norm         =  1.937D-01 for orbital    359a         
          Overall gridpoints after grid construction =        156344

 orbitals $scfmo  will be written to file mos
          Overall gridpoints after grid construction =        156344
                            current damping = 0.050
 time elapsed for calculating density matrices :   0.047 sec
 all orbitals will be active in the correlation treatment

 Calculating ground state density on molecular grid

 Integral of ground state density: N =   64.00000608775481    


 Contributions to RI integral batches: 
  neglected integral batches:                   930
  direct contribution:                         8386
  memory contribution:                     0

                  --------------------------------------------------- 
                 |  HXX+RIRPA total energy     =   -458.56358300192  |
                  ---------------------------------------------------- 
                 :  RIRPA correlation energy   =     -2.74154728686  :
                 :  HXX total energy           =   -455.82203571507  :
                 :  Hartree energy             =    602.81127548567  :
                 :  Exact Exchange energy      =    -56.58243039601  :
                  .................................................... 

          Norm of current diis error: 0.34406E-04
          max. resid. norm for Fia-block=  6.017D-06 for orbital     30a         
          max. resid. fock norm         =  1.937D-01 for orbital    359a         
          Overall gridpoints after grid construction =        156344

 orbitals $scfmo  will be written to file mos
          Overall gridpoints after grid construction =        156344
                            current damping = 0.050
 time elapsed for calculating density matrices :   0.074 sec
 all orbitals will be active in the correlation treatment

 Calculating ground state density on molecular grid

 Integral of ground state density: N =   64.00000608774505    


 Contributions to RI integral batches: 
  neglected integral batches:                   930
  direct contribution:                         8386
  memory contribution:                     0

                  --------------------------------------------------- 
                 |  HXX+RIRPA total energy     =   -458.56358300212  |
                  ---------------------------------------------------- 
                 :  RIRPA correlation energy   =     -2.74154720878  :
                 :  HXX total energy           =   -455.82203579334  :
                 :  Hartree energy             =    602.81123605543  :
                 :  Exact Exchange energy      =    -56.58242325741  :
                  .................................................... 

          Norm of current diis error: 0.14356E-04
          max. resid. norm for Fia-block=  1.893D-06 for orbital     30a         
          max. resid. fock norm         =  1.937D-01 for orbital    359a         
          Overall gridpoints after grid construction =        156344

 orbitals $scfmo  will be written to file mos
          Overall gridpoints after grid construction =        156344
 Orbital optimization done

 maximum number of Davidson iterations set to   35


 logfile dipl_a    will be constructed

                    ------------------

                     CPKS equations   

                    ------------------
 CPKS equations will be skipped since either
       i)orbitals are optimized (oorpa>0)
      ii)ips/eas are requested     

                    -------------------

                     relaxed densities 

                    -------------------
 Cartesian gradients will be skipped
 Wavefn analysis  will be skipped

    ------------------------------------------------------------------------
    Rirpa profiling                cpu                    wall         ratio
    ------------------------------------------------------------------------
    module                         sec     %               sec     %
    ------------------------------------------------------------------------
    RIRPA                     55259.0  100.00         6941.8  100.00   8.0
    ccmkbaoi                     56.1    0.10            7.1    0.10   7.9
    RIRPA_grad                55194.9   99.88         6933.1   99.88   8.0
    rirhs                     54061.1   97.83         6789.1   97.80   8.0
    Qmatrix                   11046.0   19.99         1381.1   19.90   8.0
    tqbuild                    7929.6   14.35          991.3   14.28   8.0
    trpaln                      219.7    0.40           27.5    0.40   8.0
    qtbuild                    1827.4    3.31          228.5    3.29   8.0
    Q*Qt                       1385.0    2.51          173.2    2.50   8.0
    T and GBQt                39059.1   70.68         4884.5   70.36   8.0
    rpatab                    44736.9   80.96         5592.3   80.56   8.0
    rpatab,pre                  534.6    0.97           66.9    0.96   8.0
    rpatab,s*qt                6532.3   11.82          816.5   11.76   8.0
    rpatab,g*sqt               7389.4   13.37          923.8   13.31   8.0
    rpatab,g*sqt,g*(s*          671.8    1.22           84.1    1.21   8.0
    rpatab,g*sqt,(g*s*         6711.3   12.15          839.0   12.09   8.0
    rpatab,m                   3937.5    7.13          492.2    7.09   8.0
    rpatab,dinv*gsl             698.8    1.26           87.3    1.26   8.0
    rpatab,mprime              2862.5    5.18          357.9    5.16   8.0
    rpatij                     7049.3   12.76          881.2   12.69   8.0
    rpatij,pre                  398.4    0.72           49.9    0.72   8.0
    rpatij,g*s                  664.1    1.20           83.2    1.20   8.0
    rpatij,m                   2144.1    3.88          268.0    3.86   8.0
    rpatij,dinv*gsqt           1676.9    3.03          209.7    3.02   8.0
    rpatij,mprime              2148.1    3.89          268.6    3.87   8.0
    gamma                       522.2    0.95           93.0    1.34   5.6
    H[ P ]                      121.1    0.22           15.3    0.22   7.9
    oorpa                       278.3    0.50           36.1    0.52   7.7
    ------------------------------------------------------------------------
    sum                      315204.3  570.41        39533.8  569.51   8.0
    ------------------------------------------------------------------------


    ------------------------------------------------------------------------
         total  cpu-time : 15 hours 21 minutes and  0 seconds
         total wall-time :  1 hours 55 minutes and 42 seconds
    ------------------------------------------------------------------------

   ****  rirpa : all done  ****


    2020-04-22 06:38:32.920 

