
   Number of threads specified in $smp_cpus =   8

 rirpa (c-9-331) : TURBOMOLE rev. V7-4-initial-tag-1259-gd9f9913 compiled 4 Feb 2020 at 15:02:22
 Copyright (C) 2020 TURBOMOLE GmbH, Karlsruhe


    2020-04-19 15:03:23.055 

 
 
    *************************************************************************
    *************************** PROGRAM RIRPA *******************************
    ******                                                             ******
    ******              H. Eshuis, J. E. Bates and F. Furche           ******
    ******                                                             ******
    ****** Nov 2011                                                    ******
    ****** Copyright TURBOMOLE GmbH                                    ******
    *************************************************************************
    
    
                                References:                                  
    
                   RIRPA:                                                    
                     H. Eshuis, J. Yarkony, and F. Furche                    
                     Fast Computation of Molecular Random Phase              
                     Approximation Correlation Energies Using Resolution     
                     of the Identity and Imaginary Frequency Integration     
                     J. Chem. Phys. 132: 234114 (2010)                       
    
                     H. Eshuis, J. E. Bates, and F. Furche                   
                     Electron Correlation Methods Based on                   
                     the Random Phase Approximation                          
                     Theor. Chem. Acc.  131: 1084 (2012)                     
    
                     G. P. Chen, V. K. Voora, M. M. Agee,                    
                     S. G. Balasubramani, and F. Furche                      
                     Random-Phase Approximation Methods                      
                     Annu. Rev. Phys. Chem. 68: 421 (2017)                   
    
                   TWO-COMPONENT RIRPA:                                      
                     M. Kuehn                                                
                     Correlation Energies from the                           
                     Two-Component Random-Phase Approximation                
                     J. Chem. Theory Comput. 10: 623 (2014)                  
    
                   RIRPA GRADIENTS:                                          
                     A. M. Burow, J. E. Bates, F. Furche*, and H. Eshuis     
                     Analytical First-Order Molecular Properties and Forces  
                     within the Adiabatic Connection Random Phase            
                     Approximation                                           
                     J. Chem. Theory Comput. 10: 180 (2014)                  
    
                   RI-AXK/RI-ACSOSEX/RI-ACSOX:                               
                     G. P. Chen, M. M. Agee, and F. Furche                   
                     Performance and Scope of Perturbative Corrections to    
                     Random-Phase Approximation Energies                     
                     J. Chem. Theory Comput. 14: 5701 (2018)                 
    
                   GKS-RPA:                                                  
                     V. K. Voora, S. G. Balasubramani, and F. Furche         
                     Variational Generalized Kohn-Sham Approach Combining    
                     the Random-Phase-Approximation and Green’s-Function     
                     Methods                                                 
                     Phys. Rev. A (accepted)                                 
    
    
    
      ... OpenMP parallelization enabled, threads:    8

   *-----------------------------------------------------------------------*
   |                     program will use  8 thread(s)                     |
   *-----------------------------------------------------------------------*

 MAXIMUM CORE MEMORY WHICH CAN BE ALLOCATED DYNAMICALLY = 20000 MiB
              ( or 2621440000 double words per process)

 
                FOUND RI-J FLAG
 
  HF exact exchange energy will be computed using RI-J.


              +--------------------------------------------------+
              | Atomic coordinate, charge and isotop information |
              +--------------------------------------------------+

                    atomic coordinates            atom    charge  isotop
          6.19523026    1.76411488    0.00000000    c      6.000     0
          3.45579894    1.02070718    0.00000000    c      6.000     0
          7.12365163    0.96968289   -1.66166115    h      1.000     0
          7.12365163    0.96968289    1.66166115    h      1.000     0
          6.36946141    3.80953431    0.00000000    h      1.000     0
          3.09891562   -1.44447825    0.00000000    o      8.000     0
          1.73413625    2.58030095    0.00000000    o      8.000     0
          1.23165949   -1.84598387    0.00000000    h      1.000     0
         -7.12365163   -0.96968289   -1.66166115    h      1.000     0
         -3.09891562    1.44447825    0.00000000    o      8.000     0
         -3.45579894   -1.02070718    0.00000000    c      6.000     0
         -6.19523026   -1.76411488    0.00000000    c      6.000     0
         -7.12365163   -0.96968289    1.66166115    h      1.000     0
         -1.23165949    1.84598387    0.00000000    h      1.000     0
         -6.36946141   -3.80953431    0.00000000    h      1.000     0
         -1.73413625   -2.58030095    0.00000000    o      8.000     0
 
       center of nuclear mass  :    0.00000000    0.00000000    0.00000000
       center of nuclear charge:   -0.00000000    0.00000000    0.00000000
              +-------------------------------------------------+
              |        Rotational Constants Section             |
              +-------------------------------------------------+
                                   Center of Mass [a.u]:
               0.00000000000000         0.00000000000000         0.00000000000000
                     Principal Moments of Inertia [a.u.]
             320.21249044583215      2023.42337638155095      2321.37087560705095
                       Rotational constants A,B,C [a.u.]
               0.00156146313751         0.00024710597191         0.00021538996860
                     Rotational constants A,B,C [cm**-1]
               0.18799918270719         0.02975140408040         0.02593281716809
                        Rotational constants A,B,C [MHz]
            5636.07370857806654       891.92465582138504       777.44630016869246

   * BASIS SET information:

              +--------------------------------------------------+
              |               basis set information              |
              +--------------------------------------------------+

              we will work with the 1s 3p 5d 7f 9g ... basis set
              ...i.e. with spherical basis functions...

   type   atoms  prim   cont   basis
   ---------------------------------------------------------------------------
    c        4     46     31   def2-TZVPP   [5s3p2d1f|11s6p2d1f]
    h        8     16     14   def2-TZVPP   [3s2p1d|5s2p1d]
    o        4     46     31   def2-TZVPP   [5s3p2d1f|11s6p2d1f]
   ---------------------------------------------------------------------------
   total:   16    496    360
   ---------------------------------------------------------------------------

   total number of primitive shells          :   48
   total number of contracted shells         :  136
   total number of cartesian basis functions :  408
   total number of SCF-basis functions       :  360


   * AUXILIARY BASIS SET information:

              +--------------------------------------------------+
              |               basis set information              |
              +--------------------------------------------------+

              we will work with the 1s 3p 5d 7f 9g ... basis set
              ...i.e. with spherical basis functions...

   type   atoms  prim   cont   basis
   ---------------------------------------------------------------------------
    c        4     81     76   def2-TZVPP   [8s6p4d3f1g|8s6p5d3f1g]
    h        8     30     30   def2-TZVPP   [4s3p2d1f|4s3p2d1f]
    o        4     81     76   def2-TZVPP   [8s6p4d3f1g|8s6p5d3f1g]
   ---------------------------------------------------------------------------
   total:   16    888    848
   ---------------------------------------------------------------------------

   total number of primitive shells          :   56
   total number of contracted shells         :  256
   total number of cartesian basis functions : 1040
   total number of SCF-basis functions       :  848


   * RIJ AUXILIARY BASIS SET information:

              +--------------------------------------------------+
              |               basis set information              |
              +--------------------------------------------------+

              we will work with the 1s 3p 5d 7f 9g ... basis set
              ...i.e. with spherical basis functions...

   type   atoms  prim   cont   basis
   ---------------------------------------------------------------------------
    c        4     70     49   def2-TZVPP   [6s4p3d1f1g|12s5p4d2f1g]
    h        8     16     11   def2-TZVPP   [3s1p1d|5s2p1d]
    o        4     70     49   def2-TZVPP   [6s4p3d1f1g|12s5p4d2f1g]
   ---------------------------------------------------------------------------
   total:   16    688    480
   ---------------------------------------------------------------------------

   total number of primitive shells          :   56
   total number of contracted shells         :  160
   total number of cartesian basis functions :  584
   total number of SCF-basis functions       :  480


 reading orbital data $scfmo  from file mos
 orbital characterization : scfconv=8

 integral neglect threshold       :  0.29E+02

 scfconv                     8

 there are 1 real representations :   a   

 maximum number of shells which are related by symmetry :  1

 time elapsed for calculating density matrices :   0.079 sec
 all orbitals will be active in the correlation treatment

     total memory allocated for calculation of (Q|P)**(-1/2) : 9 MiB


     calculation of (P|Q) ...
     time in lp2sym        cpu:  0.12 sec    wall:  0.02 sec    ratio:  8.0


     calculation of the Cholesky decomposition of (P|Q)**(-1) ...
     time in invmetri      cpu:  0.58 sec    wall:  0.07 sec    ratio:  7.9

   threshold for RMS(d[D]) in SCF was     :  0.10E-08
   integral neglect threshold             :  0.32E-12
   derivative integral neglect threshold  :  0.10E-06


 setting up bound for integral derivative estimation

 increment for numerical differentiation : 0.00050000
 Allocatable memory for RI due to $ricore (MB):                  1000

 there are 1 real representations :   a   

 maximum number of shells which are related by symmetry :  1

  
           ------------------------
               RI-J - INFORMATION
           ------------------------
 Contributions to RI integral batches: 
  neglected integral batches:                  1532
  direct contribution:                            0
  memory contribution:                  7784

          ------------------------
          nuclear repulsion energy  :   382.674810393    
          ------------------------


         -----------------
         -S,T+V- integrals
         -----------------

 1e-integrals will be neglected if expon. factor < 0.320513E-12

 residuum convergence criterium   :  0.10E-04


 integral neglect threshold       :  0.82E-11
 integral storage threshold THIZE :  0.10E-04
 integral storage threshold THIME :         5


 WARNING : cannot change filename for statistics 
  
           ------------------
           density functional
           ------------------
 PBE functional
 exchange:    LDA + PBE
 correlation: LDA (PW) + PBE

 spherical integration : Lebedev's spherical grid
 spherical gridsize    :                     4
    i.e. gridpoints    :                   434
 value for diffuse not defined
 radial integration    : Chebyshev 2nd kind (scaling 3)
 radial gridsize       :                     6
 integration cells     :                    16
 partition function    : becke
 partition sharpness   :                     3
  
 preparing numerical integration ....
          Overall gridpoints after grid construction =        156344

          IRREP   tensor space dimension   number of roots

           a             10496                   1

 Calculating ground state density on molecular grid

 Integral of ground state density: N =   64.00000608772270    


 eta value (in Hartrees) =  1.000000000000000E-002
 number of passes for ispin    1
 =    1
 
 Number of eigenvalues < 6e-3:                      0
 
 
            -----------------------------
            Complex frequency integration
            -----------------------------
 
 Number of Clenshaw-Curtis nodes:                    100
 Optimized scaling parameter    :    3.74876354523215     
 Sensitivity measure            :  -3.835868844781487E-010
 
 Initializing scratch files
 Done with initializing scratch files
 --------------------------------------------------------
   Done with freq. integration, now evaluating residues  
 --------------------------------------------------------
 For ispin =                     1 Residue will be computed from orbitals
                     1 to                    32
 CAUTION: Replacing file wdensov_a      
 CAUTION: Replacing file wdensoo_a      
 CAUTION: Replacing file wdensvv_a      
 CAUTION: Replacing file edensoo_a      
 CAUTION: Replacing file edensvv_a      
 Contributions to RI integral batches: 
  neglected integral batches:                  1630
  direct contribution:                         7686
  memory contribution:                     0
 =========================
    RPA eigenvalues (IPs)  
 =========================
 MO#                     1  -550.636318899799       -550.637921100104       eV
 MO#                     2  -527.899253904246       -549.468216601177       eV
 MO#                     3  -549.466401754997       -527.899580724677       eV
 MO#                     4  -526.700755054842       -526.701245701698       eV
 MO#                     5  -302.606652597614       -302.608173539289       eV
 MO#                     6  -287.921268245894       -299.108643868465       eV
 MO#                     7  -299.107260354279       -287.921611594806       eV
 MO#                     8  -284.019335903101       -284.019630078107       eV
 MO#                     9  -34.9861364957724       -35.0064044940642       eV
 MO#                    10  -32.5228083687584       -32.5522891144307       eV
 MO#                    11  -32.3597653760719       -32.3537317473843       eV
 MO#                    12  -30.3312557673079       -30.3373088644313       eV
 MO#                    13  -25.1019839451797       -25.1168694187906       eV
 MO#                    14  -22.6894399264713       -22.7348744422772       eV
 MO#                    15  -21.1207574448012       -21.1191123459414       eV
 MO#                    16  -19.5315169747816       -19.5227938546455       eV
 MO#                    17  -17.7507882248770       -17.9087494582431       eV
 MO#                    18  -16.8107039199380       -16.8335879225647       eV
 MO#                    19  -16.7371006557312       -16.7942068393207       eV
 MO#                    20  -15.3800808236367       -16.3056372612819       eV
 MO#                    21  -16.5026083745285       -16.0268001867723       eV
 MO#                    22  -15.7822725726729       -15.7946282963877       eV
 MO#                    23  -16.0379970661433       -15.4132630267400       eV
 MO#                    24  -14.0827786450252       -14.7555596435466       eV
 MO#                    25  -14.5291445022909       -14.5023210287491       eV
 MO#                    26  -14.8117135182327       -14.0501930448258       eV
 MO#                    27  -13.3743013616112       -13.4499627636642       eV
 MO#                    28  -13.4568743173582       -13.3775945837836       eV
 MO#                    29  -13.1489097333977       -13.1124281297487       eV
 MO#                    30  -11.0036949743630       -12.6332314713230       eV
 MO#                    31  -12.6521349286661       -11.0027348864472       eV
 MO#                    32  -9.61711523050622       -9.60982382920849       eV
 CAUTION: Replacing file evect_a        

                  --------------------------------------------------- 
                 |  HXX+RIRPA total energy     =   -458.56358300216  |
                  ---------------------------------------------------- 
                 :  RIRPA correlation energy   =     -2.74154709450  :
                 :  HXX total energy           =   -455.82203590766  :
                 :  Hartree energy             =    602.81124527801  :
                 :  Exact Exchange energy      =    -56.58242527357  :
                  .................................................... 


 maximum number of Davidson iterations set to   35


 logfile dipl_a    exists already

                    ------------------

                     CPKS equations   

                    ------------------
 CPKS equations will be skipped since either
       i)orbitals are optimized (oorpa>0)
      ii)ips/eas are requested     

                    -------------------

                     relaxed densities 

                    -------------------
 CAUTION: Replacing file edensov_a      
 Cartesian gradients will be skipped
 Wavefn analysis  will be skipped

    ------------------------------------------------------------------------
    Rirpa profiling                cpu                    wall         ratio
    ------------------------------------------------------------------------
    module                         sec     %               sec     %
    ------------------------------------------------------------------------
    RIRPA                      3427.7  100.00          434.5  100.00   7.9
    ccmkbaoi                      4.3    0.12            0.5    0.12   8.0
    ehxx                         36.9    1.08            4.6    1.06   8.0
    RIRPA_grad                 3380.6   98.63          428.4   98.60   7.9
    numder                     3361.5   98.07          425.2   97.87   7.9
    Qmatrix                      94.0    2.74           11.8    2.72   8.0
    tqbuild                      64.4    1.88            8.0    1.85   8.0
    qtbuild                      18.0    0.53            2.2    0.52   8.0
    Q*Qt                         11.4    0.33            1.4    0.33   8.0
    T and GBQt                  589.2   17.19           73.8   16.98   8.0
    rpatab                      180.8    5.28           22.6    5.20   8.0
    rpatab,pre                    9.2    0.27            1.1    0.26   8.0
    rpatab,s*qt                 107.2    3.13           13.4    3.09   8.0
    rpatab,g*sqt                 58.9    1.72            7.4    1.69   8.0
    rpatab,g*sqt,g*(s*           13.4    0.39            1.7    0.38   8.1
    rpatab,g*sqt,(g*s*          111.4    3.25           13.9    3.21   8.0
    rpatab,m                     33.5    0.98            4.2    0.96   8.0
    rpatab,dinv*gsl               6.9    0.20            0.9    0.20   8.0
    rpatab,mprime                22.0    0.64            2.8    0.63   8.0
    rpagsqtipp                  147.1    4.29           18.4    4.23   8.0
    rpatij                       61.9    1.81            7.7    1.78   8.0
    rpatij,pre                    3.7    0.11            0.5    0.11   8.0
    rpatij,g*s                    6.3    0.18            0.8    0.18   8.0
    rpatij,m                     17.7    0.52            2.2    0.51   8.0
    rpatij,dinv*gsqt             16.6    0.49            2.1    0.48   8.0
    rpatij,mprime                17.4    0.51            2.2    0.50   8.0
    W:rpawmat                  2615.4   76.30          327.0   75.26   8.0
    W:B*Qt1                    2615.3   76.30          326.9   75.25   8.0
    gamma                        23.8    0.69            7.4    1.71   3.2
    rpagip                       10.5    0.31            3.7    0.85   2.9
    H[ P ]                       10.6    0.31            1.3    0.31   7.9
    rparelax                      5.5    0.16            0.7    0.16   7.8
    ------------------------------------------------------------------------
    sum                       17092.1  498.64         2160.6  497.30   7.9
    ------------------------------------------------------------------------


    ------------------------------------------------------------------------
         total  cpu-time : 57 minutes and  8 seconds
         total wall-time :  7 minutes and 14 seconds
    ------------------------------------------------------------------------

   ****  rirpa : all done  ****


    2020-04-19 15:10:37.531 

