#############################################################
#                                                           #
#                      N u m F o r c e                      #
#                Numerical Second Derivatives               #
#                                                           #
#############################################################

 running on c-18-7
 date: Sun Apr 19 14:07:49 PDT 2020

NumForce has been started with the -mfile option, hence it can be
    run in parallel. This is most efficient if the serial binaries
    are used and started independently at a time. 

    -> Starting several serial single-point jobs for optimal speed up...
execute parallel run using 8 cores on this SMP node
Using 8 cores on one SMP node
#############################################################
                    
 NumForce Settings:
    differentiation increment = 0.05
    type                      = 'central'
    dimension of calculation  = 'norm'
    number of atoms           = 16
    #CPUs                     = 8
    machine file              = turbomole.machines
    restart                   = 
    gradient check            = off
    stop after preparation    = 
    scripts directory         = /sopt/TURBOMOLE/7.4.1-official/scripts
                    
 TURBOMOLE Settings:
    load directory            = /sopt/TURBOMOLE/7.4.1-official/bin/em64t-unknown-linux-gnu
    SCF-convergence $scfconv  = 8
    level of calculation      = ri scf
    program to generate MOs     /sopt/TURBOMOLE/7.4.1-official/bin/em64t-unknown-linux-gnu/ridft
    program for gradients       /sopt/TURBOMOLE/7.4.1-official/bin/em64t-unknown-linux-gnu/rdgrad
                    
#############################################################

TRANSFORMING MOLECULAR ORBITALS INTO C1-SYMMETRY

TYPE central IS USED.
number of single point calculations: 42

#############################################################

CALCULATIONS OF GRADIENTS IN DISPLACED GEOMETRIES WILL BE CARRIED OUT NOW
step xm01 started  (#1 of 42)
step xm02 started  (#2 of 42)
step xm03 started  (#3 of 42)
step xm05 started  (#4 of 42)
step xm06 started  (#5 of 42)
step xm07 started  (#6 of 42)
step xm08 started  (#7 of 42)
step xp01 started  (#8 of 42)
step xp02 started  (#9 of 42)
step xp03 started  (#10 of 42)
step xp05 started  (#11 of 42)
step xp06 started  (#12 of 42)
step xp07 started  (#13 of 42)
step xp08 started  (#14 of 42)
step ym01 started  (#15 of 42)
step ym02 started  (#16 of 42)
step ym03 started  (#17 of 42)
step ym05 started  (#18 of 42)
step ym06 started  (#19 of 42)
step ym07 started  (#20 of 42)
step ym08 started  (#21 of 42)
step yp01 started  (#22 of 42)
step yp02 started  (#23 of 42)
step yp03 started  (#24 of 42)
step yp05 started  (#25 of 42)
step yp06 started  (#26 of 42)
step yp07 started  (#27 of 42)
step yp08 started  (#28 of 42)
step zm01 started  (#29 of 42)
step zm02 started  (#30 of 42)
step zm03 started  (#31 of 42)
step zm05 started  (#32 of 42)
step zm06 started  (#33 of 42)
step zm07 started  (#34 of 42)
step zm08 started  (#35 of 42)
step zp01 started  (#36 of 42)
step zp02 started  (#37 of 42)
step zp03 started  (#38 of 42)
step zp05 started  (#39 of 42)
step zp06 started  (#40 of 42)
step zp07 started  (#41 of 42)
step zp08 started  (#42 of 42)
... all steps done!


#############################################################

CALCULATION OF HESSIAN



 sammler (c-18-7) : TURBOMOLE rev. V7.4.1 (b987a8a8) compiled 15 Oct 2019 at 12:03:25
 Copyright (C) 2019 TURBOMOLE GmbH, Karlsruhe


    2020-04-19 14:26:51.668 


 symmetry group of the molecule :   c2h

 the group has the following generators :
   c2(z)
   mirror plane sigma(xy)

    4 symmetry operations found
  sammler for frozen cart. coord....
 
         atomic coordinates
 
    6.1952303      1.7641149      0.0000000      c       
    3.4557989      1.0207072      0.0000000      c       
    7.1236516      0.9696829     -1.6616612      h       
    7.1236516      0.9696829      1.6616612      h       
    6.3694614      3.8095343      0.0000000      h       
    3.0989156     -1.4444783      0.0000000      o       
    1.7341363      2.5803010      0.0000000      o       
    1.2316595     -1.8459839      0.0000000      h       
   -7.1236516     -0.9696829     -1.6616612      h       
   -3.0989156      1.4444783      0.0000000      o       
   -3.4557989     -1.0207072      0.0000000      c       
   -6.1952303     -1.7641149      0.0000000      c       
   -7.1236516     -0.9696829      1.6616612      h       
   -1.2316595      1.8459839      0.0000000      h       
   -6.3694614     -3.8095343      0.0000000      h       
   -1.7341363     -2.5803010      0.0000000      o       
 number of atoms                    16


    ------------------------------------------------------------------------
         total  cpu-time :   0.02 seconds
         total wall-time :   0.02 seconds
    ------------------------------------------------------------------------

   ****  sammler : all done  ****


    2020-04-19 14:26:51.678 




#############################################################

FREQUENCY ANALYSIS IS STARTED NOW


complete results are in numforce/aoforce.out
                                                 
         *  zero point VIBRATIONAL energy  :      0.1246068  Hartree  *
                                                 
                               Frequency Analysis
       mode               1        2        3        4        5        6
     frequency           0.00     0.00     0.00     0.00     0.00     0.00
     symmetry                                                             
        IR                -        -        -        -        -        - 
intensity (km/mol)       0.00     0.00     0.00     0.00     0.00     0.00
intensity (  %   )       0.00     0.00     0.00     0.00     0.00     0.00
       RAMAN              -        -        -        -        -        - 
       mode               7        8        9       10       11       12
     frequency          27.53    36.07    67.36    78.43   127.15   164.29
     symmetry            au       bg       au       au       bg       ag  
        IR               YES      NO       YES      YES      NO       NO 
intensity (km/mol)       3.37     0.00     1.90     0.04     0.00     0.00
intensity (  %   )       0.09     0.00     0.05     0.00     0.00     0.00
       RAMAN             NO       YES      NO       NO       YES      YES
       mode              13       14       15       16       17       18
     frequency         189.88   193.49   431.22   483.32   592.95   601.25
     symmetry            bu       ag       ag       bu       au       bg  
        IR               YES      NO       NO       YES      YES      NO 
intensity (km/mol)      33.68     0.00     0.00    66.78     0.65     0.00
intensity (  %   )       0.89     0.00     0.00     1.77     0.02     0.00
       RAMAN             NO       YES      YES      NO       NO       YES
       mode              19       20       21       22       23       24
     frequency         621.35   633.88   900.76   906.08  1014.64  1028.61
     symmetry            ag       bu       ag       bu       bg       ag  
        IR               NO       YES      NO       YES      NO       NO 
intensity (km/mol)       0.00    37.61     0.00     7.49     0.00     0.00
intensity (  %   )       0.00     1.00     0.00     0.20     0.00     0.00
       RAMAN             YES      NO       YES      NO       YES      YES
       mode              25       26       27       28       29       30
     frequency        1032.26  1050.40  1067.86  1068.26  1319.50  1337.14
     symmetry            bu       au       bg       au       ag       bu  
        IR               YES      YES      NO       YES      NO       YES
intensity (km/mol)      30.20   160.07     0.00     2.90     0.00   365.89
intensity (  %   )       0.80     4.25     0.00     0.08     0.00     9.72
       RAMAN             NO       NO       YES      NO       YES      NO 
       mode              31       32       33       34       35       36
     frequency        1398.42  1400.10  1467.21  1470.93  1478.92  1487.07
     symmetry            bu       ag       bu       ag       bu       bg  
        IR               YES      NO       YES      NO       YES      NO 
intensity (km/mol)      73.54     0.00    95.37     0.00    75.66     0.00
intensity (  %   )       1.95     0.00     2.53     0.00     2.01     0.00
       RAMAN             NO       YES      NO       YES      NO       YES
       mode              37       38       39       40       41       42
     frequency        1487.14  1499.24  1685.09  1744.38  2904.83  3035.09
     symmetry            au       ag       ag       bu       ag       bu  
        IR               YES      NO       NO       YES      NO       YES
intensity (km/mol)      16.33     0.00     0.00   768.07     0.00  3763.29
intensity (  %   )       0.43     0.00     0.00    20.41     0.00   100.00
       RAMAN             NO       YES      YES      NO       YES      NO 
       mode              43       44       45       46       47       48
     frequency        3052.10  3052.33  3112.82  3112.84  3166.93  3166.95
     symmetry            bu       ag       bg       au       ag       bu  
        IR               YES      NO       NO       YES      NO       YES
intensity (km/mol)       1.12     0.00     0.00     9.03     0.00    11.20
intensity (  %   )       0.03     0.00     0.00     0.24     0.00     0.30
       RAMAN             NO       YES      YES      NO       YES      NO 

#############################################################
#                END OF NumForce                            #
#############################################################
 date: Sun Apr 19 14:26:51 PDT 2020
