=================================== SLURM JOB ===================================
Mon Apr 13 12:39:57 PDT 2020

The job will be started on the following node(s):
c-18-7

Slurm User:         sreeganb
Run Directory:      /work/sreeganb/1834858
Job ID:             1834858
Job Name:           acetic-acid-dimer
Partition:          scavenge
Number of nodes:    1
Number of tasks:    4
Submitted From:     gplogin2.gp.local:/DFS-L/DATA/furche/sreeganb/acetate-xps/acetic-acid-dimer/opt-tzvpp
=================================== SLURM JOB ===================================

--- SLURM job-script output ---
 ridft ended normally
 rdgrad ended normally
  statpt ended normally
 ridft ended normally
 rdgrad ended normally
  statpt ended normally
 ridft ended normally
Job Done
