
   Number of threads specified in $smp_cpus =   8

     Program not compiled with OMP parallelization
     ... only 1 thread can used...    0    8
 operating system is UNIX !

 force (c-18-7) : TURBOMOLE rev. V7.4.1 (b987a8a8) compiled 15 Oct 2019 at 12:03:25
 Copyright (C) 2019 TURBOMOLE GmbH, Karlsruhe


    2020-04-19 14:26:51.708 



                             T U R B O M O L E   

                          a o f o r c e - program

                        using direct algorithms for

                       SCF level calculations of
                         * harmonic force constants
                         * hyperpolarizabilities
                         * IR and RAMAN intensities
                         * VCD intensities

                       DFT level calculations of
                         * harmonic force constants
                         * IR intensities
                                                   
       Stephan Boecker, Peter Deglmann, Filipp Furche and Marco Haeser
                          Quantum Chemistry Group
                          Universitaet  Karlsruhe
                                   Germany

 
 
 
 
     References :
 
       RI-J implementation:
         Peter Deglmann, Klaus May, Filipp Furche, Reinhart Ahlrichs
                 Chem. Phys. Lett. 384:103 (2004)
 
       Efficiency, technical details:
         Peter Deglmann, Filipp Furche, Reinhart Ahlrichs
                 Chem. Phys. Lett. 362:511 (2002)
 
       Search of lowest eigenvalues by iterative diagonalization:
         Peter Deglmann, Filipp Furche
                 J. Chem. Phys. 117:9535 (2002)
 
       Vibrational circular dichroism implementation:
        Kevin Reiter, Michael Kuehn, Florian Weigend
                 J. Chem. Phys. 146:054102 (2017)  
 
 


              +--------------------------------------------------+
              | Atomic coordinate, charge and isotop information |
              +--------------------------------------------------+

                    atomic coordinates            atom    charge  isotop
          6.19523026    1.76411488    0.00000000    c      6.000     0
          3.45579894    1.02070718    0.00000000    c      6.000     0
          7.12365163    0.96968289   -1.66166115    h      1.000     0
          7.12365163    0.96968289    1.66166115    h      1.000     0
          6.36946141    3.80953431    0.00000000    h      1.000     0
          3.09891562   -1.44447825    0.00000000    o      8.000     0
          1.73413625    2.58030095    0.00000000    o      8.000     0
          1.23165949   -1.84598387    0.00000000    h      1.000     0
         -7.12365163   -0.96968289   -1.66166115    h      1.000     0
         -3.09891562    1.44447825    0.00000000    o      8.000     0
         -3.45579894   -1.02070718    0.00000000    c      6.000     0
         -6.19523026   -1.76411488    0.00000000    c      6.000     0
         -7.12365163   -0.96968289    1.66166115    h      1.000     0
         -1.23165949    1.84598387    0.00000000    h      1.000     0
         -6.36946141   -3.80953431    0.00000000    h      1.000     0
         -1.73413625   -2.58030095    0.00000000    o      8.000     0
 
       center of nuclear mass  :    0.00000000   -0.00000000    0.00000000
       center of nuclear charge:   -0.00000000    0.00000000    0.00000000

              +--------------------------------------------------+
              |               basis set information              |
              +--------------------------------------------------+

              we will work with the 1s 3p 5d 7f 9g ... basis set
              ...i.e. with spherical basis functions...

   type   atoms  prim   cont   basis
   ---------------------------------------------------------------------------
    c        4     46     31   def2-TZVPP   [5s3p2d1f|11s6p2d1f]
    h        8     16     14   def2-TZVPP   [3s2p1d|5s2p1d]
    o        4     46     31   def2-TZVPP   [5s3p2d1f|11s6p2d1f]
   ---------------------------------------------------------------------------
   total:   16    496    360
   ---------------------------------------------------------------------------

   total number of primitive shells          :   48
   total number of contracted shells         :  136
   total number of cartesian basis functions :  408
   total number of SCF-basis functions       :  360


 symmetry group of the molecule :   c2h

 the group has the following generators :
   c2(z)
   mirror plane sigma(xy)

    4 symmetry operations found

 there are 4 real representations :   ag   bg   au   bu  

 maximum number of shells which are related by symmetry :  4


 determining totally symmetric integral contributions 
    - equivalent to irreducible tensor elements - 
 which can be formed within each triple of representations :

             representation triple      contributions

              ag    ag    ag              1
              ag    bg    bg              1
              ag    au    au              1
              ag    bu    bu              1
              bg    ag    bg              1
              bg    bg    ag              1
              bg    au    bu              1
              bg    bu    au              1
              au    ag    au              1
              au    bg    bu              1
              au    au    ag              1
              au    bu    bg              1
              bu    ag    bu              1
              bu    bg    au              1
              bu    au    bg              1
              bu    bu    ag              1

 reading cartesian hessian from $hessian,
 file=<hessian>


 actual cartesian coordinates & gradients will be read from $grad 

            ----------------------------
            actual cartesian coordinates
            ----------------------------
    1 c       6.19471959782336      1.76394527765940      0.00000000000000
    2 c       3.45517331045681      1.02082030201480      0.00000000000000
    3 h       7.12291735817844      0.96956675644059     -1.66173126683208
    4 h       7.12291735817844      0.96956675644059      1.66173126683208
    5 h       6.36946754014702      3.80943277956437      0.00000000000000
    6 o       3.09808227691093     -1.44421258829803      0.00000000000000
    7 o       1.73363595173884      2.58068216921765      0.00000000000000
    8 h       1.23084966980312     -1.84602947122096      0.00000000000000
    9 h      -7.12291735817844     -0.96956675644059     -1.66173126683208
   10 o      -3.09808227691093      1.44421258829803      0.00000000000000
   11 c      -3.45517331045681     -1.02082030201479      0.00000000000000
   12 c      -6.19471959782336     -1.76394527765940      0.00000000000000
   13 h      -7.12291735817844     -0.96956675644059      1.66173126683208
   14 h      -1.23084966980312      1.84602947122096      0.00000000000000
   15 h      -6.36946754014702     -3.80943277956437      0.00000000000000
   16 o      -1.73363595173884     -2.58068216921765      0.00000000000000

              --------------------------
              actual cartesian gradients
              --------------------------
    1 c      -0.00001248744440     -0.00003164525218      0.00000000000000
    2 c      -0.00002112243262     -0.00005362467575      0.00000000000000
    3 h      -0.00007057343665      0.00003152749594     -0.00004272426171
    4 h      -0.00007057343665      0.00003152749594      0.00004272426171
    5 h       0.00005424099526      0.00000276756579      0.00000000000000
    6 o      -0.00000535796840     -0.00001423396091      0.00000000000000
    7 o      -0.00006162211572     -0.00006926477264      0.00000000000000
    8 h      -0.00003982427345      0.00006665684849      0.00000000000000
    9 h       0.00007057343665     -0.00003152749594     -0.00004272426171
   10 o       0.00000535796840      0.00001423396091      0.00000000000000
   11 c       0.00002112243262      0.00005362467575      0.00000000000000
   12 c       0.00001248744440      0.00003164525218      0.00000000000000
   13 h       0.00007057343665     -0.00003152749594      0.00004272426171
   14 h       0.00003982427345     -0.00006665684849      0.00000000000000
   15 h      -0.00005424099526     -0.00000276756579      0.00000000000000
   16 o       0.00006162211572      0.00006926477264      0.00000000000000

 dipole moment read from <control>

                -----------------------
                permanent dipole moment
                -----------------------
             x              y             z
          0.0000000      0.0000000      0.0000000      (debyes)

 dipole derivatives read from <dipgrad>

        ----------------------------------------------------
        cartesian dipole derivative matrix (debyes/angstrom)
        ----------------------------------------------------

  atom       1 c                              2 c 
            x          y          z          x          y          z
 
  x     -1.658919  -0.432346   0.000000   7.568736  -0.098440   0.000000
  y      0.033774   0.423270   0.000000  -0.284800   7.679053   0.000000
  z      0.000000   0.000000   0.341364   0.000000   0.000000   1.017138

  atom       3 h                              4 h 
            x          y          z          x          y          z
 
  x      0.134044  -0.014730   0.133267   0.134044  -0.014730  -0.133267
  y     -0.035464   0.230297  -0.293256  -0.035464   0.230297   0.293256
  z      0.308205  -0.237206  -0.048146  -0.308205   0.237206  -0.048146

  atom       5 h                              6 o 
            x          y          z          x          y          z
 
  x      0.206418   0.081244   0.000000  -5.307545  -2.016445   0.000000
  y     -0.210539  -0.319543   0.000000  -1.368167  -5.657316   0.000000
  z      0.000000   0.000000   0.387045   0.000000   0.000000  -1.410900

  atom       7 o                              8 h 
            x          y          z          x          y          z
 
  x     -7.287500   1.102169   0.000000   6.218823   1.399137   0.000000
  y      0.646388  -4.032795   0.000000   1.263942   1.426425   0.000000
  z      0.000000   0.000000  -1.501556   0.000000   0.000000   1.261374

  atom       9 h                             10 o 
            x          y          z          x          y          z
 
  x      0.134044  -0.014730  -0.133267  -5.307545  -2.016445   0.000000
  y     -0.035464   0.230297   0.293256  -1.368167  -5.657316   0.000000
  z     -0.308205   0.237206  -0.048146   0.000000   0.000000  -1.410900

  atom      11 c                             12 c 
            x          y          z          x          y          z
 
  x      7.568736  -0.098440   0.000000  -1.658919  -0.432346   0.000000
  y     -0.284800   7.679053   0.000000   0.033774   0.423270   0.000000
  z      0.000000   0.000000   1.017138   0.000000   0.000000   0.341364

  atom      13 h                             14 h 
            x          y          z          x          y          z
 
  x      0.134044  -0.014730   0.133267   6.218823   1.399137   0.000000
  y     -0.035464   0.230297  -0.293256   1.263942   1.426425   0.000000
  z      0.308205  -0.237206  -0.048146   0.000000   0.000000   1.261374

  atom      15 h                             16 o 
            x          y          z          x          y          z
 
  x      0.206418   0.081244   0.000000  -7.287500   1.102169   0.000000
  y     -0.210539  -0.319543   0.000000   0.646388  -4.032795   0.000000
  z      0.000000   0.000000   0.387045   0.000000   0.000000  -1.501556
 
!!!!!!!!!!!!!!!!!!!!!!!!!!!!!!!!!!!!!!!!!!!!!!!!!!!!!!
!!                                                  !!
!! WARNING:                                         !!
!! geometry on $grad differs from that on $coord:   !!
!! mead absolute deviation:           0.7755E-03    !!
!!                                                  !!
!!!!!!!!!!!!!!!!!!!!!!!!!!!!!!!!!!!!!!!!!!!!!!!!!!!!!!
 difference between coordinates :

              1             2             3             4             5
 
    1    -0.00051067   -0.00062563   -0.00073427   -0.00073427    0.00000613
    2    -0.00016960    0.00011312   -0.00011613   -0.00011613   -0.00010153
    3     0.00000000    0.00000000   -0.00007011    0.00007011    0.00000000

              6             7             8             9            10
 
    1    -0.00083335   -0.00050030   -0.00080982    0.00073427    0.00083335
    2     0.00026567    0.00038122   -0.00004560    0.00011613   -0.00026567
    3     0.00000000    0.00000000    0.00000000   -0.00007011    0.00000000

             11            12            13            14            15
 
    1     0.00062563    0.00051067    0.00073427    0.00080982   -0.00000613
    2    -0.00011312    0.00016960    0.00011613    0.00004560    0.00010153
    3     0.00000000    0.00000000    0.00007011    0.00000000    0.00000000

             16
 
    1     0.00050030
    2    -0.00038122
    3     0.00000000

             -----------------------------------
             rotational and vibrational analysis
             -----------------------------------


            ==============================================================
            ATOMIC WEIGHTS (average over the natural occurance of isotops)
            ==============================================================
            ('*' denotes special isotop !)
              1     c                12.01115
              2     c                12.01115
              3     h                 1.00797
              4     h                 1.00797
              5     h                 1.00797
              6     o                15.99940
              7     o                15.99940
              8     h                 1.00797
              9     h                 1.00797
             10     o                15.99940
             11     c                12.01115
             12     c                12.01115
             13     h                 1.00797
             14     h                 1.00797
             15     h                 1.00797
             16     o                15.99940

          -------------------------------------------------
          CARTESIAN FORCE CONSTANT MATRIX (hartree/bohr**2)
         (translational & rotational space projected out)
          -------------------------------------------------

   ATOM              1 c                           2 c 
                  dx        dy        dz        dx        dy        dz
   1 c     dx  0.4764953
           dy -0.0178446 0.6090822
           dz  0.0000000 0.0000000 0.5311497
   2 c     dx -0.1849049-0.0392401 0.0000000 0.7916846
           dy -0.0391222-0.0900385 0.0000000-0.1280495 0.7525865
           dz  0.0000000 0.0000000-0.0914034 0.0000000 0.0000000 0.2365555
   3 h     dx -0.0967482 0.0428112 0.0999951-0.0138698 0.0156368 0.0308818
           dy  0.0426088-0.0864857-0.0844648-0.0002809 0.0023280 0.0101110
           dz  0.0983119-0.0837128-0.2162279-0.0010258-0.0004590 0.0007919
   4 h     dx -0.0967482 0.0428112-0.0999951-0.0138698 0.0156368-0.0308818
           dy  0.0426088-0.0864857 0.0844648-0.0002809 0.0023280-0.0101110
           dz -0.0983119 0.0837128-0.2162279 0.0010258 0.0004590 0.0007919
   5 h     dx -0.0505761-0.0165793 0.0000000 0.0010306-0.0348353 0.0000000
           dy -0.0244860-0.3239434 0.0000000 0.0033830-0.0099875 0.0000000
           dz  0.0000000 0.0000000-0.0484497 0.0000000 0.0000000-0.0030407
   6 o     dx -0.0107358-0.0464029 0.0000000-0.1458424-0.0503348 0.0000000
           dy -0.0131899-0.0225104 0.0000000-0.0414386-0.3225818 0.0000000
           dz  0.0000000 0.0000000 0.0113962 0.0000000 0.0000000-0.0687420
   7 o     dx -0.0409340 0.0347539 0.0000000-0.4194829 0.2304639 0.0000000
           dy  0.0083322 0.0056180 0.0000000 0.2514241-0.3188966 0.0000000
           dz  0.0000000 0.0000000 0.0238845 0.0000000 0.0000000-0.0773518
   8 h     dx  0.0026091 0.0040121 0.0000000 0.0042548-0.0441461 0.0000000
           dy  0.0009533-0.0044962 0.0000000-0.0505225-0.0236741 0.0000000
           dz  0.0000000 0.0000000 0.0047725 0.0000000 0.0000000 0.0023247
   9 h     dx -0.0000058-0.0000906 0.0000352-0.0000671 0.0007259 0.0000027
           dy -0.0000116 0.0000059 0.0000044 0.0000450 0.0000569 0.0000026
           dz  0.0000023-0.0000125-0.0000064-0.0000019 0.0001467-0.0000054
  10 o     dx -0.0021973 0.0030713 0.0000000 0.0069570-0.0263009 0.0000000
           dy -0.0011919 0.0023955 0.0000000 0.0046254-0.0238024 0.0000000
           dz  0.0000000 0.0000000-0.0009648 0.0000000 0.0000000-0.0001403
  11 c     dx  0.0001953 0.0005644 0.0000000-0.0037941-0.0097935 0.0000000
           dy  0.0012047-0.0033634 0.0000000-0.0097935 0.0357562 0.0000000
           dz  0.0000000 0.0000000 0.0001320 0.0000000 0.0000000 0.0006364
  12 c     dx -0.0000593-0.0000998 0.0000000 0.0001953 0.0012047 0.0000000
           dy -0.0000998 0.0003445 0.0000000 0.0005644-0.0033634 0.0000000
           dz  0.0000000 0.0000000 0.0002013 0.0000000 0.0000000 0.0001320
  13 h     dx -0.0000058-0.0000906-0.0000352-0.0000671 0.0007259-0.0000027
           dy -0.0000116 0.0000059-0.0000044 0.0000450 0.0000569-0.0000026
           dz -0.0000023 0.0000125-0.0000064 0.0000019-0.0001467-0.0000054
  14 h     dx  0.0037189-0.0043079 0.0000000-0.0164930 0.0384214 0.0000000
           dy  0.0007441-0.0013393 0.0000000 0.0039423 0.0109693 0.0000000
           dz  0.0000000 0.0000000 0.0024728 0.0000000 0.0000000 0.0001082
  15 h     dx -0.0000636 0.0000933 0.0000000 0.0002671-0.0009423 0.0000000
           dy -0.0000488 0.0000492 0.0000000 0.0002340-0.0005918 0.0000000
           dz  0.0000000 0.0000000 0.0000196 0.0000000 0.0000000-0.0000071
  16 o     dx -0.0000395-0.0034613 0.0000000-0.0059983 0.0307092 0.0000000
           dy -0.0004454 0.0011612 0.0000000 0.0053429-0.0111457 0.0000000
           dz  0.0000000 0.0000000-0.0007422 0.0000000 0.0000000-0.0006445

   ATOM              3 h                           4 h 
                  dx        dy        dz        dx        dy        dz
   3 h     dx  0.1065238
           dy -0.0492967 0.0885611
           dz -0.1065943 0.0921868 0.2356009
   4 h     dx  0.0075574-0.0063618 0.0127368 0.1065238
           dy -0.0063618 0.0044853-0.0105310-0.0492967 0.0885611
           dz -0.0127368 0.0105310-0.0215040 0.1065943-0.0921868 0.2356009
   5 h     dx  0.0011156 0.0147759-0.0019458 0.0011156 0.0147759 0.0019458
           dy -0.0011681-0.0089781 0.0009787-0.0011681-0.0089781-0.0009787
           dz -0.0039210-0.0262138 0.0014484 0.0039210 0.0262138 0.0014484
   6 o     dx  0.0015434-0.0010793-0.0002957 0.0015434-0.0010793 0.0002957
           dy -0.0003124-0.0012255 0.0004525-0.0003124-0.0012255-0.0004525
           dz -0.0024752-0.0010524 0.0005402 0.0024752 0.0010524 0.0005402
   7 o     dx -0.0065162-0.0008115-0.0012401-0.0065162-0.0008115 0.0012401
           dy -0.0014546 0.0011640 0.0009138-0.0014546 0.0011640-0.0009138
           dz -0.0040082-0.0009224-0.0007412 0.0040082 0.0009224-0.0007412
   8 h     dx -0.0002769 0.0003426 0.0001605-0.0002769 0.0003426-0.0001605
           dy  0.0000357 0.0001054 0.0001818 0.0000357 0.0001054-0.0001818
           dz -0.0009179-0.0001376 0.0001900 0.0009179 0.0001376 0.0001900
   9 h     dx -0.0000027 0.0000009 0.0000000 0.0000118 0.0000043 0.0000032
           dy  0.0000009-0.0000122-0.0000033 0.0000043-0.0000134 0.0000025
           dz -0.0000000 0.0000033 0.0000004 0.0000032 0.0000025-0.0000033
  10 o     dx -0.0009583-0.0000319 0.0000355-0.0009583-0.0000319-0.0000355
           dy -0.0005901-0.0000772 0.0000750-0.0005901-0.0000772-0.0000750
           dz  0.0001339 0.0000525 0.0000335-0.0001339-0.0000525 0.0000335
  11 c     dx -0.0000671 0.0000450 0.0000019-0.0000671 0.0000450-0.0000019
           dy  0.0007259 0.0000569-0.0001467 0.0007259 0.0000569 0.0001467
           dz -0.0000027-0.0000026-0.0000054 0.0000027 0.0000026-0.0000054
  12 c     dx -0.0000058-0.0000116-0.0000023-0.0000058-0.0000116 0.0000023
           dy -0.0000906 0.0000059 0.0000125-0.0000906 0.0000059-0.0000125
           dz -0.0000352-0.0000044-0.0000064 0.0000352 0.0000044-0.0000064
  13 h     dx  0.0000118 0.0000043-0.0000032-0.0000027 0.0000009-0.0000000
           dy  0.0000043-0.0000134-0.0000025 0.0000009-0.0000122 0.0000033
           dz -0.0000032-0.0000025-0.0000033 0.0000000-0.0000033 0.0000004
  14 h     dx  0.0013606 0.0001227-0.0000585 0.0013606 0.0001227 0.0000585
           dy  0.0003437 0.0000700-0.0000111 0.0003437 0.0000700 0.0000111
           dz -0.0004356-0.0001038-0.0001107 0.0004356 0.0001038-0.0001107
  15 h     dx -0.0000277-0.0000082 0.0000046-0.0000277-0.0000082-0.0000046
           dy -0.0000179 0.0000124 0.0000041-0.0000179 0.0000124-0.0000041
           dz  0.0000006 0.0000006-0.0000009-0.0000006-0.0000006-0.0000009
  16 o     dx  0.0003600-0.0000182-0.0000856 0.0003600-0.0000182 0.0000856
           dy -0.0002662 0.0000032 0.0000613-0.0002662 0.0000032-0.0000613
           dz  0.0001189 0.0000191-0.0000056-0.0001189-0.0000191-0.0000056

   ATOM              5 h                           6 o 
                  dx        dy        dz        dx        dy        dz
   5 h     dx  0.0533633
           dy  0.0251176 0.3492180
           dz  0.0000000 0.0000000 0.0468213
   6 o     dx -0.0094508-0.0030870 0.0000000 0.4894185
           dy -0.0037889 0.0003093 0.0000000 0.0869099 0.4914131
           dz  0.0000000 0.0000000 0.0015115 0.0000000 0.0000000 0.0485037
   7 o     dx  0.0030459 0.0010929 0.0000000 0.0305925 0.0463670 0.0000000
           dy  0.0018844 0.0024071 0.0000000 0.0441791-0.0891192 0.0000000
           dz  0.0000000 0.0000000-0.0006163 0.0000000 0.0000000 0.0306226
   8 h     dx  0.0015647 0.0009993 0.0000000-0.3116282-0.0425806 0.0000000
           dy -0.0011645 0.0000581 0.0000000-0.0191677-0.0554370 0.0000000
           dz  0.0000000 0.0000000 0.0009303 0.0000000 0.0000000-0.0301722
   9 h     dx -0.0000277-0.0000179-0.0000006-0.0009583-0.0005901-0.0001339
           dy -0.0000082 0.0000124-0.0000006-0.0000319-0.0000772-0.0000525
           dz -0.0000046-0.0000041-0.0000009-0.0000355-0.0000750 0.0000335
  10 o     dx  0.0004964 0.0002197 0.0000000 0.0046963 0.0111153 0.0000000
           dy  0.0005547 0.0003112 0.0000000 0.0111153 0.0137772 0.0000000
           dz  0.0000000 0.0000000-0.0000424 0.0000000 0.0000000 0.0011278
  11 c     dx  0.0002671 0.0002340 0.0000000 0.0069570 0.0046254 0.0000000
           dy -0.0009423-0.0005918 0.0000000-0.0263009-0.0238024 0.0000000
           dz  0.0000000 0.0000000-0.0000071 0.0000000 0.0000000-0.0001403
  12 c     dx -0.0000636-0.0000488 0.0000000-0.0021973-0.0011919 0.0000000
           dy  0.0000933 0.0000492 0.0000000 0.0030713 0.0023955 0.0000000
           dz  0.0000000 0.0000000 0.0000196 0.0000000 0.0000000-0.0009648
  13 h     dx -0.0000277-0.0000179 0.0000006-0.0009583-0.0005901 0.0001339
           dy -0.0000082 0.0000124 0.0000006-0.0000319-0.0000772 0.0000525
           dz  0.0000046 0.0000041-0.0000009 0.0000355 0.0000750 0.0000335
  14 h     dx -0.0006961-0.0003242 0.0000000-0.0067922-0.0190809 0.0000000
           dy -0.0002228-0.0000565 0.0000000-0.0019066-0.0055961 0.0000000
           dz  0.0000000 0.0000000 0.0000098 0.0000000 0.0000000-0.0014573
  15 h     dx  0.0000223 0.0000123 0.0000000 0.0004964 0.0005547 0.0000000
           dy  0.0000123 0.0000044 0.0000000 0.0002197 0.0003112 0.0000000
           dz  0.0000000 0.0000000 0.0000035 0.0000000 0.0000000-0.0000424
  16 o     dx -0.0011795-0.0007406 0.0000000-0.0466841-0.0264964 0.0000000
           dy  0.0003352 0.0001532 0.0000000 0.0039272 0.0134461 0.0000000
           dz  0.0000000 0.0000000-0.0000349 0.0000000 0.0000000 0.0072099

   ATOM              7 o                           8 h 
                  dx        dy        dz        dx        dy        dz
   7 o     dx  0.4691207
           dy -0.3012991 0.4016683
           dz  0.0000000 0.0000000 0.0359921
   8 h     dx -0.0173928 0.0165038 0.0000000 0.2985103
           dy -0.0000522 0.0079547 0.0000000 0.0599740 0.0895672
           dz  0.0000000 0.0000000-0.0058368 0.0000000 0.0000000 0.0386088
   9 h     dx  0.0003600-0.0002662-0.0001189 0.0013606 0.0003437 0.0004356
           dy -0.0000182 0.0000032-0.0000191 0.0001227 0.0000700 0.0001038
           dz  0.0000856-0.0000613-0.0000056 0.0000585 0.0000111-0.0001107
  10 o     dx -0.0466841 0.0039272 0.0000000-0.0067922-0.0019066 0.0000000
           dy -0.0264964 0.0134461 0.0000000-0.0190809-0.0055961 0.0000000
           dz  0.0000000 0.0000000 0.0072099 0.0000000 0.0000000-0.0014573
  11 c     dx -0.0059983 0.0053429 0.0000000-0.0164930 0.0039423 0.0000000
           dy  0.0307092-0.0111457 0.0000000 0.0384214 0.0109693 0.0000000
           dz  0.0000000 0.0000000-0.0006445 0.0000000 0.0000000 0.0001082
  12 c     dx -0.0000395-0.0004454 0.0000000 0.0037189 0.0007441 0.0000000
           dy -0.0034613 0.0011612 0.0000000-0.0043079-0.0013393 0.0000000
           dz  0.0000000 0.0000000-0.0007422 0.0000000 0.0000000 0.0024728
  13 h     dx  0.0003600-0.0002662 0.0001189 0.0013606 0.0003437-0.0004356
           dy -0.0000182 0.0000032 0.0000191 0.0001227 0.0000700-0.0001038
           dz -0.0000856 0.0000613-0.0000056-0.0000585-0.0000111-0.0001107
  14 h     dx  0.0259432-0.0162236 0.0000000 0.0142339 0.0058223 0.0000000
           dy  0.0008414-0.0181134 0.0000000 0.0058223-0.0001873 0.0000000
           dz  0.0000000 0.0000000-0.0127782 0.0000000 0.0000000 0.0008587
  15 h     dx -0.0011795 0.0003352 0.0000000-0.0006961-0.0002228 0.0000000
           dy -0.0007406 0.0001532 0.0000000-0.0003242-0.0000565 0.0000000
           dz  0.0000000 0.0000000-0.0000349 0.0000000 0.0000000 0.0000098
  16 o     dx  0.0153212-0.0105192 0.0000000 0.0259432 0.0008414 0.0000000
           dy -0.0105192 0.0025319 0.0000000-0.0162236-0.0181134 0.0000000
           dz  0.0000000 0.0000000 0.0017891 0.0000000 0.0000000-0.0127782

   ATOM              9 h                          10 o 
                  dx        dy        dz        dx        dy        dz
   9 h     dx  0.1065238
           dy -0.0492967 0.0885611
           dz  0.1065943-0.0921868 0.2356009
  10 o     dx  0.0015434-0.0010793 0.0002957 0.4894185
           dy -0.0003124-0.0012255-0.0004525 0.0869099 0.4914131
           dz  0.0024752 0.0010524 0.0005402 0.0000000 0.0000000 0.0485037
  11 c     dx -0.0138698-0.0002809 0.0010258-0.1458424-0.0414386 0.0000000
           dy  0.0156368 0.0023280 0.0004590-0.0503348-0.3225818 0.0000000
           dz -0.0308818-0.0101110 0.0007919 0.0000000 0.0000000-0.0687420
  12 c     dx -0.0967482 0.0426088-0.0983119-0.0107358-0.0131899 0.0000000
           dy  0.0428112-0.0864857 0.0837128-0.0464029-0.0225104 0.0000000
           dz -0.0999951 0.0844648-0.2162279 0.0000000 0.0000000 0.0113962
  13 h     dx  0.0075574-0.0063618-0.0127368 0.0015434-0.0003124-0.0024752
           dy -0.0063618 0.0044853 0.0105310-0.0010793-0.0012255-0.0010524
           dz  0.0127368-0.0105310-0.0215040-0.0002957 0.0004525 0.0005402
  14 h     dx -0.0002769 0.0003426-0.0001605-0.3116282-0.0425806 0.0000000
           dy  0.0000357 0.0001054-0.0001818-0.0191677-0.0554370 0.0000000
           dz  0.0009179 0.0001376 0.0001900 0.0000000 0.0000000-0.0301722
  15 h     dx  0.0011156 0.0147759 0.0019458-0.0094508-0.0037889 0.0000000
           dy -0.0011681-0.0089781-0.0009787-0.0030870 0.0003093 0.0000000
           dz  0.0039210 0.0262138 0.0014484 0.0000000 0.0000000 0.0015115
  16 o     dx -0.0065162-0.0008115 0.0012401 0.0305925 0.0463670 0.0000000
           dy -0.0014546 0.0011640-0.0009138 0.0441791-0.0891192 0.0000000
           dz  0.0040082 0.0009224-0.0007412 0.0000000 0.0000000 0.0306226

   ATOM             11 c                          12 c 
                  dx        dy        dz        dx        dy        dz
  11 c     dx  0.7916846
           dy -0.1280495 0.7525865
           dz  0.0000000 0.0000000 0.2365555
  12 c     dx -0.1849049-0.0391222 0.0000000 0.4764953
           dy -0.0392401-0.0900385 0.0000000-0.0178446 0.6090822
           dz  0.0000000 0.0000000-0.0914034 0.0000000 0.0000000 0.5311497
  13 h     dx -0.0138698 0.0156368 0.0308818-0.0967482 0.0428112 0.0999951
           dy -0.0002809 0.0023280 0.0101110 0.0426088-0.0864857-0.0844648
           dz -0.0010258-0.0004590 0.0007919 0.0983119-0.0837128-0.2162279
  14 h     dx  0.0042548-0.0441461 0.0000000 0.0026091 0.0040121 0.0000000
           dy -0.0505225-0.0236741 0.0000000 0.0009533-0.0044962 0.0000000
           dz  0.0000000 0.0000000 0.0023247 0.0000000 0.0000000 0.0047725
  15 h     dx  0.0010306-0.0348353 0.0000000-0.0505761-0.0165793 0.0000000
           dy  0.0033830-0.0099875 0.0000000-0.0244860-0.3239434 0.0000000
           dz  0.0000000 0.0000000-0.0030407 0.0000000 0.0000000-0.0484497
  16 o     dx -0.4194829 0.2304639 0.0000000-0.0409340 0.0347539 0.0000000
           dy  0.2514241-0.3188966 0.0000000 0.0083322 0.0056180 0.0000000
           dz  0.0000000 0.0000000-0.0773518 0.0000000 0.0000000 0.0238845

   ATOM             13 h                          14 h 
                  dx        dy        dz        dx        dy        dz
  13 h     dx  0.1065238
           dy -0.0492967 0.0885611
           dz -0.1065943 0.0921868 0.2356009
  14 h     dx -0.0002769 0.0003426 0.0001605 0.2985103
           dy  0.0000357 0.0001054 0.0001818 0.0599740 0.0895672
           dz -0.0009179-0.0001376 0.0001900 0.0000000 0.0000000 0.0386088
  15 h     dx  0.0011156 0.0147759-0.0019458 0.0015647-0.0011645 0.0000000
           dy -0.0011681-0.0089781 0.0009787 0.0009993 0.0000581 0.0000000
           dz -0.0039210-0.0262138 0.0014484 0.0000000 0.0000000 0.0009303
  16 o     dx -0.0065162-0.0008115-0.0012401-0.0173928-0.0000522 0.0000000
           dy -0.0014546 0.0011640 0.0009138 0.0165038 0.0079547 0.0000000
           dz -0.0040082-0.0009224-0.0007412 0.0000000 0.0000000-0.0058368

   ATOM             15 h                          16 o 
                  dx        dy        dz        dx        dy        dz
  15 h     dx  0.0533633
           dy  0.0251176 0.3492180
           dz  0.0000000 0.0000000 0.0468213
  16 o     dx  0.0030459 0.0010929 0.0000000 0.4691207
           dy  0.0018844 0.0024071 0.0000000-0.3012991 0.4016683
           dz  0.0000000 0.0000000-0.0006163 0.0000000 0.0000000 0.0359921
 

   *** projected hessian written onto $hessian (projected), file=<hessian> ***

 dipole moment in principle axis system (a.u.) :
     0.0000000000     0.0000000000     0.0000000000
 norm :  3.000000000000000E-014

 rotational constants b for rotations around axis of inertia
 and optical intensities for (1 <-- 0) transition

   b   :     0.1879991827     0.0297514041     0.0259328172   (cm**(-1))
   b   :        5636.0737         891.9247         777.4463     (MHz)
  int. :     0.0000000000     0.0000000000     0.0000000000     (a.u.)

   x   :     0.9670364521    -0.2546379788     0.0000000000
   y   :     0.2546379788     0.9670364521     0.0000000000
   z   :     0.0000000000     0.0000000000     1.0000000000

   ***  normal modes written onto $vibrational normal modes, file=<control>  ***

 keyword $vibrational reduced masses missing in file <control>


   ***  vibrational spectroscopic data written onto$vibrational spectrum   
        file=<control>  ***

          ---------------------------------------------------
          NORMAL MODES and VIBRATIONAL FREQUENCIES (cm**(-1))
          ---------------------------------------------------

 imaginary wave numbers indicate a negative curvature of the energy surface.
 zero frequency modes have no physical meaning except being generators of
 translations and rotations. each vibrational normal mode - given in terms of
 cartesian displacement vectors of all atoms - has been normalized to unity.
 to obtain mass-weigthed normal coordinates in a.u. divide the tabulated
 modes by sqrt(reduced mass * 1822.88853).
 band intensities or cross sections refer to independent non-degenerate normal
 modes, that is, the intensities of degenerate modes have yet to be added.
 dDIP/dQ is the normal mode derivative of the dipole moment.


       mode               1        2        3        4        5        6

     frequency           0.00     0.00     0.00     0.00     0.00     0.00

     symmetry                                                             

        IR                -        -        -        -        -        - 
|dDIP/dQ|   (a.u.)     0.0000   0.0000   0.0000   0.0000   0.0000   0.0000
intensity (km/mol)       0.00     0.00     0.00     0.00     0.00     0.00
intensity (  %   )       0.00     0.00     0.00     0.00     0.00     0.00
 
       RAMAN              -        -        -        -        -        - 
 
  1   c           x   0.01160  0.19722 -0.11875  0.05613  0.02933  0.05294
                  y   0.01987 -0.19231  0.12521  0.29947 -0.01148  0.09064
                  z  -0.07523  0.03575 -0.04466  0.16937  0.03215 -0.33752
  2   c           x   0.01295  0.17943 -0.10046  0.07627  0.04909  0.05907
                  y   0.01492 -0.12675  0.05782  0.22522 -0.08432  0.06805
                  z  -0.10730 -0.01011 -0.08201  0.11518  0.03958 -0.21922
  3   h           x  -0.01461  0.22598 -0.04513  0.10796  0.03491  0.00006
                  y   0.19514 -0.28804  0.03228  0.33411  0.05386  0.05286
                  z  -0.17367  0.09758  0.04090  0.18178  0.00403 -0.34900
  4   h           x   0.04069  0.13044 -0.15328  0.04735  0.06599  0.11892
                  y  -0.15205 -0.14102  0.26383  0.31516 -0.02746  0.14373
                  z  -0.17367  0.09758  0.04090  0.18178  0.00403 -0.34900
  5   h           x   0.00791  0.24617 -0.16907  0.00069 -0.02506  0.03608
                  y   0.02018 -0.19648  0.12950  0.30419 -0.00685  0.09208
                  z   0.13556 -0.04973 -0.18150  0.18422  0.08057 -0.39968
  6   o           x   0.01740  0.12043 -0.03981  0.14309  0.11464  0.07940
                  y   0.01427 -0.11821  0.04904  0.21555 -0.09381  0.06511
                  z  -0.35890  0.08869  0.07814  0.09461 -0.01740 -0.13905
  7   o           x   0.01013  0.21675 -0.13883  0.03400  0.00763  0.04621
                  y   0.01180 -0.08555  0.01546  0.17856 -0.13010  0.05386
                  z   0.08428 -0.12860 -0.24669  0.09268  0.09383 -0.20029
  8   h           x   0.01813  0.11082 -0.02994  0.15397  0.12531  0.08271
                  y   0.01090 -0.07352  0.00310  0.16494 -0.14345  0.04971
                  z  -0.36977  0.05277  0.04535  0.05827 -0.00977 -0.06129
  9   h           x  -0.01111  0.17956  0.00258  0.16052  0.08648  0.01605
                  y   0.16939  0.05293 -0.31823 -0.05204 -0.32495 -0.06462
                  z  -0.13918 -0.22618 -0.28760 -0.08910  0.08980  0.21358
 10   o           x   0.01218  0.18957 -0.11089  0.06479  0.03783  0.05558
                  y   0.00307  0.03012 -0.10344  0.04757 -0.25860  0.01401
                  z   0.04605 -0.21729 -0.32483 -0.00194  0.11124  0.00362
 11   c           x   0.01664  0.13057 -0.05024  0.13160  0.10337  0.07590
                  y   0.00242  0.03866 -0.11222  0.03790 -0.26808  0.01106
                  z  -0.20555 -0.11849 -0.16469 -0.02250  0.05426  0.08380
 12   c           x   0.01798  0.11278 -0.03195  0.15175  0.12314  0.08203
                  y  -0.00253  0.10422 -0.17961 -0.03635 -0.34092 -0.01153
                  z  -0.23763 -0.16435 -0.20204 -0.07670  0.06168  0.20210
 13   h           x   0.04420  0.08403 -0.10557  0.09992  0.11755  0.13491
                  y  -0.17780  0.19995 -0.08668 -0.07099 -0.40626  0.02625
                  z  -0.13918 -0.22618 -0.28760 -0.08910  0.08980  0.21358
 14   h           x   0.01146  0.19918 -0.12077  0.05391  0.02715  0.05227
                  y   0.00644 -0.01457 -0.05750  0.09818 -0.20895  0.02940
                  z   0.05692 -0.18137 -0.29204  0.03440  0.10360 -0.07414
 15   h           x   0.02168  0.06383  0.01837  0.20719  0.17752  0.09890
                  y  -0.00284  0.10839 -0.18390 -0.04107 -0.34555 -0.01296
                  z  -0.44841 -0.07887 -0.06519 -0.09154  0.01327  0.26426
 16   o           x   0.01945  0.09325 -0.01187  0.17387  0.14484  0.08876
                  y   0.00554 -0.00254 -0.06986  0.08456 -0.22231  0.02526
                  z  -0.39713  0.00000  0.00000  0.00000  0.00000  0.06486

reduced mass(g/mol)     6.753    6.302    6.218    6.077    6.565    5.033


       mode               7        8        9       10       11       12

     frequency          27.53    36.07    67.36    78.43   127.15   164.29

     symmetry            au       bg       au       au       bg       ag  

        IR               YES      NO       YES      YES      NO       NO 
|dDIP/dQ|   (a.u.)     0.0014   0.0000   0.0010   0.0001   0.0000   0.0000
intensity (km/mol)       3.37     0.00     1.90     0.04     0.00     0.00
intensity (  %   )       0.09     0.00     0.05     0.00     0.00     0.00
 
       RAMAN             NO       YES      NO       NO       YES      YES
 
  1   c           x   0.00000 -0.00000 -0.00000 -0.00000  0.00000 -0.03631
                  y   0.00000 -0.00000 -0.00000 -0.00000  0.00000 -0.13093
                  z   0.08053 -0.02343  0.16416  0.16420  0.17583  0.00000
  2   c           x   0.00000 -0.00000 -0.00000 -0.00000  0.00000 -0.10141
                  y   0.00000 -0.00000 -0.00000 -0.00000 -0.00000  0.11836
                  z  -0.01356  0.02285 -0.00494  0.00403 -0.09408  0.00000
  3   h           x   0.16283 -0.14394 -0.00037  0.03817  0.10067 -0.11691
                  y  -0.29732  0.32262  0.29633  0.22219  0.23869 -0.22667
                  z   0.31640 -0.26124  0.01933  0.07908  0.11646  0.00096
  4   h           x  -0.16283  0.14394  0.00037 -0.03817 -0.10067 -0.11691
                  y   0.29732 -0.32262 -0.29633 -0.22219 -0.23869 -0.22667
                  z   0.31640 -0.26124  0.01933  0.07908  0.11646 -0.00096
  5   h           x  -0.00000 -0.00000 -0.00000 -0.00000 -0.00000  0.17038
                  y   0.00000 -0.00000 -0.00000 -0.00000  0.00000 -0.14854
                  z  -0.24187  0.32810  0.49972  0.43875  0.46337  0.00000
  6   o           x   0.00000 -0.00000 -0.00000 -0.00000  0.00000 -0.27793
                  y   0.00000 -0.00000 -0.00000 -0.00000 -0.00000  0.15863
                  z  -0.02578  0.06002  0.04287 -0.31058 -0.15832 -0.00000
  7   o           x  -0.00000 -0.00000 -0.00000 -0.00000  0.00000  0.02933
                  y   0.00000 -0.00000 -0.00000 -0.00000 -0.00000  0.27472
                  z  -0.04632 -0.00371 -0.19040  0.15994 -0.22326  0.00000
  8   h           x   0.00000 -0.00000 -0.00000 -0.00000  0.00000 -0.29082
                  y   0.00000 -0.00000 -0.00000 -0.00000 -0.00000  0.11287
                  z  -0.04447  0.03954 -0.09407 -0.21054 -0.09629 -0.00000
  9   h           x  -0.16283 -0.14394  0.00037 -0.03817  0.10067  0.11691
                  y   0.29732  0.32262 -0.29633 -0.22219  0.23869  0.22667
                  z   0.31640  0.26124  0.01933  0.07908 -0.11646  0.00096
 10   o           x   0.00000 -0.00000 -0.00000 -0.00000 -0.00000  0.27793
                  y   0.00000  0.00000 -0.00000  0.00000 -0.00000 -0.15863
                  z  -0.02578 -0.06002  0.04287 -0.31058  0.15832  0.00000
 11   c           x   0.00000 -0.00000 -0.00000 -0.00000 -0.00000  0.10141
                  y   0.00000  0.00000 -0.00000  0.00000 -0.00000 -0.11836
                  z  -0.01356 -0.02285 -0.00494  0.00403  0.09408 -0.00000
 12   c           x   0.00000 -0.00000 -0.00000 -0.00000  0.00000  0.03631
                  y   0.00000  0.00000 -0.00000  0.00000 -0.00000  0.13093
                  z   0.08053  0.02343  0.16416  0.16420 -0.17583 -0.00000
 13   h           x   0.16283  0.14394 -0.00037  0.03817 -0.10067  0.11691
                  y  -0.29732 -0.32262  0.29633  0.22219 -0.23869  0.22667
                  z   0.31640  0.26124  0.01933  0.07908 -0.11646 -0.00096
 14   h           x   0.00000 -0.00000 -0.00000 -0.00000 -0.00000  0.29082
                  y   0.00000  0.00000 -0.00000  0.00000 -0.00000 -0.11287
                  z  -0.04447 -0.03954 -0.09407 -0.21054  0.09629  0.00000
 15   h           x   0.00000 -0.00000 -0.00000 -0.00000  0.00000 -0.17038
                  y   0.00000  0.00000 -0.00000  0.00000 -0.00000  0.14854
                  z  -0.24187 -0.32810  0.49972  0.43875 -0.46337 -0.00000
 16   o           x   0.00000 -0.00000 -0.00000 -0.00000  0.00000 -0.02933
                  y   0.00000  0.00000 -0.00000  0.00000  0.00000 -0.27472
                  z  -0.04632  0.00371 -0.19040  0.15994  0.22326 -0.00000

reduced mass(g/mol)     1.239    1.140    2.744    5.261    4.129    7.308


       mode              13       14       15       16       17       18

     frequency         189.88   193.49   431.22   483.32   592.95   601.25

     symmetry            bu       ag       ag       bu       au       bg  

        IR               YES      NO       NO       YES      YES      NO 
|dDIP/dQ|   (a.u.)     0.0044   0.0000   0.0000   0.0061   0.0006   0.0000
intensity (km/mol)      33.68     0.00     0.00    66.78     0.65     0.00
intensity (  %   )       0.89     0.00     0.00     1.77     0.02     0.00
 
       RAMAN             NO       YES      YES      NO       NO       YES
 
  1   c           x   0.06782  0.25621 -0.00444 -0.00051  0.00000 -0.00000
                  y  -0.21975  0.01492  0.13430  0.09767 -0.00000  0.00000
                  z  -0.00000  0.00000  0.00000  0.00000 -0.01583  0.02035
  2   c           x  -0.00512  0.20879  0.05058  0.04272 -0.00000  0.00000
                  y   0.03195  0.12999 -0.09256 -0.10893  0.00000 -0.00000
                  z  -0.00000  0.00000 -0.00000 -0.00000 -0.22183  0.22811
  3   h           x  -0.02034  0.22082  0.13369  0.14225  0.37180 -0.38351
                  y  -0.32620 -0.02538  0.31309  0.28376  0.13676 -0.13665
                  z   0.00156 -0.00046 -0.00809 -0.00913  0.13318 -0.13558
  4   h           x  -0.02034  0.22082  0.13369  0.14225 -0.37180  0.38351
                  y  -0.32620 -0.02538  0.31309  0.28376 -0.13676  0.13665
                  z  -0.00156  0.00046  0.00809  0.00913  0.13318 -0.13558
  5   h           x   0.29845  0.34741 -0.36362 -0.36546  0.00000 -0.00000
                  y  -0.23929  0.00730  0.16635  0.13075 -0.00000 -0.00000
                  z  -0.00000  0.00000 -0.00000  0.00000  0.24047 -0.24066
  6   o           x  -0.13346  0.15518 -0.13878 -0.17720 -0.00000  0.00000
                  y   0.05693  0.10654 -0.06451 -0.07247  0.00000 -0.00000
                  z   0.00000  0.00000  0.00000 -0.00000  0.06393 -0.07547
  7   o           x   0.07995  0.22421  0.14952  0.16486 -0.00000  0.00000
                  y   0.13202  0.12392  0.01922  0.03115 -0.00000  0.00000
                  z  -0.00000 -0.00000 -0.00000  0.00000  0.07090 -0.08469
  8   h           x  -0.15550  0.19594 -0.17686 -0.22630 -0.00000  0.00000
                  y   0.13050  0.12093  0.03961  0.09176 -0.00000 -0.00000
                  z   0.00000  0.00000  0.00000  0.00000  0.18505 -0.09214
  9   h           x  -0.02034 -0.22082 -0.13369  0.14225 -0.37180 -0.38351
                  y  -0.32620  0.02538 -0.31309  0.28376 -0.13676 -0.13665
                  z  -0.00156 -0.00046 -0.00809  0.00913  0.13318  0.13558
 10   o           x  -0.13346 -0.15518  0.13878 -0.17720  0.00000  0.00000
                  y   0.05693 -0.10654  0.06451 -0.07247  0.00000 -0.00000
                  z  -0.00000 -0.00000 -0.00000  0.00000  0.06393  0.07547
 11   c           x  -0.00512 -0.20879 -0.05058  0.04272 -0.00000 -0.00000
                  y   0.03195 -0.12999  0.09256 -0.10893  0.00000  0.00000
                  z  -0.00000 -0.00000  0.00000 -0.00000 -0.22183 -0.22811
 12   c           x   0.06782 -0.25621  0.00444 -0.00051 -0.00000 -0.00000
                  y  -0.21975 -0.01492 -0.13430  0.09767 -0.00000 -0.00000
                  z  -0.00000  0.00000 -0.00000  0.00000 -0.01583 -0.02035
 13   h           x  -0.02034 -0.22082 -0.13369  0.14225  0.37180  0.38351
                  y  -0.32620  0.02538 -0.31309  0.28376  0.13676  0.13665
                  z   0.00156  0.00046  0.00809 -0.00913  0.13318  0.13558
 14   h           x  -0.15550 -0.19594  0.17686 -0.22630 -0.00000 -0.00000
                  y   0.13050 -0.12093 -0.03961  0.09176  0.00000 -0.00000
                  z  -0.00000 -0.00000 -0.00000  0.00000  0.18505  0.09214
 15   h           x   0.29845 -0.34741  0.36362 -0.36546  0.00000  0.00000
                  y  -0.23929 -0.00730 -0.16635  0.13075  0.00000 -0.00000
                  z  -0.00000 -0.00000  0.00000 -0.00000  0.24047  0.24066
 16   o           x   0.07995 -0.22421 -0.14952  0.16486 -0.00000 -0.00000
                  y   0.13202 -0.12392 -0.01922  0.03115 -0.00000  0.00000
                  z   0.00000  0.00000 -0.00000  0.00000  0.07090  0.08469

reduced mass(g/mol)     3.540    6.819    3.034    3.462    2.370    2.548


       mode              19       20       21       22       23       24

     frequency         621.35   633.88   900.76   906.08  1014.64  1028.61

     symmetry            ag       bu       ag       bu       bg       ag  

        IR               NO       YES      NO       YES      NO       NO 
|dDIP/dQ|   (a.u.)     0.0000   0.0046   0.0000   0.0021   0.0000   0.0000
intensity (km/mol)       0.00    37.61     0.00     7.49     0.00     0.00
intensity (  %   )       0.00     1.00     0.00     0.20     0.00     0.00
 
       RAMAN             YES      NO       YES      NO       YES      YES
 
  1   c           x   0.20879  0.25331 -0.22460  0.21913 -0.00000  0.03450
                  y   0.04281  0.05723 -0.05619  0.06036  0.00000 -0.11640
                  z   0.00000 -0.00000 -0.00000 -0.00000 -0.01508 -0.00000
  2   c           x   0.08065  0.08136  0.14338 -0.14867  0.00000 -0.02204
                  y   0.02548  0.03796  0.00671  0.00638  0.00000 -0.01872
                  z   0.00000  0.00000 -0.00000 -0.00000  0.00297  0.00000
  3   h           x   0.19295  0.24280 -0.26112  0.24871  0.04162  0.22072
                  y   0.02980  0.05253 -0.09708  0.08842  0.00017  0.23816
                  z  -0.00326 -0.00438  0.00260 -0.00065  0.01053 -0.05945
  4   h           x   0.19295  0.24280 -0.26112  0.24871 -0.04162  0.22072
                  y   0.02980  0.05253 -0.09708  0.08842 -0.00017  0.23816
                  z   0.00326  0.00438 -0.00260  0.00065  0.01053  0.05945
  5   h           x   0.26709  0.30670 -0.27493  0.29324  0.00000 -0.50290
                  y   0.04082  0.05650 -0.06103  0.06315  0.00000 -0.06278
                  z  -0.00000  0.00000 -0.00000 -0.00000  0.02290  0.00000
  6   o           x  -0.16946 -0.15807  0.01419  0.00443 -0.00000  0.02629
                  y   0.12319  0.10748  0.17895 -0.21174 -0.00000  0.06088
                  z  -0.00000 -0.00000  0.00000  0.00000  0.03373  0.00000
  7   o           x  -0.12753 -0.13022  0.11707 -0.10874  0.00000 -0.03160
                  y  -0.20060 -0.20535 -0.13197  0.16755 -0.00000  0.01493
                  z  -0.00000 -0.00000  0.00000  0.00000 -0.00859 -0.00000
  8   h           x  -0.24995 -0.20423 -0.01477  0.02536 -0.00000  0.04766
                  y   0.36783  0.25769  0.35734 -0.33388  0.00000 -0.04166
                  z  -0.00000 -0.00000  0.00000 -0.00000 -0.70309 -0.00000
  9   h           x  -0.19295  0.24280  0.26112  0.24871  0.04162 -0.22072
                  y  -0.02980  0.05253  0.09708  0.08842  0.00017 -0.23816
                  z  -0.00326  0.00438  0.00260  0.00065 -0.01053 -0.05945
 10   o           x   0.16946 -0.15807 -0.01419  0.00443  0.00000 -0.02629
                  y  -0.12319  0.10748 -0.17895 -0.21174  0.00000 -0.06088
                  z  -0.00000  0.00000 -0.00000 -0.00000 -0.03373 -0.00000
 11   c           x  -0.08065  0.08136 -0.14338 -0.14867  0.00000  0.02204
                  y  -0.02548  0.03796 -0.00671  0.00638 -0.00000  0.01872
                  z  -0.00000  0.00000  0.00000 -0.00000 -0.00297 -0.00000
 12   c           x  -0.20879  0.25331  0.22460  0.21913 -0.00000 -0.03450
                  y  -0.04281  0.05723  0.05619  0.06036  0.00000  0.11640
                  z   0.00000  0.00000  0.00000  0.00000  0.01508  0.00000
 13   h           x  -0.19295  0.24280  0.26112  0.24871 -0.04162 -0.22072
                  y  -0.02980  0.05253  0.09708  0.08842 -0.00017 -0.23816
                  z   0.00326 -0.00438 -0.00260 -0.00065 -0.01053  0.05945
 14   h           x   0.24995 -0.20423  0.01477  0.02536  0.00000 -0.04766
                  y  -0.36783  0.25769 -0.35734 -0.33388 -0.00000  0.04166
                  z  -0.00000 -0.00000  0.00000 -0.00000  0.70309  0.00000
 15   h           x  -0.26709  0.30670  0.27493  0.29324 -0.00000  0.50290
                  y  -0.04082  0.05650  0.06103  0.06315 -0.00000  0.06278
                  z   0.00000 -0.00000 -0.00000 -0.00000 -0.02290 -0.00000
 16   o           x   0.12753 -0.13022 -0.11707 -0.10874 -0.00000  0.03160
                  y   0.20060 -0.20535  0.13197  0.16755  0.00000 -0.01493
                  z   0.00000  0.00000 -0.00000  0.00000  0.00859  0.00000

reduced mass(g/mol)     5.175    5.538    4.540    5.173    1.049    1.519


       mode              25       26       27       28       29       30

     frequency        1032.26  1050.40  1067.86  1068.26  1319.50  1337.14

     symmetry            bu       au       bg       au       ag       bu  

        IR               YES      YES      NO       YES      NO       YES
|dDIP/dQ|   (a.u.)     0.0041   0.0095   0.0000   0.0013   0.0000   0.0143
intensity (km/mol)      30.20   160.07     0.00     2.90     0.00   365.89
intensity (  %   )       0.80     4.25     0.00     0.08     0.00     9.72
 
       RAMAN             NO       NO       YES      NO       YES      NO 
 
  1   c           x  -0.03695  0.00000 -0.00000 -0.00000 -0.00252 -0.01303
                  y   0.11601  0.00000  0.00000  0.00000  0.05097  0.03694
                  z   0.00000 -0.00065 -0.11825 -0.11892  0.00000  0.00000
  2   c           x   0.02557 -0.00000  0.00000  0.00000 -0.13698 -0.14078
                  y   0.01241  0.00000  0.00000  0.00000 -0.18224 -0.12946
                  z  -0.00000 -0.02877  0.14755  0.14233  0.00000 -0.00000
  3   h           x  -0.22225 -0.01422  0.42349  0.42124  0.15214  0.18668
                  y  -0.23988 -0.00901  0.06073  0.05824 -0.04224 -0.00019
                  z   0.06048 -0.00474  0.10670  0.10605  0.11964  0.11883
  4   h           x  -0.22225  0.01422 -0.42349 -0.42124  0.15214  0.18668
                  y  -0.23988  0.00901 -0.06073 -0.05824 -0.04224 -0.00019
                  z  -0.06048 -0.00474  0.10670  0.10605 -0.11964 -0.11883
  5   h           x   0.49849  0.00000  0.00000  0.00000  0.34872  0.34152
                  y   0.06240  0.00000  0.00000  0.00000  0.02010  0.00811
                  z   0.00000 -0.01473  0.25832  0.25638 -0.00000 -0.00000
  6   o           x  -0.02716  0.00000 -0.00000 -0.00000  0.01689  0.00033
                  y  -0.05587 -0.00000 -0.00000 -0.00000  0.15087  0.12218
                  z  -0.00000  0.04096 -0.02568 -0.01512 -0.00000  0.00000
  7   o           x   0.03572  0.00000  0.00000  0.00000  0.06259  0.06132
                  y  -0.01734 -0.00000 -0.00000 -0.00000 -0.02794 -0.02444
                  z   0.00000  0.02702 -0.02767 -0.02428  0.00000 -0.00000
  8   h           x  -0.05424  0.00000 -0.00000 -0.00000  0.10955  0.13931
                  y   0.04912  0.00000  0.00000  0.00000 -0.45296 -0.45668
                  z   0.00000 -0.70423  0.08522 -0.12203 -0.00000  0.00000
  9   h           x  -0.22225  0.01422  0.42349 -0.42124 -0.15214  0.18668
                  y  -0.23988  0.00901  0.06073 -0.05824  0.04224 -0.00019
                  z  -0.06048 -0.00474 -0.10670  0.10605  0.11964 -0.11883
 10   o           x  -0.02716 -0.00000  0.00000  0.00000 -0.01689  0.00033
                  y  -0.05587  0.00000  0.00000  0.00000 -0.15087  0.12218
                  z  -0.00000  0.04096  0.02568 -0.01512  0.00000  0.00000
 11   c           x   0.02557  0.00000 -0.00000 -0.00000  0.13698 -0.14078
                  y   0.01241 -0.00000 -0.00000 -0.00000  0.18224 -0.12946
                  z  -0.00000 -0.02877 -0.14755  0.14233  0.00000  0.00000
 12   c           x  -0.03695 -0.00000  0.00000 -0.00000  0.00252 -0.01303
                  y   0.11601  0.00000 -0.00000 -0.00000 -0.05097  0.03694
                  z   0.00000 -0.00065  0.11825 -0.11892  0.00000  0.00000
 13   h           x  -0.22225 -0.01422 -0.42349  0.42124 -0.15214  0.18668
                  y  -0.23988 -0.00901 -0.06073  0.05824  0.04224 -0.00019
                  z   0.06048 -0.00474 -0.10670  0.10605 -0.11964  0.11883
 14   h           x  -0.05424 -0.00000  0.00000 -0.00000 -0.10955  0.13931
                  y   0.04912 -0.00000 -0.00000 -0.00000  0.45296 -0.45668
                  z  -0.00000 -0.70423 -0.08522 -0.12203  0.00000 -0.00000
 15   h           x   0.49849  0.00000 -0.00000 -0.00000 -0.34872  0.34152
                  y   0.06240 -0.00000 -0.00000 -0.00000 -0.02010  0.00811
                  z  -0.00000 -0.01473 -0.25832  0.25638  0.00000 -0.00000
 16   o           x   0.03572 -0.00000 -0.00000 -0.00000 -0.06259  0.06132
                  y  -0.01734  0.00000  0.00000  0.00000  0.02794 -0.02444
                  z  -0.00000  0.02702  0.02767 -0.02428 -0.00000 -0.00000

reduced mass(g/mol)     1.515    1.098    1.838    1.790    3.041    2.425


       mode              31       32       33       34       35       36

     frequency        1398.42  1400.10  1467.21  1470.93  1478.92  1487.07

     symmetry            bu       ag       bu       ag       bu       bg  

        IR               YES      NO       YES      NO       YES      NO 
|dDIP/dQ|   (a.u.)     0.0064   0.0000   0.0073   0.0000   0.0065   0.0000
intensity (km/mol)      73.54     0.00    95.37     0.00    75.66     0.00
intensity (  %   )       1.95     0.00     2.53     0.00     2.01     0.00
 
       RAMAN             NO       YES      NO       YES      NO       YES
 
  1   c           x   0.09196 -0.10049 -0.05170 -0.01531  0.01481 -0.00000
                  y   0.02398 -0.02639 -0.04423 -0.04297 -0.02664 -0.00000
                  z  -0.00000  0.00000  0.00000  0.00000  0.00000 -0.03754
  2   c           x  -0.01855  0.01870  0.06129 -0.01322 -0.04626 -0.00000
                  y  -0.00405  0.01946  0.11651  0.05671 -0.04485  0.00000
                  z   0.00000  0.00000  0.00000  0.00000  0.00000 -0.01769
  3   h           x  -0.32863  0.35466  0.01448 -0.11922 -0.18812 -0.14729
                  y  -0.10453  0.12007  0.24425  0.32494  0.27587 -0.30706
                  z  -0.16393  0.17449 -0.09393 -0.22380 -0.24980  0.03942
  4   h           x  -0.32863  0.35466  0.01448 -0.11922 -0.18812  0.14729
                  y  -0.10453  0.12007  0.24425  0.32494  0.27587  0.30706
                  z   0.16393 -0.17449  0.09393  0.22380  0.24980  0.03942
  5   h           x  -0.28918  0.31738  0.23074  0.30630  0.27828  0.00000
                  y   0.05421 -0.05890 -0.05951 -0.05813 -0.03946 -0.00000
                  z  -0.00000 -0.00000 -0.00000 -0.00000 -0.00000  0.51293
  6   o           x  -0.01719  0.00599 -0.04575 -0.01952  0.02120 -0.00000
                  y   0.02446 -0.02311 -0.02265 -0.00402  0.00695 -0.00000
                  z  -0.00000 -0.00000 -0.00000  0.00000 -0.00000  0.00215
  7   o           x   0.01708 -0.00984  0.01683  0.02878  0.01152  0.00000
                  y  -0.00917  0.00899 -0.02572 -0.03576 -0.00166 -0.00000
                  z   0.00000  0.00000  0.00000 -0.00000  0.00000  0.00153
  8   h           x   0.07357 -0.04116  0.08505  0.06369 -0.04655  0.00000
                  y  -0.32521  0.20136 -0.52258 -0.22581  0.25560 -0.00000
                  z  -0.00000 -0.00000 -0.00000 -0.00000 -0.00000  0.01035
  9   h           x  -0.32863 -0.35466  0.01448  0.11922 -0.18812 -0.14729
                  y  -0.10453 -0.12007  0.24425 -0.32494  0.27587 -0.30706
                  z   0.16393  0.17449  0.09393 -0.22380  0.24980 -0.03942
 10   o           x  -0.01719 -0.00599 -0.04575  0.01952  0.02120  0.00000
                  y   0.02446  0.02311 -0.02265  0.00402  0.00695  0.00000
                  z  -0.00000  0.00000 -0.00000 -0.00000 -0.00000 -0.00215
 11   c           x  -0.01855 -0.01870  0.06129  0.01322 -0.04626 -0.00000
                  y  -0.00405 -0.01946  0.11651 -0.05671 -0.04485 -0.00000
                  z  -0.00000 -0.00000  0.00000 -0.00000  0.00000  0.01769
 12   c           x   0.09196  0.10049 -0.05170  0.01531  0.01481  0.00000
                  y   0.02398  0.02639 -0.04423  0.04297 -0.02664  0.00000
                  z  -0.00000  0.00000  0.00000 -0.00000  0.00000  0.03754
 13   h           x  -0.32863 -0.35466  0.01448  0.11922 -0.18812  0.14729
                  y  -0.10453 -0.12007  0.24425 -0.32494  0.27587  0.30706
                  z  -0.16393 -0.17449 -0.09393  0.22380 -0.24980 -0.03942
 14   h           x   0.07357  0.04116  0.08505 -0.06369 -0.04655 -0.00000
                  y  -0.32521 -0.20136 -0.52258  0.22581  0.25560  0.00000
                  z  -0.00000  0.00000 -0.00000  0.00000 -0.00000 -0.01035
 15   h           x  -0.28918 -0.31738  0.23074 -0.30630  0.27828 -0.00000
                  y   0.05421  0.05890 -0.05951  0.05813 -0.03946 -0.00000
                  z   0.00000  0.00000 -0.00000  0.00000 -0.00000 -0.51293
 16   o           x   0.01708  0.00984  0.01683 -0.02878  0.01152 -0.00000
                  y  -0.00917 -0.00899 -0.02572  0.03576 -0.00166  0.00000
                  z   0.00000 -0.00000  0.00000  0.00000 -0.00000 -0.00153

reduced mass(g/mol)     1.253    1.284    1.598    1.203    1.139    1.046


       mode              37       38       39       40       41       42

     frequency        1487.14  1499.24  1685.09  1744.38  2904.83  3035.09

     symmetry            au       ag       ag       bu       ag       bu  

        IR               YES      NO       NO       YES      NO       YES
|dDIP/dQ|   (a.u.)     0.0030   0.0000   0.0000   0.0208   0.0000   0.0460
intensity (km/mol)      16.33     0.00     0.00   768.07     0.00  3763.29
intensity (  %   )       0.43     0.00     0.00    20.41     0.00   100.00
 
       RAMAN             NO       YES      YES      NO       YES      NO 
 
  1   c           x   0.00000  0.01975  0.04736  0.04155 -0.00122  0.00270
                  y  -0.00000 -0.00616  0.00313 -0.01411  0.00442  0.00143
                  z  -0.03740 -0.00000  0.00000  0.00000 -0.00000 -0.00000
  2   c           x  -0.00000 -0.02599 -0.28933 -0.32477  0.00677 -0.00345
                  y   0.00000 -0.11831  0.14917  0.29912 -0.02091  0.00064
                  z  -0.01771 -0.00000  0.00000  0.00000 -0.00000 -0.00000
  3   h           x  -0.14757 -0.14837  0.07233  0.11497  0.00150 -0.00348
                  y  -0.30701  0.14159 -0.06064 -0.04943 -0.00568  0.00690
                  z   0.03937 -0.16200  0.04640  0.06628 -0.01398  0.01185
  4   h           x   0.14757 -0.14837  0.07233  0.11497  0.00150 -0.00348
                  y   0.30701  0.14159 -0.06064 -0.04943 -0.00568  0.00690
                  z   0.03937  0.16200 -0.04640 -0.06628  0.01398 -0.01185
  5   h           x  -0.00000  0.18064 -0.16186 -0.22990  0.00847  0.00048
                  y   0.00000 -0.01656  0.03111  0.02735 -0.00653 -0.02361
                  z   0.51276  0.00000 -0.00000 -0.00000  0.00000  0.00000
  6   o           x   0.00000  0.04445  0.02330  0.02709 -0.04610 -0.04362
                  y  -0.00000  0.00995 -0.02967 -0.06474 -0.00508 -0.01129
                  z   0.00196  0.00000 -0.00000 -0.00000  0.00000  0.00000
  7   o           x   0.00000 -0.01671  0.13779  0.19286 -0.00917  0.00163
                  y  -0.00000  0.04775 -0.10439 -0.16707  0.00768 -0.00086
                  z   0.00126 -0.00000 -0.00000 -0.00000  0.00000  0.00000
  8   h           x   0.00000 -0.13975  0.02575 -0.11631  0.68475  0.68212
                  y   0.00000  0.53965  0.55725  0.35476  0.16657  0.17806
                  z   0.01417 -0.00000  0.00000 -0.00000 -0.00000  0.00000
  9   h           x   0.14757  0.14837 -0.07233  0.11497 -0.00150 -0.00348
                  y   0.30701 -0.14159  0.06064 -0.04943  0.00568  0.00690
                  z   0.03937 -0.16200  0.04640 -0.06628 -0.01398 -0.01185
 10   o           x  -0.00000 -0.04445 -0.02330  0.02709  0.04610 -0.04362
                  y   0.00000 -0.00995  0.02967 -0.06474  0.00508 -0.01129
                  z   0.00196 -0.00000 -0.00000 -0.00000  0.00000 -0.00000
 11   c           x   0.00000  0.02599  0.28933 -0.32477 -0.00677 -0.00345
                  y  -0.00000  0.11831 -0.14917  0.29912  0.02091  0.00064
                  z  -0.01771  0.00000  0.00000  0.00000  0.00000 -0.00000
 12   c           x  -0.00000 -0.01975 -0.04736  0.04155  0.00122  0.00270
                  y  -0.00000  0.00616 -0.00313 -0.01411 -0.00442  0.00143
                  z  -0.03740 -0.00000  0.00000 -0.00000  0.00000 -0.00000
 13   h           x  -0.14757  0.14837 -0.07233  0.11497 -0.00150 -0.00348
                  y  -0.30701 -0.14159  0.06064 -0.04943  0.00568  0.00690
                  z   0.03937  0.16200 -0.04640  0.06628  0.01398  0.01185
 14   h           x  -0.00000  0.13975 -0.02575 -0.11631 -0.68475  0.68212
                  y  -0.00000 -0.53965 -0.55725  0.35476 -0.16657  0.17806
                  z   0.01417  0.00000  0.00000 -0.00000  0.00000  0.00000
 15   h           x   0.00000 -0.18064  0.16186 -0.22990 -0.00847  0.00048
                  y  -0.00000  0.01656 -0.03111  0.02735  0.00653 -0.02361
                  z   0.51276  0.00000 -0.00000  0.00000 -0.00000  0.00000
 16   o           x  -0.00000  0.01671 -0.13779  0.19286  0.00917  0.00163
                  y   0.00000 -0.04775  0.10439 -0.16707 -0.00768 -0.00086
                  z   0.00126  0.00000 -0.00000 -0.00000 -0.00000  0.00000

reduced mass(g/mol)     1.046    1.479    4.328    7.440    1.088    1.069


       mode              43       44       45       46       47       48

     frequency        3052.10  3052.33  3112.82  3112.84  3166.93  3166.95

     symmetry            bu       ag       bg       au       ag       bu  

        IR               YES      NO       NO       YES      NO       YES
|dDIP/dQ|   (a.u.)     0.0008   0.0000   0.0000   0.0023   0.0000   0.0025
intensity (km/mol)       1.12     0.00     0.00     9.03     0.00    11.20
intensity (  %   )       0.03     0.00     0.00     0.24     0.00     0.30
 
       RAMAN             NO       YES      YES      NO       YES      NO 
 
  1   c           x  -0.03577  0.03581  0.00000  0.00000  0.00900  0.00900
                  y   0.00473 -0.00459  0.00000  0.00000 -0.06477 -0.06479
                  z  -0.00000  0.00000 -0.06441 -0.06441 -0.00000 -0.00000
  2   c           x   0.00062 -0.00063 -0.00000 -0.00000  0.00154  0.00149
                  y   0.00101 -0.00128  0.00000 -0.00000 -0.00182 -0.00171
                  z   0.00000 -0.00000 -0.00087 -0.00087 -0.00000 -0.00000
  3   h           x   0.19883 -0.19878 -0.22934 -0.22935 -0.08680 -0.08667
                  y  -0.17394  0.17403  0.19700  0.19700  0.06592  0.06591
                  z  -0.37187  0.37177  0.39552  0.39551  0.16230  0.16222
  4   h           x   0.19883 -0.19878  0.22934  0.22935 -0.08680 -0.08667
                  y  -0.17394  0.17403 -0.19700 -0.19700  0.06592  0.06591
                  z   0.37187 -0.37177  0.39552  0.39551 -0.16230 -0.16222
  5   h           x   0.01868 -0.01855 -0.00000 -0.00000  0.05479  0.05477
                  y   0.28539 -0.28649 -0.00000 -0.00000  0.64499  0.64511
                  z  -0.00000  0.00000 -0.01319 -0.01320  0.00000 -0.00000
  6   o           x  -0.00169 -0.00098  0.00000  0.00000 -0.00094 -0.00081
                  y  -0.00044 -0.00015  0.00000  0.00000  0.00016  0.00015
                  z  -0.00000 -0.00000  0.00007  0.00008  0.00000  0.00000
  7   o           x   0.00018 -0.00029 -0.00000  0.00000 -0.00047 -0.00048
                  y  -0.00031  0.00039  0.00000  0.00000  0.00064  0.00056
                  z   0.00000 -0.00000 -0.00010 -0.00010  0.00000  0.00000
  8   h           x   0.02649  0.01486 -0.00000 -0.00000  0.01570  0.01391
                  y   0.00608  0.00453 -0.00000 -0.00000  0.00411  0.00409
                  z   0.00000  0.00000  0.00085  0.00032  0.00000 -0.00000
  9   h           x   0.19883  0.19878 -0.22934  0.22935  0.08680 -0.08667
                  y  -0.17394 -0.17403  0.19700 -0.19700 -0.06592  0.06591
                  z   0.37187  0.37177 -0.39552  0.39551  0.16230 -0.16222
 10   o           x  -0.00169  0.00098  0.00000  0.00000  0.00094 -0.00081
                  y  -0.00044  0.00015  0.00000  0.00000 -0.00016  0.00015
                  z  -0.00000  0.00000 -0.00007  0.00008 -0.00000  0.00000
 11   c           x   0.00062  0.00063  0.00000 -0.00000 -0.00154  0.00149
                  y   0.00101  0.00128 -0.00000  0.00000  0.00182 -0.00171
                  z   0.00000 -0.00000  0.00087 -0.00087 -0.00000  0.00000
 12   c           x  -0.03577 -0.03581 -0.00000  0.00000 -0.00900  0.00900
                  y   0.00473  0.00459 -0.00000  0.00000  0.06477 -0.06479
                  z  -0.00000 -0.00000  0.06441 -0.06441  0.00000 -0.00000
 13   h           x   0.19883  0.19878  0.22934 -0.22935  0.08680 -0.08667
                  y  -0.17394 -0.17403 -0.19700  0.19700 -0.06592  0.06591
                  z  -0.37187 -0.37177 -0.39552  0.39551 -0.16230  0.16222
 14   h           x   0.02649 -0.01486 -0.00000 -0.00000 -0.01570  0.01391
                  y   0.00608 -0.00453 -0.00000 -0.00000 -0.00411  0.00409
                  z  -0.00000 -0.00000 -0.00085  0.00032  0.00000 -0.00000
 15   h           x   0.01868  0.01855  0.00000 -0.00000 -0.05479  0.05477
                  y   0.28539  0.28649  0.00000 -0.00000 -0.64499  0.64511
                  z  -0.00000 -0.00000  0.01319 -0.01320  0.00000 -0.00000
 16   o           x   0.00018  0.00029 -0.00000  0.00000  0.00047 -0.00048
                  y  -0.00031 -0.00039 -0.00000  0.00000 -0.00064  0.00056
                  z   0.00000  0.00000  0.00010 -0.00010 -0.00000 -0.00000

reduced mass(g/mol)     1.037    1.037    1.099    1.099    1.102    1.102
 

 <geterg> : there is no data group $energy 


         **************************************************************
         *                                                            *
         *  zero point VIBRATIONAL energy  :      0.1246068  Hartree  *
         *                                                            *
         **************************************************************




 time elapsed for vibrational analysis     0.04 sec


    ------------------------------------------------------------------------
         total  cpu-time :   0.08 seconds
         total wall-time :   0.08 seconds
    ------------------------------------------------------------------------

   ****  force : all done  ****


    2020-04-19 14:26:51.778 

